{"/media/vendeta/exchange-2/x-workflow/~GITHUB_WORK/pocket.js/index.js":{"path":"/media/vendeta/exchange-2/x-workflow/~GITHUB_WORK/pocket.js/index.js","statementMap":{"0":{"start":{"line":9,"column":0},"end":{"line":9,"column":59}},"1":{"start":{"line":14,"column":0},"end":{"line":14,"column":45}},"2":{"start":{"line":15,"column":0},"end":{"line":15,"column":39}}},"fnMap":{},"branchMap":{},"s":{"0":1,"1":1,"2":1},"f":{},"b":{},"_coverageSchema":"1a1c01bbd47fc00a2c39e90264f33305004495a9","hash":"0a4471f208b490ff13d05d1fe713165402d4e006","contentHash":"25fa01f3a96f8647a7e8c65597017abb5f3c14a3beebc70752aba3d594327460"},"/media/vendeta/exchange-2/x-workflow/~GITHUB_WORK/pocket.js/libs/Pocket/PocketExit.module.js":{"path":"/media/vendeta/exchange-2/x-workflow/~GITHUB_WORK/pocket.js/libs/Pocket/PocketExit.module.js","statementMap":{"0":{"start":{"line":5,"column":24},"end":{"line":5,"column":53}},"1":{"start":{"line":20,"column":8},"end":{"line":20,"column":26}},"2":{"start":{"line":24,"column":0},"end":{"line":24,"column":23}}},"fnMap":{"0":{"name":"(anonymous_0)","decl":{"start":{"line":19,"column":4},"end":{"line":19,"column":5}},"loc":{"start":{"line":19,"column":29},"end":{"line":21,"column":5}},"line":19}},"branchMap":{},"s":{"0":1,"1":2,"2":1},"f":{"0":2},"b":{},"_coverageSchema":"1a1c01bbd47fc00a2c39e90264f33305004495a9","hash":"e635ee15e117212ceefdb443187cd2c1e598ab6b","contentHash":"c8a19e1cd4a8c771bb6914563315d8f5fc1ab96cb8c8c147d1c8acfc8577022f"},"/media/vendeta/exchange-2/x-workflow/~GITHUB_WORK/pocket.js/libs/Pocket/Pocket.selectors.js":{"path":"/media/vendeta/exchange-2/x-workflow/~GITHUB_WORK/pocket.js/libs/Pocket/Pocket.selectors.js","statementMap":{"0":{"start":{"line":9,"column":14},"end":{"line":9,"column":39}},"1":{"start":{"line":12,"column":23},"end":{"line":12,"column":58}},"2":{"start":{"line":14,"column":81},"end":{"line":14,"column":106}},"3":{"start":{"line":15,"column":39},"end":{"line":15,"column":58}},"4":{"start":{"line":17,"column":24},"end":{"line":17,"column":53}},"5":{"start":{"line":24,"column":8},"end":{"line":24,"column":26}},"6":{"start":{"line":31,"column":8},"end":{"line":31,"column":45}},"7":{"start":{"line":38,"column":8},"end":{"line":38,"column":60}},"8":{"start":{"line":47,"column":8},"end":{"line":47,"column":43}},"9":{"start":{"line":55,"column":8},"end":{"line":55,"column":55}},"10":{"start":{"line":55,"column":44},"end":{"line":55,"column":55}},"11":{"start":{"line":56,"column":8},"end":{"line":56,"column":59}},"12":{"start":{"line":65,"column":8},"end":{"line":65,"column":45}},"13":{"start":{"line":66,"column":8},"end":{"line":66,"column":52}},"14":{"start":{"line":66,"column":41},"end":{"line":66,"column":52}},"15":{"start":{"line":67,"column":8},"end":{"line":67,"column":20}},"16":{"start":{"line":79,"column":8},"end":{"line":82,"column":9}},"17":{"start":{"line":80,"column":12},"end":{"line":80,"column":82}},"18":{"start":{"line":80,"column":28},"end":{"line":80,"column":82}},"19":{"start":{"line":81,"column":12},"end":{"line":81,"column":23}},"20":{"start":{"line":83,"column":8},"end":{"line":83,"column":36}},"21":{"start":{"line":85,"column":23},"end":{"line":85,"column":35}},"22":{"start":{"line":86,"column":19},"end":{"line":86,"column":23}},"23":{"start":{"line":87,"column":8},"end":{"line":102,"column":9}},"24":{"start":{"line":89,"column":12},"end":{"line":89,"column":44}},"25":{"start":{"line":90,"column":12},"end":{"line":90,"column":37}},"26":{"start":{"line":91,"column":12},"end":{"line":91,"column":34}},"27":{"start":{"line":92,"column":12},"end":{"line":95,"column":13}},"28":{"start":{"line":93,"column":16},"end":{"line":93,"column":82}},"29":{"start":{"line":93,"column":32},"end":{"line":93,"column":82}},"30":{"start":{"line":94,"column":16},"end":{"line":94,"column":27}},"31":{"start":{"line":97,"column":15},"end":{"line":102,"column":9}},"32":{"start":{"line":97,"column":43},"end":{"line":97,"column":66}},"33":{"start":{"line":100,"column":12},"end":{"line":100,"column":80}},"34":{"start":{"line":100,"column":28},"end":{"line":100,"column":80}},"35":{"start":{"line":101,"column":12},"end":{"line":101,"column":23}},"36":{"start":{"line":104,"column":8},"end":{"line":104,"column":50}},"37":{"start":{"line":104,"column":39},"end":{"line":104,"column":50}},"38":{"start":{"line":105,"column":8},"end":{"line":105,"column":58}},"39":{"start":{"line":105,"column":38},"end":{"line":105,"column":58}},"40":{"start":{"line":107,"column":8},"end":{"line":110,"column":9}},"41":{"start":{"line":108,"column":12},"end":{"line":108,"column":80}},"42":{"start":{"line":108,"column":28},"end":{"line":108,"column":80}},"43":{"start":{"line":109,"column":12},"end":{"line":109,"column":23}},"44":{"start":{"line":112,"column":23},"end":{"line":112,"column":42}},"45":{"start":{"line":113,"column":8},"end":{"line":115,"column":24}},"46":{"start":{"line":113,"column":20},"end":{"line":113,"column":33}},"47":{"start":{"line":115,"column":13},"end":{"line":115,"column":24}},"48":{"start":{"line":122,"column":8},"end":{"line":122,"column":34}},"49":{"start":{"line":131,"column":8},"end":{"line":131,"column":50}},"50":{"start":{"line":132,"column":26},"end":{"line":132,"column":51}},"51":{"start":{"line":133,"column":8},"end":{"line":133,"column":50}},"52":{"start":{"line":147,"column":8},"end":{"line":147,"column":50}},"53":{"start":{"line":148,"column":26},"end":{"line":148,"column":51}},"54":{"start":{"line":149,"column":8},"end":{"line":149,"column":44}},"55":{"start":{"line":160,"column":8},"end":{"line":160,"column":94}},"56":{"start":{"line":160,"column":71},"end":{"line":160,"column":93}},"57":{"start":{"line":171,"column":8},"end":{"line":171,"column":50}},"58":{"start":{"line":172,"column":26},"end":{"line":172,"column":51}},"59":{"start":{"line":173,"column":8},"end":{"line":173,"column":48}},"60":{"start":{"line":184,"column":8},"end":{"line":184,"column":50}},"61":{"start":{"line":185,"column":26},"end":{"line":185,"column":51}},"62":{"start":{"line":186,"column":8},"end":{"line":189,"column":9}},"63":{"start":{"line":187,"column":12},"end":{"line":187,"column":90}},"64":{"start":{"line":187,"column":28},"end":{"line":187,"column":90}},"65":{"start":{"line":188,"column":12},"end":{"line":188,"column":28}},"66":{"start":{"line":191,"column":8},"end":{"line":194,"column":9}},"67":{"start":{"line":192,"column":12},"end":{"line":192,"column":109}},"68":{"start":{"line":192,"column":28},"end":{"line":192,"column":109}},"69":{"start":{"line":193,"column":12},"end":{"line":193,"column":28}},"70":{"start":{"line":196,"column":8},"end":{"line":196,"column":39}},"71":{"start":{"line":207,"column":8},"end":{"line":207,"column":50}},"72":{"start":{"line":208,"column":26},"end":{"line":208,"column":51}},"73":{"start":{"line":209,"column":8},"end":{"line":209,"column":61}},"74":{"start":{"line":218,"column":8},"end":{"line":218,"column":57}},"75":{"start":{"line":219,"column":8},"end":{"line":219,"column":37}},"76":{"start":{"line":220,"column":8},"end":{"line":220,"column":19}},"77":{"start":{"line":231,"column":21},"end":{"line":231,"column":25}},"78":{"start":{"line":232,"column":8},"end":{"line":232,"column":49}},"79":{"start":{"line":233,"column":25},"end":{"line":236,"column":9}},"80":{"start":{"line":234,"column":12},"end":{"line":234,"column":70}},"81":{"start":{"line":234,"column":47},"end":{"line":234,"column":69}},"82":{"start":{"line":235,"column":12},"end":{"line":235,"column":23}},"83":{"start":{"line":238,"column":8},"end":{"line":238,"column":48}},"84":{"start":{"line":238,"column":29},"end":{"line":238,"column":48}},"85":{"start":{"line":240,"column":8},"end":{"line":243,"column":9}},"86":{"start":{"line":241,"column":12},"end":{"line":241,"column":76}},"87":{"start":{"line":241,"column":28},"end":{"line":241,"column":76}},"88":{"start":{"line":242,"column":12},"end":{"line":242,"column":33}},"89":{"start":{"line":245,"column":24},"end":{"line":245,"column":26}},"90":{"start":{"line":246,"column":8},"end":{"line":250,"column":9}},"91":{"start":{"line":246,"column":60},"end":{"line":246,"column":103}},"92":{"start":{"line":248,"column":12},"end":{"line":248,"column":48}},"93":{"start":{"line":249,"column":12},"end":{"line":249,"column":56}},"94":{"start":{"line":251,"column":8},"end":{"line":268,"column":10}},"95":{"start":{"line":252,"column":12},"end":{"line":254,"column":13}},"96":{"start":{"line":253,"column":16},"end":{"line":253,"column":22}},"97":{"start":{"line":255,"column":31},"end":{"line":255,"column":52}},"98":{"start":{"line":256,"column":12},"end":{"line":260,"column":13}},"99":{"start":{"line":257,"column":16},"end":{"line":257,"column":114}},"100":{"start":{"line":257,"column":96},"end":{"line":257,"column":113}},"101":{"start":{"line":258,"column":16},"end":{"line":258,"column":84}},"102":{"start":{"line":259,"column":16},"end":{"line":259,"column":22}},"103":{"start":{"line":262,"column":12},"end":{"line":267,"column":87}},"104":{"start":{"line":264,"column":30},"end":{"line":264,"column":112}},"105":{"start":{"line":264,"column":79},"end":{"line":264,"column":104}},"106":{"start":{"line":266,"column":16},"end":{"line":266,"column":71}},"107":{"start":{"line":266,"column":28},"end":{"line":266,"column":71}},"108":{"start":{"line":267,"column":19},"end":{"line":267,"column":87}},"109":{"start":{"line":269,"column":8},"end":{"line":269,"column":56}},"110":{"start":{"line":281,"column":8},"end":{"line":281,"column":49}},"111":{"start":{"line":282,"column":25},"end":{"line":287,"column":9}},"112":{"start":{"line":284,"column":12},"end":{"line":284,"column":59}},"113":{"start":{"line":284,"column":21},"end":{"line":284,"column":59}},"114":{"start":{"line":285,"column":12},"end":{"line":285,"column":24}},"115":{"start":{"line":286,"column":12},"end":{"line":286,"column":23}},"116":{"start":{"line":289,"column":8},"end":{"line":292,"column":9}},"117":{"start":{"line":290,"column":12},"end":{"line":290,"column":80}},"118":{"start":{"line":290,"column":28},"end":{"line":290,"column":80}},"119":{"start":{"line":291,"column":12},"end":{"line":291,"column":33}},"120":{"start":{"line":294,"column":8},"end":{"line":297,"column":9}},"121":{"start":{"line":295,"column":12},"end":{"line":295,"column":114}},"122":{"start":{"line":295,"column":28},"end":{"line":295,"column":114}},"123":{"start":{"line":296,"column":12},"end":{"line":296,"column":33}},"124":{"start":{"line":299,"column":25},"end":{"line":299,"column":62}},"125":{"start":{"line":300,"column":8},"end":{"line":320,"column":9}},"126":{"start":{"line":302,"column":12},"end":{"line":306,"column":18}},"127":{"start":{"line":303,"column":31},"end":{"line":303,"column":53}},"128":{"start":{"line":305,"column":20},"end":{"line":305,"column":80}},"129":{"start":{"line":305,"column":50},"end":{"line":305,"column":66}},"130":{"start":{"line":307,"column":12},"end":{"line":310,"column":14}},"131":{"start":{"line":309,"column":16},"end":{"line":309,"column":97}},"132":{"start":{"line":309,"column":76},"end":{"line":309,"column":97}},"133":{"start":{"line":312,"column":12},"end":{"line":312,"column":60}},"134":{"start":{"line":314,"column":12},"end":{"line":318,"column":14}},"135":{"start":{"line":317,"column":16},"end":{"line":317,"column":97}},"136":{"start":{"line":317,"column":76},"end":{"line":317,"column":97}},"137":{"start":{"line":319,"column":12},"end":{"line":319,"column":61}},"138":{"start":{"line":332,"column":8},"end":{"line":332,"column":49}},"139":{"start":{"line":333,"column":8},"end":{"line":333,"column":51}},"140":{"start":{"line":333,"column":42},"end":{"line":333,"column":51}},"141":{"start":{"line":334,"column":21},"end":{"line":339,"column":9}},"142":{"start":{"line":335,"column":12},"end":{"line":338,"column":18}},"143":{"start":{"line":336,"column":16},"end":{"line":336,"column":59}},"144":{"start":{"line":336,"column":48},"end":{"line":336,"column":59}},"145":{"start":{"line":337,"column":16},"end":{"line":337,"column":24}},"146":{"start":{"line":340,"column":8},"end":{"line":350,"column":9}},"147":{"start":{"line":341,"column":12},"end":{"line":343,"column":14}},"148":{"start":{"line":342,"column":16},"end":{"line":342,"column":31}},"149":{"start":{"line":344,"column":12},"end":{"line":346,"column":13}},"150":{"start":{"line":345,"column":16},"end":{"line":345,"column":27}},"151":{"start":{"line":347,"column":12},"end":{"line":347,"column":46}},"152":{"start":{"line":347,"column":33},"end":{"line":347,"column":46}},"153":{"start":{"line":349,"column":12},"end":{"line":349,"column":25}},"154":{"start":{"line":361,"column":8},"end":{"line":361,"column":58}},"155":{"start":{"line":362,"column":8},"end":{"line":362,"column":51}},"156":{"start":{"line":363,"column":8},"end":{"line":366,"column":9}},"157":{"start":{"line":364,"column":12},"end":{"line":364,"column":115}},"158":{"start":{"line":364,"column":28},"end":{"line":364,"column":115}},"159":{"start":{"line":365,"column":12},"end":{"line":365,"column":23}},"160":{"start":{"line":367,"column":8},"end":{"line":367,"column":80}},"161":{"start":{"line":369,"column":8},"end":{"line":369,"column":43}},"162":{"start":{"line":370,"column":8},"end":{"line":370,"column":19}},"163":{"start":{"line":384,"column":8},"end":{"line":384,"column":66}},"164":{"start":{"line":386,"column":8},"end":{"line":386,"column":63}},"165":{"start":{"line":386,"column":30},"end":{"line":386,"column":63}},"166":{"start":{"line":387,"column":8},"end":{"line":390,"column":9}},"167":{"start":{"line":388,"column":12},"end":{"line":388,"column":74}},"168":{"start":{"line":388,"column":28},"end":{"line":388,"column":74}},"169":{"start":{"line":389,"column":12},"end":{"line":389,"column":23}},"170":{"start":{"line":391,"column":8},"end":{"line":394,"column":9}},"171":{"start":{"line":392,"column":12},"end":{"line":392,"column":105}},"172":{"start":{"line":392,"column":28},"end":{"line":392,"column":105}},"173":{"start":{"line":393,"column":12},"end":{"line":393,"column":23}},"174":{"start":{"line":395,"column":8},"end":{"line":414,"column":9}},"175":{"start":{"line":398,"column":38},"end":{"line":398,"column":76}},"176":{"start":{"line":399,"column":12},"end":{"line":412,"column":13}},"177":{"start":{"line":400,"column":46},"end":{"line":400,"column":63}},"178":{"start":{"line":401,"column":16},"end":{"line":409,"column":17}},"179":{"start":{"line":402,"column":20},"end":{"line":406,"column":21}},"180":{"start":{"line":403,"column":24},"end":{"line":403,"column":131}},"181":{"start":{"line":403,"column":40},"end":{"line":403,"column":131}},"182":{"start":{"line":404,"column":24},"end":{"line":404,"column":50}},"183":{"start":{"line":405,"column":24},"end":{"line":405,"column":35}},"184":{"start":{"line":407,"column":20},"end":{"line":407,"column":59}},"185":{"start":{"line":408,"column":20},"end":{"line":408,"column":57}},"186":{"start":{"line":411,"column":16},"end":{"line":411,"column":86}},"187":{"start":{"line":411,"column":32},"end":{"line":411,"column":86}},"188":{"start":{"line":413,"column":12},"end":{"line":413,"column":38}},"189":{"start":{"line":415,"column":8},"end":{"line":415,"column":19}},"190":{"start":{"line":425,"column":8},"end":{"line":425,"column":40}},"191":{"start":{"line":426,"column":8},"end":{"line":426,"column":19}},"192":{"start":{"line":439,"column":8},"end":{"line":439,"column":50}},"193":{"start":{"line":440,"column":8},"end":{"line":440,"column":65}},"194":{"start":{"line":440,"column":35},"end":{"line":440,"column":65}},"195":{"start":{"line":443,"column":8},"end":{"line":448,"column":9}},"196":{"start":{"line":444,"column":12},"end":{"line":447,"column":18}},"197":{"start":{"line":445,"column":16},"end":{"line":445,"column":57}},"198":{"start":{"line":445,"column":38},"end":{"line":445,"column":57}},"199":{"start":{"line":446,"column":16},"end":{"line":446,"column":24}},"200":{"start":{"line":450,"column":8},"end":{"line":453,"column":9}},"201":{"start":{"line":451,"column":12},"end":{"line":451,"column":76}},"202":{"start":{"line":452,"column":12},"end":{"line":452,"column":60}},"203":{"start":{"line":454,"column":8},"end":{"line":454,"column":107}},"204":{"start":{"line":465,"column":8},"end":{"line":465,"column":50}},"205":{"start":{"line":466,"column":8},"end":{"line":466,"column":51}},"206":{"start":{"line":466,"column":35},"end":{"line":466,"column":51}},"207":{"start":{"line":467,"column":25},"end":{"line":467,"column":106}},"208":{"start":{"line":468,"column":8},"end":{"line":468,"column":39}},"209":{"start":{"line":468,"column":23},"end":{"line":468,"column":39}},"210":{"start":{"line":470,"column":8},"end":{"line":475,"column":9}},"211":{"start":{"line":471,"column":12},"end":{"line":474,"column":18}},"212":{"start":{"line":472,"column":16},"end":{"line":472,"column":50}},"213":{"start":{"line":472,"column":38},"end":{"line":472,"column":50}},"214":{"start":{"line":473,"column":16},"end":{"line":473,"column":24}},"215":{"start":{"line":477,"column":8},"end":{"line":481,"column":9}},"216":{"start":{"line":478,"column":12},"end":{"line":480,"column":51}},"217":{"start":{"line":478,"column":38},"end":{"line":478,"column":54}},"218":{"start":{"line":480,"column":17},"end":{"line":480,"column":51}},"219":{"start":{"line":483,"column":8},"end":{"line":485,"column":110}},"220":{"start":{"line":484,"column":12},"end":{"line":484,"column":102}},"221":{"start":{"line":485,"column":15},"end":{"line":485,"column":110}},"222":{"start":{"line":495,"column":8},"end":{"line":495,"column":50}},"223":{"start":{"line":496,"column":8},"end":{"line":496,"column":46}},"224":{"start":{"line":496,"column":35},"end":{"line":496,"column":46}},"225":{"start":{"line":497,"column":8},"end":{"line":497,"column":53}},"226":{"start":{"line":508,"column":8},"end":{"line":508,"column":50}},"227":{"start":{"line":509,"column":8},"end":{"line":509,"column":51}},"228":{"start":{"line":509,"column":35},"end":{"line":509,"column":51}},"229":{"start":{"line":510,"column":8},"end":{"line":510,"column":48}},"230":{"start":{"line":521,"column":8},"end":{"line":521,"column":50}},"231":{"start":{"line":522,"column":8},"end":{"line":522,"column":51}},"232":{"start":{"line":522,"column":35},"end":{"line":522,"column":51}},"233":{"start":{"line":523,"column":8},"end":{"line":523,"column":51}},"234":{"start":{"line":534,"column":8},"end":{"line":534,"column":50}},"235":{"start":{"line":535,"column":8},"end":{"line":535,"column":51}},"236":{"start":{"line":535,"column":35},"end":{"line":535,"column":51}},"237":{"start":{"line":536,"column":8},"end":{"line":536,"column":49}},"238":{"start":{"line":547,"column":8},"end":{"line":547,"column":50}},"239":{"start":{"line":548,"column":8},"end":{"line":548,"column":51}},"240":{"start":{"line":548,"column":35},"end":{"line":548,"column":51}},"241":{"start":{"line":549,"column":8},"end":{"line":549,"column":50}},"242":{"start":{"line":560,"column":8},"end":{"line":560,"column":50}},"243":{"start":{"line":561,"column":8},"end":{"line":561,"column":51}},"244":{"start":{"line":561,"column":35},"end":{"line":561,"column":51}},"245":{"start":{"line":562,"column":8},"end":{"line":562,"column":47}},"246":{"start":{"line":574,"column":8},"end":{"line":577,"column":9}},"247":{"start":{"line":575,"column":12},"end":{"line":575,"column":114}},"248":{"start":{"line":575,"column":28},"end":{"line":575,"column":114}},"249":{"start":{"line":576,"column":12},"end":{"line":576,"column":23}},"250":{"start":{"line":578,"column":8},"end":{"line":578,"column":50}},"251":{"start":{"line":579,"column":8},"end":{"line":579,"column":46}},"252":{"start":{"line":579,"column":35},"end":{"line":579,"column":46}},"253":{"start":{"line":580,"column":8},"end":{"line":580,"column":52}},"254":{"start":{"line":581,"column":8},"end":{"line":581,"column":19}},"255":{"start":{"line":590,"column":8},"end":{"line":593,"column":9}},"256":{"start":{"line":591,"column":12},"end":{"line":591,"column":114}},"257":{"start":{"line":591,"column":28},"end":{"line":591,"column":114}},"258":{"start":{"line":592,"column":12},"end":{"line":592,"column":23}},"259":{"start":{"line":595,"column":8},"end":{"line":612,"column":9}},"260":{"start":{"line":596,"column":12},"end":{"line":596,"column":54}},"261":{"start":{"line":597,"column":12},"end":{"line":597,"column":55}},"262":{"start":{"line":597,"column":39},"end":{"line":597,"column":55}},"263":{"start":{"line":598,"column":12},"end":{"line":598,"column":64}},"264":{"start":{"line":599,"column":12},"end":{"line":599,"column":23}},"265":{"start":{"line":601,"column":28},"end":{"line":601,"column":48}},"266":{"start":{"line":602,"column":28},"end":{"line":602,"column":60}},"267":{"start":{"line":607,"column":12},"end":{"line":609,"column":14}},"268":{"start":{"line":608,"column":16},"end":{"line":608,"column":53}},"269":{"start":{"line":611,"column":12},"end":{"line":611,"column":23}},"270":{"start":{"line":616,"column":0},"end":{"line":616,"column":32}}},"fnMap":{"0":{"name":"(anonymous_0)","decl":{"start":{"line":23,"column":4},"end":{"line":23,"column":5}},"loc":{"start":{"line":23,"column":29},"end":{"line":25,"column":5}},"line":23},"1":{"name":"(anonymous_1)","decl":{"start":{"line":30,"column":4},"end":{"line":30,"column":5}},"loc":{"start":{"line":30,"column":30},"end":{"line":32,"column":5}},"line":30},"2":{"name":"(anonymous_2)","decl":{"start":{"line":37,"column":4},"end":{"line":37,"column":5}},"loc":{"start":{"line":37,"column":45},"end":{"line":39,"column":5}},"line":37},"3":{"name":"(anonymous_3)","decl":{"start":{"line":46,"column":4},"end":{"line":46,"column":5}},"loc":{"start":{"line":46,"column":21},"end":{"line":48,"column":5}},"line":46},"4":{"name":"(anonymous_4)","decl":{"start":{"line":54,"column":4},"end":{"line":54,"column":5}},"loc":{"start":{"line":54,"column":32},"end":{"line":57,"column":5}},"line":54},"5":{"name":"(anonymous_5)","decl":{"start":{"line":64,"column":4},"end":{"line":64,"column":5}},"loc":{"start":{"line":64,"column":32},"end":{"line":68,"column":5}},"line":64},"6":{"name":"(anonymous_6)","decl":{"start":{"line":78,"column":4},"end":{"line":78,"column":5}},"loc":{"start":{"line":78,"column":35},"end":{"line":116,"column":5}},"line":78},"7":{"name":"(anonymous_7)","decl":{"start":{"line":121,"column":4},"end":{"line":121,"column":5}},"loc":{"start":{"line":121,"column":21},"end":{"line":123,"column":5}},"line":121},"8":{"name":"(anonymous_8)","decl":{"start":{"line":129,"column":4},"end":{"line":129,"column":5}},"loc":{"start":{"line":129,"column":36},"end":{"line":134,"column":5}},"line":129},"9":{"name":"(anonymous_9)","decl":{"start":{"line":145,"column":4},"end":{"line":145,"column":5}},"loc":{"start":{"line":145,"column":24},"end":{"line":150,"column":5}},"line":145},"10":{"name":"(anonymous_10)","decl":{"start":{"line":159,"column":4},"end":{"line":159,"column":5}},"loc":{"start":{"line":159,"column":29},"end":{"line":161,"column":5}},"line":159},"11":{"name":"(anonymous_11)","decl":{"start":{"line":160,"column":49},"end":{"line":160,"column":50}},"loc":{"start":{"line":160,"column":71},"end":{"line":160,"column":93}},"line":160},"12":{"name":"(anonymous_12)","decl":{"start":{"line":169,"column":4},"end":{"line":169,"column":5}},"loc":{"start":{"line":169,"column":28},"end":{"line":174,"column":5}},"line":169},"13":{"name":"(anonymous_13)","decl":{"start":{"line":182,"column":4},"end":{"line":182,"column":5}},"loc":{"start":{"line":182,"column":25},"end":{"line":197,"column":5}},"line":182},"14":{"name":"(anonymous_14)","decl":{"start":{"line":205,"column":4},"end":{"line":205,"column":5}},"loc":{"start":{"line":205,"column":42},"end":{"line":210,"column":5}},"line":205},"15":{"name":"(anonymous_15)","decl":{"start":{"line":217,"column":4},"end":{"line":217,"column":5}},"loc":{"start":{"line":217,"column":35},"end":{"line":221,"column":5}},"line":217},"16":{"name":"(anonymous_16)","decl":{"start":{"line":230,"column":4},"end":{"line":230,"column":5}},"loc":{"start":{"line":230,"column":39},"end":{"line":270,"column":5}},"line":230},"17":{"name":"(anonymous_17)","decl":{"start":{"line":233,"column":25},"end":{"line":233,"column":26}},"loc":{"start":{"line":233,"column":34},"end":{"line":236,"column":9}},"line":233},"18":{"name":"(anonymous_18)","decl":{"start":{"line":234,"column":40},"end":{"line":234,"column":41}},"loc":{"start":{"line":234,"column":47},"end":{"line":234,"column":69}},"line":234},"19":{"name":"(anonymous_19)","decl":{"start":{"line":251,"column":26},"end":{"line":251,"column":27}},"loc":{"start":{"line":251,"column":42},"end":{"line":268,"column":9}},"line":251},"20":{"name":"(anonymous_20)","decl":{"start":{"line":257,"column":89},"end":{"line":257,"column":90}},"loc":{"start":{"line":257,"column":96},"end":{"line":257,"column":113}},"line":257},"21":{"name":"(anonymous_21)","decl":{"start":{"line":264,"column":69},"end":{"line":264,"column":70}},"loc":{"start":{"line":264,"column":79},"end":{"line":264,"column":104}},"line":264},"22":{"name":"(anonymous_22)","decl":{"start":{"line":280,"column":4},"end":{"line":280,"column":5}},"loc":{"start":{"line":280,"column":33},"end":{"line":321,"column":5}},"line":280},"23":{"name":"(anonymous_23)","decl":{"start":{"line":282,"column":25},"end":{"line":282,"column":26}},"loc":{"start":{"line":282,"column":34},"end":{"line":287,"column":9}},"line":282},"24":{"name":"(anonymous_24)","decl":{"start":{"line":303,"column":24},"end":{"line":303,"column":25}},"loc":{"start":{"line":303,"column":31},"end":{"line":303,"column":53}},"line":303},"25":{"name":"(anonymous_25)","decl":{"start":{"line":304,"column":24},"end":{"line":304,"column":25}},"loc":{"start":{"line":304,"column":44},"end":{"line":306,"column":17}},"line":304},"26":{"name":"(anonymous_26)","decl":{"start":{"line":305,"column":38},"end":{"line":305,"column":39}},"loc":{"start":{"line":305,"column":50},"end":{"line":305,"column":66}},"line":305},"27":{"name":"(anonymous_27)","decl":{"start":{"line":307,"column":31},"end":{"line":307,"column":32}},"loc":{"start":{"line":307,"column":42},"end":{"line":310,"column":13}},"line":307},"28":{"name":"(anonymous_28)","decl":{"start":{"line":314,"column":53},"end":{"line":314,"column":54}},"loc":{"start":{"line":314,"column":64},"end":{"line":318,"column":13}},"line":314},"29":{"name":"(anonymous_29)","decl":{"start":{"line":331,"column":4},"end":{"line":331,"column":5}},"loc":{"start":{"line":331,"column":52},"end":{"line":351,"column":5}},"line":331},"30":{"name":"(anonymous_30)","decl":{"start":{"line":334,"column":21},"end":{"line":334,"column":22}},"loc":{"start":{"line":334,"column":27},"end":{"line":339,"column":9}},"line":334},"31":{"name":"(anonymous_31)","decl":{"start":{"line":335,"column":54},"end":{"line":335,"column":55}},"loc":{"start":{"line":335,"column":78},"end":{"line":338,"column":13}},"line":335},"32":{"name":"(anonymous_32)","decl":{"start":{"line":341,"column":53},"end":{"line":341,"column":54}},"loc":{"start":{"line":341,"column":64},"end":{"line":343,"column":13}},"line":341},"33":{"name":"(anonymous_33)","decl":{"start":{"line":359,"column":4},"end":{"line":359,"column":5}},"loc":{"start":{"line":359,"column":32},"end":{"line":371,"column":5}},"line":359},"34":{"name":"(anonymous_34)","decl":{"start":{"line":382,"column":4},"end":{"line":382,"column":5}},"loc":{"start":{"line":382,"column":65},"end":{"line":416,"column":5}},"line":382},"35":{"name":"(anonymous_35)","decl":{"start":{"line":423,"column":4},"end":{"line":423,"column":5}},"loc":{"start":{"line":423,"column":22},"end":{"line":427,"column":5}},"line":423},"36":{"name":"(anonymous_36)","decl":{"start":{"line":437,"column":4},"end":{"line":437,"column":5}},"loc":{"start":{"line":437,"column":74},"end":{"line":455,"column":5}},"line":437},"37":{"name":"(anonymous_37)","decl":{"start":{"line":444,"column":45},"end":{"line":444,"column":46}},"loc":{"start":{"line":444,"column":56},"end":{"line":447,"column":13}},"line":444},"38":{"name":"(anonymous_38)","decl":{"start":{"line":464,"column":4},"end":{"line":464,"column":5}},"loc":{"start":{"line":464,"column":41},"end":{"line":486,"column":5}},"line":464},"39":{"name":"(anonymous_39)","decl":{"start":{"line":471,"column":82},"end":{"line":471,"column":83}},"loc":{"start":{"line":471,"column":93},"end":{"line":474,"column":13}},"line":471},"40":{"name":"(anonymous_40)","decl":{"start":{"line":493,"column":4},"end":{"line":493,"column":5}},"loc":{"start":{"line":493,"column":23},"end":{"line":498,"column":5}},"line":493},"41":{"name":"(anonymous_41)","decl":{"start":{"line":506,"column":4},"end":{"line":506,"column":5}},"loc":{"start":{"line":506,"column":18},"end":{"line":511,"column":5}},"line":506},"42":{"name":"(anonymous_42)","decl":{"start":{"line":519,"column":4},"end":{"line":519,"column":5}},"loc":{"start":{"line":519,"column":21},"end":{"line":524,"column":5}},"line":519},"43":{"name":"(anonymous_43)","decl":{"start":{"line":532,"column":4},"end":{"line":532,"column":5}},"loc":{"start":{"line":532,"column":19},"end":{"line":537,"column":5}},"line":532},"44":{"name":"(anonymous_44)","decl":{"start":{"line":545,"column":4},"end":{"line":545,"column":5}},"loc":{"start":{"line":545,"column":20},"end":{"line":550,"column":5}},"line":545},"45":{"name":"(anonymous_45)","decl":{"start":{"line":558,"column":4},"end":{"line":558,"column":5}},"loc":{"start":{"line":558,"column":18},"end":{"line":563,"column":5}},"line":558},"46":{"name":"(anonymous_46)","decl":{"start":{"line":573,"column":4},"end":{"line":573,"column":5}},"loc":{"start":{"line":573,"column":38},"end":{"line":582,"column":5}},"line":573},"47":{"name":"(anonymous_47)","decl":{"start":{"line":589,"column":4},"end":{"line":589,"column":5}},"loc":{"start":{"line":589,"column":34},"end":{"line":613,"column":5}},"line":589},"48":{"name":"(anonymous_48)","decl":{"start":{"line":607,"column":30},"end":{"line":607,"column":31}},"loc":{"start":{"line":607,"column":41},"end":{"line":609,"column":13}},"line":607}},"branchMap":{"0":{"loc":{"start":{"line":55,"column":8},"end":{"line":55,"column":55}},"type":"if","locations":[{"start":{"line":55,"column":8},"end":{"line":55,"column":55}},{"start":{"line":55,"column":8},"end":{"line":55,"column":55}}],"line":55},"1":{"loc":{"start":{"line":64,"column":16},"end":{"line":64,"column":30}},"type":"default-arg","locations":[{"start":{"line":64,"column":28},"end":{"line":64,"column":30}}],"line":64},"2":{"loc":{"start":{"line":66,"column":8},"end":{"line":66,"column":52}},"type":"if","locations":[{"start":{"line":66,"column":8},"end":{"line":66,"column":52}},{"start":{"line":66,"column":8},"end":{"line":66,"column":52}}],"line":66},"3":{"loc":{"start":{"line":78,"column":19},"end":{"line":78,"column":33}},"type":"default-arg","locations":[{"start":{"line":78,"column":24},"end":{"line":78,"column":33}}],"line":78},"4":{"loc":{"start":{"line":79,"column":8},"end":{"line":82,"column":9}},"type":"if","locations":[{"start":{"line":79,"column":8},"end":{"line":82,"column":9}},{"start":{"line":79,"column":8},"end":{"line":82,"column":9}}],"line":79},"5":{"loc":{"start":{"line":80,"column":12},"end":{"line":80,"column":82}},"type":"if","locations":[{"start":{"line":80,"column":12},"end":{"line":80,"column":82}},{"start":{"line":80,"column":12},"end":{"line":80,"column":82}}],"line":80},"6":{"loc":{"start":{"line":83,"column":13},"end":{"line":83,"column":36}},"type":"cond-expr","locations":[{"start":{"line":83,"column":29},"end":{"line":83,"column":31}},{"start":{"line":83,"column":34},"end":{"line":83,"column":36}}],"line":83},"7":{"loc":{"start":{"line":87,"column":8},"end":{"line":102,"column":9}},"type":"if","locations":[{"start":{"line":87,"column":8},"end":{"line":102,"column":9}},{"start":{"line":87,"column":8},"end":{"line":102,"column":9}}],"line":87},"8":{"loc":{"start":{"line":92,"column":12},"end":{"line":95,"column":13}},"type":"if","locations":[{"start":{"line":92,"column":12},"end":{"line":95,"column":13}},{"start":{"line":92,"column":12},"end":{"line":95,"column":13}}],"line":92},"9":{"loc":{"start":{"line":93,"column":16},"end":{"line":93,"column":82}},"type":"if","locations":[{"start":{"line":93,"column":16},"end":{"line":93,"column":82}},{"start":{"line":93,"column":16},"end":{"line":93,"column":82}}],"line":93},"10":{"loc":{"start":{"line":97,"column":15},"end":{"line":102,"column":9}},"type":"if","locations":[{"start":{"line":97,"column":15},"end":{"line":102,"column":9}},{"start":{"line":97,"column":15},"end":{"line":102,"column":9}}],"line":97},"11":{"loc":{"start":{"line":100,"column":12},"end":{"line":100,"column":80}},"type":"if","locations":[{"start":{"line":100,"column":12},"end":{"line":100,"column":80}},{"start":{"line":100,"column":12},"end":{"line":100,"column":80}}],"line":100},"12":{"loc":{"start":{"line":104,"column":8},"end":{"line":104,"column":50}},"type":"if","locations":[{"start":{"line":104,"column":8},"end":{"line":104,"column":50}},{"start":{"line":104,"column":8},"end":{"line":104,"column":50}}],"line":104},"13":{"loc":{"start":{"line":105,"column":8},"end":{"line":105,"column":58}},"type":"if","locations":[{"start":{"line":105,"column":8},"end":{"line":105,"column":58}},{"start":{"line":105,"column":8},"end":{"line":105,"column":58}}],"line":105},"14":{"loc":{"start":{"line":107,"column":8},"end":{"line":110,"column":9}},"type":"if","locations":[{"start":{"line":107,"column":8},"end":{"line":110,"column":9}},{"start":{"line":107,"column":8},"end":{"line":110,"column":9}}],"line":107},"15":{"loc":{"start":{"line":108,"column":12},"end":{"line":108,"column":80}},"type":"if","locations":[{"start":{"line":108,"column":12},"end":{"line":108,"column":80}},{"start":{"line":108,"column":12},"end":{"line":108,"column":80}}],"line":108},"16":{"loc":{"start":{"line":113,"column":8},"end":{"line":115,"column":24}},"type":"if","locations":[{"start":{"line":113,"column":8},"end":{"line":115,"column":24}},{"start":{"line":113,"column":8},"end":{"line":115,"column":24}}],"line":113},"17":{"loc":{"start":{"line":129,"column":22},"end":{"line":129,"column":34}},"type":"default-arg","locations":[{"start":{"line":129,"column":32},"end":{"line":129,"column":34}}],"line":129},"18":{"loc":{"start":{"line":159,"column":14},"end":{"line":159,"column":27}},"type":"default-arg","locations":[{"start":{"line":159,"column":25},"end":{"line":159,"column":27}}],"line":159},"19":{"loc":{"start":{"line":182,"column":11},"end":{"line":182,"column":23}},"type":"default-arg","locations":[{"start":{"line":182,"column":21},"end":{"line":182,"column":23}}],"line":182},"20":{"loc":{"start":{"line":186,"column":8},"end":{"line":189,"column":9}},"type":"if","locations":[{"start":{"line":186,"column":8},"end":{"line":189,"column":9}},{"start":{"line":186,"column":8},"end":{"line":189,"column":9}}],"line":186},"21":{"loc":{"start":{"line":187,"column":12},"end":{"line":187,"column":90}},"type":"if","locations":[{"start":{"line":187,"column":12},"end":{"line":187,"column":90}},{"start":{"line":187,"column":12},"end":{"line":187,"column":90}}],"line":187},"22":{"loc":{"start":{"line":191,"column":8},"end":{"line":194,"column":9}},"type":"if","locations":[{"start":{"line":191,"column":8},"end":{"line":194,"column":9}},{"start":{"line":191,"column":8},"end":{"line":194,"column":9}}],"line":191},"23":{"loc":{"start":{"line":192,"column":12},"end":{"line":192,"column":109}},"type":"if","locations":[{"start":{"line":192,"column":12},"end":{"line":192,"column":109}},{"start":{"line":192,"column":12},"end":{"line":192,"column":109}}],"line":192},"24":{"loc":{"start":{"line":217,"column":12},"end":{"line":217,"column":33}},"type":"default-arg","locations":[{"start":{"line":217,"column":24},"end":{"line":217,"column":33}}],"line":217},"25":{"loc":{"start":{"line":218,"column":20},"end":{"line":218,"column":57}},"type":"cond-expr","locations":[{"start":{"line":218,"column":43},"end":{"line":218,"column":45}},{"start":{"line":218,"column":48},"end":{"line":218,"column":57}}],"line":218},"26":{"loc":{"start":{"line":230,"column":16},"end":{"line":230,"column":37}},"type":"default-arg","locations":[{"start":{"line":230,"column":28},"end":{"line":230,"column":37}}],"line":230},"27":{"loc":{"start":{"line":234,"column":22},"end":{"line":234,"column":31}},"type":"binary-expr","locations":[{"start":{"line":234,"column":22},"end":{"line":234,"column":25}},{"start":{"line":234,"column":29},"end":{"line":234,"column":31}}],"line":234},"28":{"loc":{"start":{"line":238,"column":8},"end":{"line":238,"column":48}},"type":"if","locations":[{"start":{"line":238,"column":8},"end":{"line":238,"column":48}},{"start":{"line":238,"column":8},"end":{"line":238,"column":48}}],"line":238},"29":{"loc":{"start":{"line":240,"column":8},"end":{"line":243,"column":9}},"type":"if","locations":[{"start":{"line":240,"column":8},"end":{"line":243,"column":9}},{"start":{"line":240,"column":8},"end":{"line":243,"column":9}}],"line":240},"30":{"loc":{"start":{"line":241,"column":12},"end":{"line":241,"column":76}},"type":"if","locations":[{"start":{"line":241,"column":12},"end":{"line":241,"column":76}},{"start":{"line":241,"column":12},"end":{"line":241,"column":76}}],"line":241},"31":{"loc":{"start":{"line":246,"column":8},"end":{"line":250,"column":9}},"type":"if","locations":[{"start":{"line":246,"column":8},"end":{"line":250,"column":9}},{"start":{"line":246,"column":8},"end":{"line":250,"column":9}}],"line":246},"32":{"loc":{"start":{"line":246,"column":13},"end":{"line":246,"column":50}},"type":"binary-expr","locations":[{"start":{"line":246,"column":13},"end":{"line":246,"column":44}},{"start":{"line":246,"column":48},"end":{"line":246,"column":50}}],"line":246},"33":{"loc":{"start":{"line":252,"column":12},"end":{"line":254,"column":13}},"type":"if","locations":[{"start":{"line":252,"column":12},"end":{"line":254,"column":13}},{"start":{"line":252,"column":12},"end":{"line":254,"column":13}}],"line":252},"34":{"loc":{"start":{"line":256,"column":12},"end":{"line":260,"column":13}},"type":"if","locations":[{"start":{"line":256,"column":12},"end":{"line":260,"column":13}},{"start":{"line":256,"column":12},"end":{"line":260,"column":13}}],"line":256},"35":{"loc":{"start":{"line":262,"column":12},"end":{"line":267,"column":87}},"type":"if","locations":[{"start":{"line":262,"column":12},"end":{"line":267,"column":87}},{"start":{"line":262,"column":12},"end":{"line":267,"column":87}}],"line":262},"36":{"loc":{"start":{"line":262,"column":16},"end":{"line":262,"column":85}},"type":"binary-expr","locations":[{"start":{"line":262,"column":16},"end":{"line":262,"column":40}},{"start":{"line":262,"column":45},"end":{"line":262,"column":64}},{"start":{"line":262,"column":68},"end":{"line":262,"column":84}}],"line":262},"37":{"loc":{"start":{"line":264,"column":80},"end":{"line":264,"column":87}},"type":"binary-expr","locations":[{"start":{"line":264,"column":80},"end":{"line":264,"column":81}},{"start":{"line":264,"column":85},"end":{"line":264,"column":87}}],"line":264},"38":{"loc":{"start":{"line":266,"column":16},"end":{"line":266,"column":71}},"type":"if","locations":[{"start":{"line":266,"column":16},"end":{"line":266,"column":71}},{"start":{"line":266,"column":16},"end":{"line":266,"column":71}}],"line":266},"39":{"loc":{"start":{"line":280,"column":17},"end":{"line":280,"column":31}},"type":"default-arg","locations":[{"start":{"line":280,"column":29},"end":{"line":280,"column":31}}],"line":280},"40":{"loc":{"start":{"line":284,"column":12},"end":{"line":284,"column":59}},"type":"if","locations":[{"start":{"line":284,"column":12},"end":{"line":284,"column":59}},{"start":{"line":284,"column":12},"end":{"line":284,"column":59}}],"line":284},"41":{"loc":{"start":{"line":289,"column":8},"end":{"line":292,"column":9}},"type":"if","locations":[{"start":{"line":289,"column":8},"end":{"line":292,"column":9}},{"start":{"line":289,"column":8},"end":{"line":292,"column":9}}],"line":289},"42":{"loc":{"start":{"line":290,"column":12},"end":{"line":290,"column":80}},"type":"if","locations":[{"start":{"line":290,"column":12},"end":{"line":290,"column":80}},{"start":{"line":290,"column":12},"end":{"line":290,"column":80}}],"line":290},"43":{"loc":{"start":{"line":294,"column":8},"end":{"line":297,"column":9}},"type":"if","locations":[{"start":{"line":294,"column":8},"end":{"line":297,"column":9}},{"start":{"line":294,"column":8},"end":{"line":297,"column":9}}],"line":294},"44":{"loc":{"start":{"line":295,"column":12},"end":{"line":295,"column":114}},"type":"if","locations":[{"start":{"line":295,"column":12},"end":{"line":295,"column":114}},{"start":{"line":295,"column":12},"end":{"line":295,"column":114}}],"line":295},"45":{"loc":{"start":{"line":299,"column":25},"end":{"line":299,"column":62}},"type":"binary-expr","locations":[{"start":{"line":299,"column":25},"end":{"line":299,"column":56}},{"start":{"line":299,"column":60},"end":{"line":299,"column":62}}],"line":299},"46":{"loc":{"start":{"line":300,"column":8},"end":{"line":320,"column":9}},"type":"if","locations":[{"start":{"line":300,"column":8},"end":{"line":320,"column":9}},{"start":{"line":300,"column":8},"end":{"line":320,"column":9}}],"line":300},"47":{"loc":{"start":{"line":309,"column":16},"end":{"line":309,"column":97}},"type":"if","locations":[{"start":{"line":309,"column":16},"end":{"line":309,"column":97}},{"start":{"line":309,"column":16},"end":{"line":309,"column":97}}],"line":309},"48":{"loc":{"start":{"line":309,"column":20},"end":{"line":309,"column":74}},"type":"binary-expr","locations":[{"start":{"line":309,"column":20},"end":{"line":309,"column":47}},{"start":{"line":309,"column":51},"end":{"line":309,"column":74}}],"line":309},"49":{"loc":{"start":{"line":317,"column":16},"end":{"line":317,"column":97}},"type":"if","locations":[{"start":{"line":317,"column":16},"end":{"line":317,"column":97}},{"start":{"line":317,"column":16},"end":{"line":317,"column":97}}],"line":317},"50":{"loc":{"start":{"line":317,"column":20},"end":{"line":317,"column":74}},"type":"binary-expr","locations":[{"start":{"line":317,"column":20},"end":{"line":317,"column":47}},{"start":{"line":317,"column":51},"end":{"line":317,"column":74}}],"line":317},"51":{"loc":{"start":{"line":331,"column":10},"end":{"line":331,"column":24}},"type":"default-arg","locations":[{"start":{"line":331,"column":22},"end":{"line":331,"column":24}}],"line":331},"52":{"loc":{"start":{"line":331,"column":26},"end":{"line":331,"column":35}},"type":"default-arg","locations":[{"start":{"line":331,"column":31},"end":{"line":331,"column":35}}],"line":331},"53":{"loc":{"start":{"line":331,"column":37},"end":{"line":331,"column":50}},"type":"default-arg","locations":[{"start":{"line":331,"column":44},"end":{"line":331,"column":50}}],"line":331},"54":{"loc":{"start":{"line":333,"column":8},"end":{"line":333,"column":51}},"type":"if","locations":[{"start":{"line":333,"column":8},"end":{"line":333,"column":51}},{"start":{"line":333,"column":8},"end":{"line":333,"column":51}}],"line":333},"55":{"loc":{"start":{"line":336,"column":16},"end":{"line":336,"column":59}},"type":"if","locations":[{"start":{"line":336,"column":16},"end":{"line":336,"column":59}},{"start":{"line":336,"column":16},"end":{"line":336,"column":59}}],"line":336},"56":{"loc":{"start":{"line":340,"column":8},"end":{"line":350,"column":9}},"type":"if","locations":[{"start":{"line":340,"column":8},"end":{"line":350,"column":9}},{"start":{"line":340,"column":8},"end":{"line":350,"column":9}}],"line":340},"57":{"loc":{"start":{"line":344,"column":12},"end":{"line":346,"column":13}},"type":"if","locations":[{"start":{"line":344,"column":12},"end":{"line":346,"column":13}},{"start":{"line":344,"column":12},"end":{"line":346,"column":13}}],"line":344},"58":{"loc":{"start":{"line":344,"column":16},"end":{"line":344,"column":40}},"type":"binary-expr","locations":[{"start":{"line":344,"column":16},"end":{"line":344,"column":31}},{"start":{"line":344,"column":35},"end":{"line":344,"column":40}}],"line":344},"59":{"loc":{"start":{"line":347,"column":12},"end":{"line":347,"column":46}},"type":"if","locations":[{"start":{"line":347,"column":12},"end":{"line":347,"column":46}},{"start":{"line":347,"column":12},"end":{"line":347,"column":46}}],"line":347},"60":{"loc":{"start":{"line":359,"column":14},"end":{"line":359,"column":30}},"type":"default-arg","locations":[{"start":{"line":359,"column":28},"end":{"line":359,"column":30}}],"line":359},"61":{"loc":{"start":{"line":363,"column":8},"end":{"line":366,"column":9}},"type":"if","locations":[{"start":{"line":363,"column":8},"end":{"line":366,"column":9}},{"start":{"line":363,"column":8},"end":{"line":366,"column":9}}],"line":363},"62":{"loc":{"start":{"line":364,"column":12},"end":{"line":364,"column":115}},"type":"if","locations":[{"start":{"line":364,"column":12},"end":{"line":364,"column":115}},{"start":{"line":364,"column":12},"end":{"line":364,"column":115}}],"line":364},"63":{"loc":{"start":{"line":382,"column":8},"end":{"line":382,"column":22}},"type":"default-arg","locations":[{"start":{"line":382,"column":20},"end":{"line":382,"column":22}}],"line":382},"64":{"loc":{"start":{"line":382,"column":24},"end":{"line":382,"column":47}},"type":"default-arg","locations":[{"start":{"line":382,"column":43},"end":{"line":382,"column":47}}],"line":382},"65":{"loc":{"start":{"line":382,"column":49},"end":{"line":382,"column":63}},"type":"default-arg","locations":[{"start":{"line":382,"column":60},"end":{"line":382,"column":63}}],"line":382},"66":{"loc":{"start":{"line":386,"column":8},"end":{"line":386,"column":63}},"type":"if","locations":[{"start":{"line":386,"column":8},"end":{"line":386,"column":63}},{"start":{"line":386,"column":8},"end":{"line":386,"column":63}}],"line":386},"67":{"loc":{"start":{"line":387,"column":8},"end":{"line":390,"column":9}},"type":"if","locations":[{"start":{"line":387,"column":8},"end":{"line":390,"column":9}},{"start":{"line":387,"column":8},"end":{"line":390,"column":9}}],"line":387},"68":{"loc":{"start":{"line":388,"column":12},"end":{"line":388,"column":74}},"type":"if","locations":[{"start":{"line":388,"column":12},"end":{"line":388,"column":74}},{"start":{"line":388,"column":12},"end":{"line":388,"column":74}}],"line":388},"69":{"loc":{"start":{"line":391,"column":8},"end":{"line":394,"column":9}},"type":"if","locations":[{"start":{"line":391,"column":8},"end":{"line":394,"column":9}},{"start":{"line":391,"column":8},"end":{"line":394,"column":9}}],"line":391},"70":{"loc":{"start":{"line":392,"column":12},"end":{"line":392,"column":105}},"type":"if","locations":[{"start":{"line":392,"column":12},"end":{"line":392,"column":105}},{"start":{"line":392,"column":12},"end":{"line":392,"column":105}}],"line":392},"71":{"loc":{"start":{"line":395,"column":8},"end":{"line":414,"column":9}},"type":"if","locations":[{"start":{"line":395,"column":8},"end":{"line":414,"column":9}},{"start":{"line":395,"column":8},"end":{"line":414,"column":9}}],"line":395},"72":{"loc":{"start":{"line":399,"column":12},"end":{"line":412,"column":13}},"type":"if","locations":[{"start":{"line":399,"column":12},"end":{"line":412,"column":13}},{"start":{"line":399,"column":12},"end":{"line":412,"column":13}}],"line":399},"73":{"loc":{"start":{"line":401,"column":16},"end":{"line":409,"column":17}},"type":"if","locations":[{"start":{"line":401,"column":16},"end":{"line":409,"column":17}},{"start":{"line":401,"column":16},"end":{"line":409,"column":17}}],"line":401},"74":{"loc":{"start":{"line":402,"column":20},"end":{"line":406,"column":21}},"type":"if","locations":[{"start":{"line":402,"column":20},"end":{"line":406,"column":21}},{"start":{"line":402,"column":20},"end":{"line":406,"column":21}}],"line":402},"75":{"loc":{"start":{"line":402,"column":24},"end":{"line":402,"column":112}},"type":"binary-expr","locations":[{"start":{"line":402,"column":24},"end":{"line":402,"column":68}},{"start":{"line":402,"column":72},"end":{"line":402,"column":112}}],"line":402},"76":{"loc":{"start":{"line":403,"column":24},"end":{"line":403,"column":131}},"type":"if","locations":[{"start":{"line":403,"column":24},"end":{"line":403,"column":131}},{"start":{"line":403,"column":24},"end":{"line":403,"column":131}}],"line":403},"77":{"loc":{"start":{"line":411,"column":16},"end":{"line":411,"column":86}},"type":"if","locations":[{"start":{"line":411,"column":16},"end":{"line":411,"column":86}},{"start":{"line":411,"column":16},"end":{"line":411,"column":86}}],"line":411},"78":{"loc":{"start":{"line":423,"column":8},"end":{"line":423,"column":20}},"type":"default-arg","locations":[{"start":{"line":423,"column":18},"end":{"line":423,"column":20}}],"line":423},"79":{"loc":{"start":{"line":437,"column":10},"end":{"line":437,"column":30}},"type":"default-arg","locations":[{"start":{"line":437,"column":21},"end":{"line":437,"column":30}}],"line":437},"80":{"loc":{"start":{"line":437,"column":46},"end":{"line":437,"column":58}},"type":"default-arg","locations":[{"start":{"line":437,"column":56},"end":{"line":437,"column":58}}],"line":437},"81":{"loc":{"start":{"line":437,"column":60},"end":{"line":437,"column":72}},"type":"default-arg","locations":[{"start":{"line":437,"column":67},"end":{"line":437,"column":72}}],"line":437},"82":{"loc":{"start":{"line":440,"column":8},"end":{"line":440,"column":65}},"type":"if","locations":[{"start":{"line":440,"column":8},"end":{"line":440,"column":65}},{"start":{"line":440,"column":8},"end":{"line":440,"column":65}}],"line":440},"83":{"loc":{"start":{"line":440,"column":42},"end":{"line":440,"column":65}},"type":"cond-expr","locations":[{"start":{"line":440,"column":49},"end":{"line":440,"column":53}},{"start":{"line":440,"column":56},"end":{"line":440,"column":65}}],"line":440},"84":{"loc":{"start":{"line":443,"column":8},"end":{"line":448,"column":9}},"type":"if","locations":[{"start":{"line":443,"column":8},"end":{"line":448,"column":9}},{"start":{"line":443,"column":8},"end":{"line":448,"column":9}}],"line":443},"85":{"loc":{"start":{"line":443,"column":12},"end":{"line":443,"column":56}},"type":"binary-expr","locations":[{"start":{"line":443,"column":12},"end":{"line":443,"column":29}},{"start":{"line":443,"column":33},"end":{"line":443,"column":56}}],"line":443},"86":{"loc":{"start":{"line":443,"column":34},"end":{"line":443,"column":48}},"type":"binary-expr","locations":[{"start":{"line":443,"column":34},"end":{"line":443,"column":42}},{"start":{"line":443,"column":46},"end":{"line":443,"column":48}}],"line":443},"87":{"loc":{"start":{"line":445,"column":16},"end":{"line":445,"column":57}},"type":"if","locations":[{"start":{"line":445,"column":16},"end":{"line":445,"column":57}},{"start":{"line":445,"column":16},"end":{"line":445,"column":57}}],"line":445},"88":{"loc":{"start":{"line":450,"column":8},"end":{"line":453,"column":9}},"type":"if","locations":[{"start":{"line":450,"column":8},"end":{"line":453,"column":9}},{"start":{"line":450,"column":8},"end":{"line":453,"column":9}}],"line":450},"89":{"loc":{"start":{"line":450,"column":12},"end":{"line":450,"column":46}},"type":"binary-expr","locations":[{"start":{"line":450,"column":12},"end":{"line":450,"column":21}},{"start":{"line":450,"column":25},"end":{"line":450,"column":46}}],"line":450},"90":{"loc":{"start":{"line":452,"column":19},"end":{"line":452,"column":60}},"type":"cond-expr","locations":[{"start":{"line":452,"column":26},"end":{"line":452,"column":30}},{"start":{"line":452,"column":33},"end":{"line":452,"column":60}}],"line":452},"91":{"loc":{"start":{"line":464,"column":12},"end":{"line":464,"column":25}},"type":"default-arg","locations":[{"start":{"line":464,"column":23},"end":{"line":464,"column":25}}],"line":464},"92":{"loc":{"start":{"line":464,"column":27},"end":{"line":464,"column":39}},"type":"default-arg","locations":[{"start":{"line":464,"column":37},"end":{"line":464,"column":39}}],"line":464},"93":{"loc":{"start":{"line":466,"column":8},"end":{"line":466,"column":51}},"type":"if","locations":[{"start":{"line":466,"column":8},"end":{"line":466,"column":51}},{"start":{"line":466,"column":8},"end":{"line":466,"column":51}}],"line":466},"94":{"loc":{"start":{"line":467,"column":25},"end":{"line":467,"column":106}},"type":"binary-expr","locations":[{"start":{"line":467,"column":25},"end":{"line":467,"column":66}},{"start":{"line":467,"column":70},"end":{"line":467,"column":106}}],"line":467},"95":{"loc":{"start":{"line":468,"column":8},"end":{"line":468,"column":39}},"type":"if","locations":[{"start":{"line":468,"column":8},"end":{"line":468,"column":39}},{"start":{"line":468,"column":8},"end":{"line":468,"column":39}}],"line":468},"96":{"loc":{"start":{"line":470,"column":8},"end":{"line":475,"column":9}},"type":"if","locations":[{"start":{"line":470,"column":8},"end":{"line":475,"column":9}},{"start":{"line":470,"column":8},"end":{"line":475,"column":9}}],"line":470},"97":{"loc":{"start":{"line":470,"column":12},"end":{"line":470,"column":57}},"type":"binary-expr","locations":[{"start":{"line":470,"column":12},"end":{"line":470,"column":30}},{"start":{"line":470,"column":34},"end":{"line":470,"column":57}}],"line":470},"98":{"loc":{"start":{"line":470,"column":35},"end":{"line":470,"column":49}},"type":"binary-expr","locations":[{"start":{"line":470,"column":35},"end":{"line":470,"column":43}},{"start":{"line":470,"column":47},"end":{"line":470,"column":49}}],"line":470},"99":{"loc":{"start":{"line":472,"column":16},"end":{"line":472,"column":50}},"type":"if","locations":[{"start":{"line":472,"column":16},"end":{"line":472,"column":50}},{"start":{"line":472,"column":16},"end":{"line":472,"column":50}}],"line":472},"100":{"loc":{"start":{"line":477,"column":8},"end":{"line":481,"column":9}},"type":"if","locations":[{"start":{"line":477,"column":8},"end":{"line":481,"column":9}},{"start":{"line":477,"column":8},"end":{"line":481,"column":9}}],"line":477},"101":{"loc":{"start":{"line":477,"column":12},"end":{"line":477,"column":64}},"type":"binary-expr","locations":[{"start":{"line":477,"column":12},"end":{"line":477,"column":52}},{"start":{"line":477,"column":56},"end":{"line":477,"column":64}}],"line":477},"102":{"loc":{"start":{"line":478,"column":12},"end":{"line":480,"column":51}},"type":"if","locations":[{"start":{"line":478,"column":12},"end":{"line":480,"column":51}},{"start":{"line":478,"column":12},"end":{"line":480,"column":51}}],"line":478},"103":{"loc":{"start":{"line":483,"column":8},"end":{"line":485,"column":110}},"type":"if","locations":[{"start":{"line":483,"column":8},"end":{"line":485,"column":110}},{"start":{"line":483,"column":8},"end":{"line":485,"column":110}}],"line":483},"104":{"loc":{"start":{"line":483,"column":12},"end":{"line":483,"column":46}},"type":"binary-expr","locations":[{"start":{"line":483,"column":12},"end":{"line":483,"column":21}},{"start":{"line":483,"column":25},"end":{"line":483,"column":46}}],"line":483},"105":{"loc":{"start":{"line":484,"column":19},"end":{"line":484,"column":102}},"type":"cond-expr","locations":[{"start":{"line":484,"column":63},"end":{"line":484,"column":72}},{"start":{"line":484,"column":75},"end":{"line":484,"column":102}}],"line":484},"106":{"loc":{"start":{"line":496,"column":8},"end":{"line":496,"column":46}},"type":"if","locations":[{"start":{"line":496,"column":8},"end":{"line":496,"column":46}},{"start":{"line":496,"column":8},"end":{"line":496,"column":46}}],"line":496},"107":{"loc":{"start":{"line":509,"column":8},"end":{"line":509,"column":51}},"type":"if","locations":[{"start":{"line":509,"column":8},"end":{"line":509,"column":51}},{"start":{"line":509,"column":8},"end":{"line":509,"column":51}}],"line":509},"108":{"loc":{"start":{"line":522,"column":8},"end":{"line":522,"column":51}},"type":"if","locations":[{"start":{"line":522,"column":8},"end":{"line":522,"column":51}},{"start":{"line":522,"column":8},"end":{"line":522,"column":51}}],"line":522},"109":{"loc":{"start":{"line":535,"column":8},"end":{"line":535,"column":51}},"type":"if","locations":[{"start":{"line":535,"column":8},"end":{"line":535,"column":51}},{"start":{"line":535,"column":8},"end":{"line":535,"column":51}}],"line":535},"110":{"loc":{"start":{"line":548,"column":8},"end":{"line":548,"column":51}},"type":"if","locations":[{"start":{"line":548,"column":8},"end":{"line":548,"column":51}},{"start":{"line":548,"column":8},"end":{"line":548,"column":51}}],"line":548},"111":{"loc":{"start":{"line":561,"column":8},"end":{"line":561,"column":51}},"type":"if","locations":[{"start":{"line":561,"column":8},"end":{"line":561,"column":51}},{"start":{"line":561,"column":8},"end":{"line":561,"column":51}}],"line":561},"112":{"loc":{"start":{"line":574,"column":8},"end":{"line":577,"column":9}},"type":"if","locations":[{"start":{"line":574,"column":8},"end":{"line":577,"column":9}},{"start":{"line":574,"column":8},"end":{"line":577,"column":9}}],"line":574},"113":{"loc":{"start":{"line":575,"column":12},"end":{"line":575,"column":114}},"type":"if","locations":[{"start":{"line":575,"column":12},"end":{"line":575,"column":114}},{"start":{"line":575,"column":12},"end":{"line":575,"column":114}}],"line":575},"114":{"loc":{"start":{"line":579,"column":8},"end":{"line":579,"column":46}},"type":"if","locations":[{"start":{"line":579,"column":8},"end":{"line":579,"column":46}},{"start":{"line":579,"column":8},"end":{"line":579,"column":46}}],"line":579},"115":{"loc":{"start":{"line":590,"column":8},"end":{"line":593,"column":9}},"type":"if","locations":[{"start":{"line":590,"column":8},"end":{"line":593,"column":9}},{"start":{"line":590,"column":8},"end":{"line":593,"column":9}}],"line":590},"116":{"loc":{"start":{"line":591,"column":12},"end":{"line":591,"column":114}},"type":"if","locations":[{"start":{"line":591,"column":12},"end":{"line":591,"column":114}},{"start":{"line":591,"column":12},"end":{"line":591,"column":114}}],"line":591},"117":{"loc":{"start":{"line":595,"column":8},"end":{"line":612,"column":9}},"type":"if","locations":[{"start":{"line":595,"column":8},"end":{"line":612,"column":9}},{"start":{"line":595,"column":8},"end":{"line":612,"column":9}}],"line":595},"118":{"loc":{"start":{"line":597,"column":12},"end":{"line":597,"column":55}},"type":"if","locations":[{"start":{"line":597,"column":12},"end":{"line":597,"column":55}},{"start":{"line":597,"column":12},"end":{"line":597,"column":55}}],"line":597}},"s":{"0":1,"1":1,"2":1,"3":1,"4":1,"5":2,"6":0,"7":0,"8":0,"9":0,"10":0,"11":0,"12":0,"13":0,"14":0,"15":0,"16":0,"17":0,"18":0,"19":0,"20":0,"21":0,"22":0,"23":0,"24":0,"25":0,"26":0,"27":0,"28":0,"29":0,"30":0,"31":0,"32":0,"33":0,"34":0,"35":0,"36":0,"37":0,"38":0,"39":0,"40":0,"41":0,"42":0,"43":0,"44":0,"45":0,"46":0,"47":0,"48":0,"49":0,"50":0,"51":0,"52":37,"53":37,"54":37,"55":0,"56":0,"57":0,"58":0,"59":0,"60":0,"61":0,"62":0,"63":0,"64":0,"65":0,"66":0,"67":0,"68":0,"69":0,"70":0,"71":4,"72":4,"73":4,"74":0,"75":0,"76":0,"77":0,"78":0,"79":0,"80":0,"81":0,"82":0,"83":0,"84":0,"85":0,"86":0,"87":0,"88":0,"89":0,"90":0,"91":0,"92":0,"93":0,"94":0,"95":0,"96":0,"97":0,"98":0,"99":0,"100":0,"101":0,"102":0,"103":0,"104":0,"105":0,"106":0,"107":0,"108":0,"109":0,"110":0,"111":0,"112":0,"113":0,"114":0,"115":0,"116":0,"117":0,"118":0,"119":0,"120":0,"121":0,"122":0,"123":0,"124":0,"125":0,"126":0,"127":0,"128":0,"129":0,"130":0,"131":0,"132":0,"133":0,"134":0,"135":0,"136":0,"137":0,"138":0,"139":0,"140":0,"141":0,"142":0,"143":0,"144":0,"145":0,"146":0,"147":0,"148":0,"149":0,"150":0,"151":0,"152":0,"153":0,"154":0,"155":0,"156":0,"157":0,"158":0,"159":0,"160":0,"161":0,"162":0,"163":0,"164":0,"165":0,"166":0,"167":0,"168":0,"169":0,"170":0,"171":0,"172":0,"173":0,"174":0,"175":0,"176":0,"177":0,"178":0,"179":0,"180":0,"181":0,"182":0,"183":0,"184":0,"185":0,"186":0,"187":0,"188":0,"189":0,"190":0,"191":0,"192":0,"193":0,"194":0,"195":0,"196":0,"197":0,"198":0,"199":0,"200":0,"201":0,"202":0,"203":0,"204":0,"205":0,"206":0,"207":0,"208":0,"209":0,"210":0,"211":0,"212":0,"213":0,"214":0,"215":0,"216":0,"217":0,"218":0,"219":0,"220":0,"221":0,"222":0,"223":0,"224":0,"225":0,"226":0,"227":0,"228":0,"229":0,"230":0,"231":0,"232":0,"233":0,"234":0,"235":0,"236":0,"237":0,"238":0,"239":0,"240":0,"241":0,"242":0,"243":0,"244":0,"245":0,"246":0,"247":0,"248":0,"249":0,"250":0,"251":0,"252":0,"253":0,"254":0,"255":0,"256":0,"257":0,"258":0,"259":0,"260":0,"261":0,"262":0,"263":0,"264":0,"265":0,"266":0,"267":0,"268":0,"269":0,"270":1},"f":{"0":2,"1":0,"2":0,"3":0,"4":0,"5":0,"6":0,"7":0,"8":0,"9":37,"10":0,"11":0,"12":0,"13":0,"14":4,"15":0,"16":0,"17":0,"18":0,"19":0,"20":0,"21":0,"22":0,"23":0,"24":0,"25":0,"26":0,"27":0,"28":0,"29":0,"30":0,"31":0,"32":0,"33":0,"34":0,"35":0,"36":0,"37":0,"38":0,"39":0,"40":0,"41":0,"42":0,"43":0,"44":0,"45":0,"46":0,"47":0,"48":0},"b":{"0":[0,0],"1":[0],"2":[0,0],"3":[0],"4":[0,0],"5":[0,0],"6":[0,0],"7":[0,0],"8":[0,0],"9":[0,0],"10":[0,0],"11":[0,0],"12":[0,0],"13":[0,0],"14":[0,0],"15":[0,0],"16":[0,0],"17":[0],"18":[0],"19":[0],"20":[0,0],"21":[0,0],"22":[0,0],"23":[0,0],"24":[0],"25":[0,0],"26":[0],"27":[0,0],"28":[0,0],"29":[0,0],"30":[0,0],"31":[0,0],"32":[0,0],"33":[0,0],"34":[0,0],"35":[0,0],"36":[0,0,0],"37":[0,0],"38":[0,0],"39":[0],"40":[0,0],"41":[0,0],"42":[0,0],"43":[0,0],"44":[0,0],"45":[0,0],"46":[0,0],"47":[0,0],"48":[0,0],"49":[0,0],"50":[0,0],"51":[0],"52":[0],"53":[0],"54":[0,0],"55":[0,0],"56":[0,0],"57":[0,0],"58":[0,0],"59":[0,0],"60":[0],"61":[0,0],"62":[0,0],"63":[0],"64":[0],"65":[0],"66":[0,0],"67":[0,0],"68":[0,0],"69":[0,0],"70":[0,0],"71":[0,0],"72":[0,0],"73":[0,0],"74":[0,0],"75":[0,0],"76":[0,0],"77":[0,0],"78":[0],"79":[0],"80":[0],"81":[0],"82":[0,0],"83":[0,0],"84":[0,0],"85":[0,0],"86":[0,0],"87":[0,0],"88":[0,0],"89":[0,0],"90":[0,0],"91":[0],"92":[0],"93":[0,0],"94":[0,0],"95":[0,0],"96":[0,0],"97":[0,0],"98":[0,0],"99":[0,0],"100":[0,0],"101":[0,0],"102":[0,0],"103":[0,0],"104":[0,0],"105":[0,0],"106":[0,0],"107":[0,0],"108":[0,0],"109":[0,0],"110":[0,0],"111":[0,0],"112":[0,0],"113":[0,0],"114":[0,0],"115":[0,0],"116":[0,0],"117":[0,0],"118":[0,0]},"_coverageSchema":"1a1c01bbd47fc00a2c39e90264f33305004495a9","hash":"8cf9cd69409e35d760f9a07cad461a79c21a38a4","contentHash":"aae5a5e29eb8b0265e55e33dd2720e926f839c104fdd39bc31c09bb5580bd570"},"/media/vendeta/exchange-2/x-workflow/~GITHUB_WORK/pocket.js/libs/Probe/Probe.js":{"path":"/media/vendeta/exchange-2/x-workflow/~GITHUB_WORK/pocket.js/libs/Probe/Probe.js","statementMap":{"0":{"start":{"line":9,"column":110},"end":{"line":9,"column":135}},"1":{"start":{"line":10,"column":22},"end":{"line":10,"column":49}},"2":{"start":{"line":25,"column":8},"end":{"line":25,"column":33}},"3":{"start":{"line":27,"column":8},"end":{"line":27,"column":35}},"4":{"start":{"line":28,"column":8},"end":{"line":28,"column":74}},"5":{"start":{"line":28,"column":44},"end":{"line":28,"column":74}},"6":{"start":{"line":29,"column":8},"end":{"line":29,"column":84}},"7":{"start":{"line":29,"column":50},"end":{"line":29,"column":84}},"8":{"start":{"line":30,"column":8},"end":{"line":30,"column":23}},"9":{"start":{"line":31,"column":8},"end":{"line":31,"column":24}},"10":{"start":{"line":32,"column":8},"end":{"line":32,"column":24}},"11":{"start":{"line":33,"column":8},"end":{"line":33,"column":25}},"12":{"start":{"line":34,"column":8},"end":{"line":34,"column":27}},"13":{"start":{"line":35,"column":8},"end":{"line":35,"column":25}},"14":{"start":{"line":36,"column":8},"end":{"line":36,"column":29}},"15":{"start":{"line":37,"column":8},"end":{"line":37,"column":27}},"16":{"start":{"line":38,"column":8},"end":{"line":38,"column":29}},"17":{"start":{"line":39,"column":8},"end":{"line":41,"column":9}},"18":{"start":{"line":42,"column":8},"end":{"line":42,"column":30}},"19":{"start":{"line":43,"column":8},"end":{"line":43,"column":26}},"20":{"start":{"line":44,"column":8},"end":{"line":44,"column":28}},"21":{"start":{"line":45,"column":8},"end":{"line":45,"column":28}},"22":{"start":{"line":47,"column":8},"end":{"line":47,"column":46}},"23":{"start":{"line":48,"column":8},"end":{"line":48,"column":42}},"24":{"start":{"line":49,"column":8},"end":{"line":49,"column":43}},"25":{"start":{"line":51,"column":8},"end":{"line":51,"column":54}},"26":{"start":{"line":52,"column":8},"end":{"line":52,"column":57}},"27":{"start":{"line":53,"column":8},"end":{"line":53,"column":59}},"28":{"start":{"line":56,"column":8},"end":{"line":56,"column":57}},"29":{"start":{"line":56,"column":37},"end":{"line":56,"column":57}},"30":{"start":{"line":57,"column":8},"end":{"line":57,"column":61}},"31":{"start":{"line":57,"column":39},"end":{"line":57,"column":61}},"32":{"start":{"line":58,"column":8},"end":{"line":58,"column":58}},"33":{"start":{"line":58,"column":28},"end":{"line":58,"column":58}},"34":{"start":{"line":60,"column":8},"end":{"line":60,"column":34}},"35":{"start":{"line":67,"column":8},"end":{"line":67,"column":37}},"36":{"start":{"line":67,"column":22},"end":{"line":67,"column":37}},"37":{"start":{"line":68,"column":8},"end":{"line":68,"column":23}},"38":{"start":{"line":69,"column":8},"end":{"line":69,"column":23}},"39":{"start":{"line":73,"column":8},"end":{"line":76,"column":9}},"40":{"start":{"line":74,"column":12},"end":{"line":74,"column":89}},"41":{"start":{"line":74,"column":28},"end":{"line":74,"column":89}},"42":{"start":{"line":75,"column":12},"end":{"line":75,"column":18}},"43":{"start":{"line":77,"column":8},"end":{"line":77,"column":38}},"44":{"start":{"line":77,"column":16},"end":{"line":77,"column":38}},"45":{"start":{"line":78,"column":8},"end":{"line":78,"column":71}},"46":{"start":{"line":78,"column":37},"end":{"line":78,"column":71}},"47":{"start":{"line":79,"column":8},"end":{"line":79,"column":82}},"48":{"start":{"line":79,"column":36},"end":{"line":79,"column":82}},"49":{"start":{"line":80,"column":8},"end":{"line":80,"column":83}},"50":{"start":{"line":80,"column":37},"end":{"line":80,"column":83}},"51":{"start":{"line":83,"column":20},"end":{"line":83,"column":60}},"52":{"start":{"line":84,"column":21},"end":{"line":84,"column":42}},"53":{"start":{"line":85,"column":8},"end":{"line":85,"column":75}},"54":{"start":{"line":85,"column":26},"end":{"line":85,"column":75}},"55":{"start":{"line":87,"column":8},"end":{"line":87,"column":47}},"56":{"start":{"line":89,"column":8},"end":{"line":91,"column":9}},"57":{"start":{"line":90,"column":12},"end":{"line":90,"column":103}},"58":{"start":{"line":93,"column":8},"end":{"line":93,"column":20}},"59":{"start":{"line":100,"column":8},"end":{"line":100,"column":23}},"60":{"start":{"line":108,"column":8},"end":{"line":108,"column":22}},"61":{"start":{"line":108,"column":16},"end":{"line":108,"column":22}},"62":{"start":{"line":113,"column":8},"end":{"line":113,"column":55}},"63":{"start":{"line":114,"column":8},"end":{"line":114,"column":52}},"64":{"start":{"line":114,"column":48},"end":{"line":114,"column":51}},"65":{"start":{"line":115,"column":8},"end":{"line":115,"column":36}},"66":{"start":{"line":123,"column":8},"end":{"line":123,"column":49}},"67":{"start":{"line":123,"column":33},"end":{"line":123,"column":49}},"68":{"start":{"line":124,"column":8},"end":{"line":124,"column":26}},"69":{"start":{"line":131,"column":8},"end":{"line":131,"column":24}},"70":{"start":{"line":139,"column":8},"end":{"line":139,"column":22}},"71":{"start":{"line":139,"column":16},"end":{"line":139,"column":22}},"72":{"start":{"line":140,"column":8},"end":{"line":143,"column":9}},"73":{"start":{"line":141,"column":12},"end":{"line":141,"column":54}},"74":{"start":{"line":142,"column":12},"end":{"line":142,"column":18}},"75":{"start":{"line":144,"column":8},"end":{"line":144,"column":72}},"76":{"start":{"line":144,"column":66},"end":{"line":144,"column":72}},"77":{"start":{"line":146,"column":8},"end":{"line":146,"column":21}},"78":{"start":{"line":147,"column":8},"end":{"line":147,"column":34}},"79":{"start":{"line":154,"column":8},"end":{"line":154,"column":29}},"80":{"start":{"line":158,"column":8},"end":{"line":158,"column":35}},"81":{"start":{"line":158,"column":29},"end":{"line":158,"column":35}},"82":{"start":{"line":159,"column":8},"end":{"line":162,"column":9}},"83":{"start":{"line":160,"column":12},"end":{"line":160,"column":125}},"84":{"start":{"line":160,"column":53},"end":{"line":160,"column":125}},"85":{"start":{"line":161,"column":12},"end":{"line":161,"column":18}},"86":{"start":{"line":163,"column":8},"end":{"line":163,"column":22}},"87":{"start":{"line":163,"column":16},"end":{"line":163,"column":22}},"88":{"start":{"line":164,"column":8},"end":{"line":167,"column":9}},"89":{"start":{"line":165,"column":12},"end":{"line":165,"column":76}},"90":{"start":{"line":165,"column":28},"end":{"line":165,"column":76}},"91":{"start":{"line":166,"column":12},"end":{"line":166,"column":18}},"92":{"start":{"line":169,"column":8},"end":{"line":169,"column":26}},"93":{"start":{"line":170,"column":8},"end":{"line":170,"column":39}},"94":{"start":{"line":174,"column":8},"end":{"line":174,"column":35}},"95":{"start":{"line":174,"column":29},"end":{"line":174,"column":35}},"96":{"start":{"line":175,"column":8},"end":{"line":178,"column":9}},"97":{"start":{"line":176,"column":12},"end":{"line":176,"column":103}},"98":{"start":{"line":176,"column":53},"end":{"line":176,"column":103}},"99":{"start":{"line":177,"column":12},"end":{"line":177,"column":18}},"100":{"start":{"line":180,"column":8},"end":{"line":180,"column":22}},"101":{"start":{"line":180,"column":16},"end":{"line":180,"column":22}},"102":{"start":{"line":181,"column":8},"end":{"line":184,"column":9}},"103":{"start":{"line":182,"column":12},"end":{"line":182,"column":69}},"104":{"start":{"line":182,"column":28},"end":{"line":182,"column":69}},"105":{"start":{"line":183,"column":12},"end":{"line":183,"column":18}},"106":{"start":{"line":185,"column":8},"end":{"line":185,"column":75}},"107":{"start":{"line":185,"column":36},"end":{"line":185,"column":75}},"108":{"start":{"line":186,"column":8},"end":{"line":186,"column":88}},"109":{"start":{"line":186,"column":37},"end":{"line":186,"column":88}},"110":{"start":{"line":187,"column":20},"end":{"line":187,"column":60}},"111":{"start":{"line":188,"column":21},"end":{"line":188,"column":42}},"112":{"start":{"line":189,"column":8},"end":{"line":189,"column":77}},"113":{"start":{"line":189,"column":26},"end":{"line":189,"column":77}},"114":{"start":{"line":191,"column":8},"end":{"line":191,"column":56}},"115":{"start":{"line":198,"column":8},"end":{"line":198,"column":25}},"116":{"start":{"line":202,"column":8},"end":{"line":202,"column":35}},"117":{"start":{"line":202,"column":29},"end":{"line":202,"column":35}},"118":{"start":{"line":206,"column":25},"end":{"line":206,"column":77}},"119":{"start":{"line":207,"column":8},"end":{"line":211,"column":9}},"120":{"start":{"line":209,"column":12},"end":{"line":209,"column":131}},"121":{"start":{"line":209,"column":53},"end":{"line":209,"column":131}},"122":{"start":{"line":210,"column":12},"end":{"line":210,"column":18}},"123":{"start":{"line":213,"column":8},"end":{"line":213,"column":25}},"124":{"start":{"line":214,"column":8},"end":{"line":214,"column":105}},"125":{"start":{"line":214,"column":82},"end":{"line":214,"column":105}},"126":{"start":{"line":216,"column":8},"end":{"line":216,"column":22}},"127":{"start":{"line":217,"column":8},"end":{"line":217,"column":48}},"128":{"start":{"line":217,"column":31},"end":{"line":217,"column":48}},"129":{"start":{"line":218,"column":8},"end":{"line":218,"column":35}},"130":{"start":{"line":228,"column":8},"end":{"line":228,"column":25}},"131":{"start":{"line":238,"column":8},"end":{"line":241,"column":9}},"132":{"start":{"line":239,"column":12},"end":{"line":239,"column":114}},"133":{"start":{"line":239,"column":53},"end":{"line":239,"column":114}},"134":{"start":{"line":240,"column":12},"end":{"line":240,"column":23}},"135":{"start":{"line":242,"column":8},"end":{"line":245,"column":9}},"136":{"start":{"line":243,"column":12},"end":{"line":243,"column":125}},"137":{"start":{"line":243,"column":28},"end":{"line":243,"column":125}},"138":{"start":{"line":244,"column":12},"end":{"line":244,"column":23}},"139":{"start":{"line":246,"column":8},"end":{"line":247,"column":53}},"140":{"start":{"line":246,"column":37},"end":{"line":246,"column":83}},"141":{"start":{"line":247,"column":13},"end":{"line":247,"column":53}},"142":{"start":{"line":247,"column":37},"end":{"line":247,"column":53}},"143":{"start":{"line":248,"column":8},"end":{"line":248,"column":19}},"144":{"start":{"line":257,"column":8},"end":{"line":263,"column":9}},"145":{"start":{"line":277,"column":8},"end":{"line":277,"column":27}},"146":{"start":{"line":282,"column":9},"end":{"line":366,"column":13}},"147":{"start":{"line":283,"column":12},"end":{"line":288,"column":13}},"148":{"start":{"line":285,"column":16},"end":{"line":285,"column":115}},"149":{"start":{"line":285,"column":103},"end":{"line":285,"column":115}},"150":{"start":{"line":287,"column":16},"end":{"line":287,"column":58}},"151":{"start":{"line":295,"column":12},"end":{"line":365,"column":13}},"152":{"start":{"line":297,"column":20},"end":{"line":300,"column":21}},"153":{"start":{"line":298,"column":24},"end":{"line":298,"column":124}},"154":{"start":{"line":298,"column":40},"end":{"line":298,"column":124}},"155":{"start":{"line":299,"column":24},"end":{"line":299,"column":29}},"156":{"start":{"line":302,"column":20},"end":{"line":302,"column":39}},"157":{"start":{"line":303,"column":20},"end":{"line":303,"column":58}},"158":{"start":{"line":304,"column":20},"end":{"line":304,"column":40}},"159":{"start":{"line":305,"column":20},"end":{"line":305,"column":46}},"160":{"start":{"line":306,"column":20},"end":{"line":306,"column":49}},"161":{"start":{"line":307,"column":20},"end":{"line":307,"column":25}},"162":{"start":{"line":310,"column":20},"end":{"line":313,"column":21}},"163":{"start":{"line":311,"column":24},"end":{"line":311,"column":132}},"164":{"start":{"line":311,"column":40},"end":{"line":311,"column":132}},"165":{"start":{"line":312,"column":24},"end":{"line":312,"column":29}},"166":{"start":{"line":315,"column":20},"end":{"line":321,"column":21}},"167":{"start":{"line":316,"column":24},"end":{"line":316,"column":43}},"168":{"start":{"line":317,"column":24},"end":{"line":317,"column":62}},"169":{"start":{"line":318,"column":24},"end":{"line":318,"column":50}},"170":{"start":{"line":319,"column":24},"end":{"line":319,"column":53}},"171":{"start":{"line":320,"column":24},"end":{"line":320,"column":74}},"172":{"start":{"line":320,"column":40},"end":{"line":320,"column":74}},"173":{"start":{"line":323,"column":20},"end":{"line":323,"column":25}},"174":{"start":{"line":326,"column":20},"end":{"line":329,"column":21}},"175":{"start":{"line":327,"column":24},"end":{"line":327,"column":152}},"176":{"start":{"line":327,"column":40},"end":{"line":327,"column":152}},"177":{"start":{"line":328,"column":24},"end":{"line":328,"column":29}},"178":{"start":{"line":330,"column":20},"end":{"line":330,"column":58}},"179":{"start":{"line":331,"column":20},"end":{"line":331,"column":46}},"180":{"start":{"line":333,"column":20},"end":{"line":333,"column":39}},"181":{"start":{"line":334,"column":20},"end":{"line":334,"column":49}},"182":{"start":{"line":335,"column":20},"end":{"line":335,"column":38}},"183":{"start":{"line":338,"column":20},"end":{"line":338,"column":25}},"184":{"start":{"line":341,"column":20},"end":{"line":344,"column":21}},"185":{"start":{"line":342,"column":24},"end":{"line":342,"column":128}},"186":{"start":{"line":342,"column":40},"end":{"line":342,"column":128}},"187":{"start":{"line":343,"column":24},"end":{"line":343,"column":29}},"188":{"start":{"line":346,"column":20},"end":{"line":346,"column":39}},"189":{"start":{"line":347,"column":20},"end":{"line":347,"column":58}},"190":{"start":{"line":348,"column":20},"end":{"line":348,"column":46}},"191":{"start":{"line":349,"column":20},"end":{"line":349,"column":86}},"192":{"start":{"line":350,"column":20},"end":{"line":350,"column":49}},"193":{"start":{"line":351,"column":20},"end":{"line":351,"column":25}},"194":{"start":{"line":354,"column":20},"end":{"line":354,"column":59}},"195":{"start":{"line":354,"column":53},"end":{"line":354,"column":59}},"196":{"start":{"line":357,"column":20},"end":{"line":357,"column":58}},"197":{"start":{"line":358,"column":20},"end":{"line":358,"column":46}},"198":{"start":{"line":359,"column":20},"end":{"line":359,"column":49}},"199":{"start":{"line":360,"column":20},"end":{"line":360,"column":38}},"200":{"start":{"line":361,"column":20},"end":{"line":361,"column":25}},"201":{"start":{"line":364,"column":20},"end":{"line":364,"column":120}},"202":{"start":{"line":364,"column":36},"end":{"line":364,"column":120}},"203":{"start":{"line":377,"column":26},"end":{"line":377,"column":46}},"204":{"start":{"line":378,"column":18},"end":{"line":378,"column":40}},"205":{"start":{"line":379,"column":8},"end":{"line":379,"column":33}},"206":{"start":{"line":389,"column":28},"end":{"line":389,"column":112}},"207":{"start":{"line":389,"column":66},"end":{"line":389,"column":91}},"208":{"start":{"line":389,"column":104},"end":{"line":389,"column":110}},"209":{"start":{"line":390,"column":8},"end":{"line":390,"column":46}},"210":{"start":{"line":391,"column":8},"end":{"line":391,"column":26}},"211":{"start":{"line":403,"column":8},"end":{"line":403,"column":42}},"212":{"start":{"line":411,"column":8},"end":{"line":411,"column":42}},"213":{"start":{"line":419,"column":8},"end":{"line":419,"column":34}},"214":{"start":{"line":427,"column":18},"end":{"line":427,"column":147}},"215":{"start":{"line":428,"column":8},"end":{"line":428,"column":63}},"216":{"start":{"line":428,"column":31},"end":{"line":428,"column":63}},"217":{"start":{"line":429,"column":8},"end":{"line":429,"column":16}},"218":{"start":{"line":438,"column":8},"end":{"line":441,"column":9}},"219":{"start":{"line":439,"column":12},"end":{"line":439,"column":96}},"220":{"start":{"line":439,"column":28},"end":{"line":439,"column":96}},"221":{"start":{"line":440,"column":12},"end":{"line":440,"column":23}},"222":{"start":{"line":442,"column":8},"end":{"line":445,"column":9}},"223":{"start":{"line":443,"column":12},"end":{"line":443,"column":68}},"224":{"start":{"line":443,"column":28},"end":{"line":443,"column":68}},"225":{"start":{"line":444,"column":12},"end":{"line":444,"column":23}},"226":{"start":{"line":446,"column":29},"end":{"line":446,"column":82}},"227":{"start":{"line":449,"column":8},"end":{"line":449,"column":71}},"228":{"start":{"line":451,"column":8},"end":{"line":454,"column":9}},"229":{"start":{"line":452,"column":12},"end":{"line":452,"column":90}},"230":{"start":{"line":452,"column":28},"end":{"line":452,"column":90}},"231":{"start":{"line":453,"column":12},"end":{"line":453,"column":23}},"232":{"start":{"line":456,"column":24},"end":{"line":456,"column":65}},"233":{"start":{"line":457,"column":8},"end":{"line":457,"column":43}},"234":{"start":{"line":459,"column":21},"end":{"line":459,"column":25}},"235":{"start":{"line":461,"column":8},"end":{"line":464,"column":9}},"236":{"start":{"line":462,"column":12},"end":{"line":462,"column":92}},"237":{"start":{"line":462,"column":28},"end":{"line":462,"column":92}},"238":{"start":{"line":463,"column":12},"end":{"line":463,"column":23}},"239":{"start":{"line":466,"column":8},"end":{"line":492,"column":10}},"240":{"start":{"line":469,"column":12},"end":{"line":472,"column":13}},"241":{"start":{"line":470,"column":16},"end":{"line":470,"column":39}},"242":{"start":{"line":471,"column":16},"end":{"line":471,"column":22}},"243":{"start":{"line":477,"column":12},"end":{"line":487,"column":13}},"244":{"start":{"line":478,"column":16},"end":{"line":485,"column":17}},"245":{"start":{"line":479,"column":28},"end":{"line":482,"column":21}},"246":{"start":{"line":483,"column":20},"end":{"line":483,"column":40}},"247":{"start":{"line":484,"column":20},"end":{"line":484,"column":39}},"248":{"start":{"line":486,"column":16},"end":{"line":486,"column":27}},
[...]
:[{"start":{"line":132,"column":8},"end":{"line":132,"column":33}},{"start":{"line":132,"column":8},"end":{"line":132,"column":33}}],"line":132},"20":{"loc":{"start":{"line":143,"column":24},"end":{"line":143,"column":38}},"type":"default-arg","locations":[{"start":{"line":143,"column":36},"end":{"line":143,"column":38}}],"line":143},"21":{"loc":{"start":{"line":144,"column":8},"end":{"line":144,"column":30}},"type":"if","locations":[{"start":{"line":144,"column":8},"end":{"line":144,"column":30}},{"start":{"line":144,"column":8},"end":{"line":144,"column":30}}],"line":144},"22":{"loc":{"start":{"line":146,"column":8},"end":{"line":156,"column":9}},"type":"if","locations":[{"start":{"line":146,"column":8},"end":{"line":156,"column":9}},{"start":{"line":146,"column":8},"end":{"line":156,"column":9}}],"line":146},"23":{"loc":{"start":{"line":148,"column":40},"end":{"line":148,"column":53}},"type":"binary-expr","locations":[{"start":{"line":148,"column":40},"end":{"line":148,"column":47}},{"start":{"line":148,"column":51},"end":{"line":148,"column":53}}],"line":148},"24":{"loc":{"start":{"line":149,"column":16},"end":{"line":149,"column":40}},"type":"if","locations":[{"start":{"line":149,"column":16},"end":{"line":149,"column":40}},{"start":{"line":149,"column":16},"end":{"line":149,"column":40}}],"line":149},"25":{"loc":{"start":{"line":150,"column":16},"end":{"line":154,"column":17}},"type":"if","locations":[{"start":{"line":150,"column":16},"end":{"line":154,"column":17}},{"start":{"line":150,"column":16},"end":{"line":154,"column":17}}],"line":150},"26":{"loc":{"start":{"line":153,"column":20},"end":{"line":153,"column":136}},"type":"if","locations":[{"start":{"line":153,"column":20},"end":{"line":153,"column":136}},{"start":{"line":153,"column":20},"end":{"line":153,"column":136}}],"line":153},"27":{"loc":{"start":{"line":176,"column":28},"end":{"line":176,"column":56}},"type":"default-arg","locations":[{"start":{"line":176,"column":53},"end":{"line":176,"column":56}}],"line":176},"28":{"loc":{"start":{"line":177,"column":8},"end":{"line":177,"column":51}},"type":"if","locations":[{"start":{"line":177,"column":8},"end":{"line":177,"column":51}},{"start":{"line":177,"column":8},"end":{"line":177,"column":51}}],"line":177},"29":{"loc":{"start":{"line":188,"column":32},"end":{"line":188,"column":91}},"type":"binary-expr","locations":[{"start":{"line":188,"column":32},"end":{"line":188,"column":57}},{"start":{"line":188,"column":61},"end":{"line":188,"column":91}}],"line":188},"30":{"loc":{"start":{"line":189,"column":12},"end":{"line":193,"column":13}},"type":"if","locations":[{"start":{"line":189,"column":12},"end":{"line":193,"column":13}},{"start":{"line":189,"column":12},"end":{"line":193,"column":13}}],"line":189},"31":{"loc":{"start":{"line":197,"column":8},"end":{"line":198,"column":30}},"type":"if","locations":[{"start":{"line":197,"column":8},"end":{"line":198,"column":30}},{"start":{"line":197,"column":8},"end":{"line":198,"column":30}}],"line":197},"32":{"loc":{"start":{"line":207,"column":17},"end":{"line":207,"column":35}},"type":"default-arg","locations":[{"start":{"line":207,"column":33},"end":{"line":207,"column":35}}],"line":207},"33":{"loc":{"start":{"line":207,"column":37},"end":{"line":207,"column":61}},"type":"default-arg","locations":[{"start":{"line":207,"column":57},"end":{"line":207,"column":61}}],"line":207},"34":{"loc":{"start":{"line":208,"column":24},"end":{"line":208,"column":69}},"type":"cond-expr","locations":[{"start":{"line":208,"column":51},"end":{"line":208,"column":53}},{"start":{"line":208,"column":56},"end":{"line":208,"column":69}}],"line":208},"35":{"loc":{"start":{"line":209,"column":8},"end":{"line":209,"column":70}},"type":"if","locations":[{"start":{"line":209,"column":8},"end":{"line":209,"column":70}},{"start":{"line":209,"column":8},"end":{"line":209,"column":70}}],"line":209},"36":{"loc":{"start":{"line":209,"column":12},"end":{"line":209,"column":57}},"type":"binary-expr","locations":[{"start":{"line":209,"column":12},"end":{"line":209,"column":40}},{"start":{"line":209,"column":44},"end":{"line":209,"column":57}}],"line":209},"37":{"loc":{"start":{"line":210,"column":8},"end":{"line":213,"column":9}},"type":"if","locations":[{"start":{"line":210,"column":8},"end":{"line":213,"column":9}},{"start":{"line":210,"column":8},"end":{"line":213,"column":9}}],"line":210},"38":{"loc":{"start":{"line":210,"column":12},"end":{"line":210,"column":73}},"type":"binary-expr","locations":[{"start":{"line":210,"column":12},"end":{"line":210,"column":42}},{"start":{"line":210,"column":46},"end":{"line":210,"column":73}}],"line":210},"39":{"loc":{"start":{"line":211,"column":12},"end":{"line":211,"column":121}},"type":"if","locations":[{"start":{"line":211,"column":12},"end":{"line":211,"column":121}},{"start":{"line":211,"column":12},"end":{"line":211,"column":121}}],"line":211},"40":{"loc":{"start":{"line":215,"column":8},"end":{"line":218,"column":9}},"type":"if","locations":[{"start":{"line":215,"column":8},"end":{"line":218,"column":9}},{"start":{"line":215,"column":8},"end":{"line":218,"column":9}}],"line":215},"41":{"loc":{"start":{"line":215,"column":12},"end":{"line":215,"column":88}},"type":"binary-expr","locations":[{"start":{"line":215,"column":12},"end":{"line":215,"column":47}},{"start":{"line":215,"column":51},"end":{"line":215,"column":88}}],"line":215},"42":{"loc":{"start":{"line":216,"column":12},"end":{"line":216,"column":127}},"type":"if","locations":[{"start":{"line":216,"column":12},"end":{"line":216,"column":127}},{"start":{"line":216,"column":12},"end":{"line":216,"column":127}}],"line":216},"43":{"loc":{"start":{"line":220,"column":8},"end":{"line":220,"column":68}},"type":"if","locations":[{"start":{"line":220,"column":8},"end":{"line":220,"column":68}},{"start":{"line":220,"column":8},"end":{"line":220,"column":68}}],"line":220},"44":{"loc":{"start":{"line":221,"column":8},"end":{"line":224,"column":9}},"type":"if","locations":[{"start":{"line":221,"column":8},"end":{"line":224,"column":9}},{"start":{"line":221,"column":8},"end":{"line":224,"column":9}}],"line":221},"45":{"loc":{"start":{"line":222,"column":12},"end":{"line":222,"column":66}},"type":"if","locations":[{"start":{"line":222,"column":12},"end":{"line":222,"column":66}},{"start":{"line":222,"column":12},"end":{"line":222,"column":66}}],"line":222},"46":{"loc":{"start":{"line":230,"column":22},"end":{"line":230,"column":49}},"type":"binary-expr","locations":[{"start":{"line":230,"column":22},"end":{"line":230,"column":41}},{"start":{"line":230,"column":45},"end":{"line":230,"column":49}}],"line":230},"47":{"loc":{"start":{"line":231,"column":36},"end":{"line":231,"column":59}},"type":"binary-expr","locations":[{"start":{"line":231,"column":36},"end":{"line":231,"column":53}},{"start":{"line":231,"column":57},"end":{"line":231,"column":59}}],"line":231},"48":{"loc":{"start":{"line":232,"column":12},"end":{"line":233,"column":84}},"type":"if","locations":[{"start":{"line":232,"column":12},"end":{"line":233,"column":84}},{"start":{"line":232,"column":12},"end":{"line":233,"column":84}}],"line":232},"49":{"loc":{"start":{"line":232,"column":16},"end":{"line":232,"column":35}},"type":"binary-expr","locations":[{"start":{"line":232,"column":16},"end":{"line":232,"column":30}},{"start":{"line":232,"column":34},"end":{"line":232,"column":35}}],"line":232},"50":{"loc":{"start":{"line":233,"column":17},"end":{"line":233,"column":84}},"type":"if","locations":[{"start":{"line":233,"column":17},"end":{"line":233,"column":84}},{"start":{"line":233,"column":17},"end":{"line":233,"column":84}}],"line":233},"51":{"loc":{"start":{"line":233,"column":21},"end":{"line":233,"column":45}},"type":"binary-expr","locations":[{"start":{"line":233,"column":21},"end":{"line":233,"column":40}},{"start":{"line":233,"column":44},"end":{"line":233,"column":45}}],"line":233},"52":{"loc":{"start":{"line":238,"column":8},"end":{"line":240,"column":66}},"type":"if","locations":[{"start":{"line":238,"column":8},"end":{"line":240,"column":66}},{"start":{"line":238,"column":8},"end":{"line":240,"column":66}}],"line":238},"53":{"loc":{"start":{"line":239,"column":12},"end":{"line":239,"column":124}},"type":"if","locations":[{"start":{"line":239,"column":12},"end":{"line":239,"column":124}},{"start":{"line":239,"column":12},"end":{"line":239,"column":124}}],"line":239},"54":{"loc":{"start":{"line":240,"column":15},"end":{"line":240,"column":66}},"type":"if","locations":[{"start":{"line":240,"column":15},"end":{"line":240,"column":66}},{"start":{"line":240,"column":15},"end":{"line":240,"column":66}}],"line":240},"55":{"loc":{"start":{"line":249,"column":18},"end":{"line":249,"column":32}},"type":"default-arg","locations":[{"start":{"line":249,"column":30},"end":{"line":249,"column":32}}],"line":249},"56":{"loc":{"start":{"line":249,"column":34},"end":{"line":249,"column":46}},"type":"default-arg","locations":[{"start":{"line":249,"column":42},"end":{"line":249,"column":46}}],"line":249},"57":{"loc":{"start":{"line":249,"column":48},"end":{"line":249,"column":63}},"type":"default-arg","locations":[{"start":{"line":249,"column":55},"end":{"line":249,"column":63}}],"line":249},"58":{"loc":{"start":{"line":250,"column":8},"end":{"line":250,"column":78}},"type":"if","locations":[{"start":{"line":250,"column":8},"end":{"line":250,"column":78}},{"start":{"line":250,"column":8},"end":{"line":250,"column":78}}],"line":250},"59":{"loc":{"start":{"line":250,"column":12},"end":{"line":250,"column":45}},"type":"binary-expr","locations":[{"start":{"line":250,"column":12},"end":{"line":250,"column":22}},{"start":{"line":250,"column":26},"end":{"line":250,"column":45}}],"line":250},"60":{"loc":{"start":{"line":251,"column":8},"end":{"line":251,"column":60}},"type":"if","locations":[{"start":{"line":251,"column":8},"end":{"line":251,"column":60}},{"start":{"line":251,"column":8},"end":{"line":251,"column":60}}],"line":251},"61":{"loc":{"start":{"line":252,"column":8},"end":{"line":252,"column":85}},"type":"if","locations":[{"start":{"line":252,"column":8},"end":{"line":252,"column":85}},{"start":{"line":252,"column":8},"end":{"line":252,"column":85}}],"line":252},"62":{"loc":{"start":{"line":252,"column":12},"end":{"line":252,"column":52}},"type":"binary-expr","locations":[{"start":{"line":252,"column":12},"end":{"line":252,"column":21}},{"start":{"line":252,"column":25},"end":{"line":252,"column":52}}],"line":252},"63":{"loc":{"start":{"line":253,"column":8},"end":{"line":253,"column":74}},"type":"if","locations":[{"start":{"line":253,"column":8},"end":{"line":253,"column":74}},{"start":{"line":253,"column":8},"end":{"line":253,"column":74}}],"line":253},"64":{"loc":{"start":{"line":253,"column":12},"end":{"line":253,"column":61}},"type":"binary-expr","locations":[{"start":{"line":253,"column":12},"end":{"line":253,"column":40}},{"start":{"line":253,"column":44},"end":{"line":253,"column":61}}],"line":253},"65":{"loc":{"start":{"line":254,"column":8},"end":{"line":254,"column":35}},"type":"if","locations":[{"start":{"line":254,"column":8},"end":{"line":254,"column":35}},{"start":{"line":254,"column":8},"end":{"line":254,"column":35}}],"line":254},"66":{"loc":{"start":{"line":255,"column":8},"end":{"line":255,"column":78}},"type":"if","locations":[{"start":{"line":255,"column":8},"end":{"line":255,"column":78}},{"start":{"line":255,"column":8},"end":{"line":255,"column":78}}],"line":255},"67":{"loc":{"start":{"line":255,"column":12},"end":{"line":255,"column":45}},"type":"binary-expr","locations":[{"start":{"line":255,"column":12},"end":{"line":255,"column":21}},{"start":{"line":255,"column":25},"end":{"line":255,"column":45}}],"line":255},"68":{"loc":{"start":{"line":265,"column":16},"end":{"line":265,"column":28}},"type":"default-arg","locations":[{"start":{"line":265,"column":26},"end":{"line":265,"column":28}}],"line":265},"69":{"loc":{"start":{"line":265,"column":30},"end":{"line":265,"column":42}},"type":"default-arg","locations":[{"start":{"line":265,"column":38},"end":{"line":265,"column":42}}],"line":265},"70":{"loc":{"start":{"line":266,"column":8},"end":{"line":266,"column":70}},"type":"if","locations":[{"start":{"line":266,"column":8},"end":{"line":266,"column":70}},{"start":{"line":266,"column":8},"end":{"line":266,"column":70}}],"line":266},"71":{"loc":{"start":{"line":266,"column":12},"end":{"line":266,"column":41}},"type":"binary-expr","locations":[{"start":{"line":266,"column":12},"end":{"line":266,"column":20}},{"start":{"line":266,"column":24},"end":{"line":266,"column":41}}],"line":266},"72":{"loc":{"start":{"line":267,"column":8},"end":{"line":267,"column":50}},"type":"if","locations":[{"start":{"line":267,"column":8},"end":{"line":267,"column":50}},{"start":{"line":267,"column":8},"end":{"line":267,"column":50}}],"line":267},"73":{"loc":{"start":{"line":268,"column":8},"end":{"line":268,"column":72}},"type":"if","locations":[{"start":{"line":268,"column":8},"end":{"line":268,"column":72}},{"start":{"line":268,"column":8},"end":{"line":268,"column":72}}],"line":268},"74":{"loc":{"start":{"line":268,"column":12},"end":{"line":268,"column":43}},"type":"binary-expr","locations":[{"start":{"line":268,"column":12},"end":{"line":268,"column":19}},{"start":{"line":268,"column":23},"end":{"line":268,"column":43}}],"line":268},"75":{"loc":{"start":{"line":269,"column":8},"end":{"line":269,"column":33}},"type":"if","locations":[{"start":{"line":269,"column":8},"end":{"line":269,"column":33}},{"start":{"line":269,"column":8},"end":{"line":269,"column":33}}],"line":269},"76":{"loc":{"start":{"line":270,"column":8},"end":{"line":270,"column":46}},"type":"if","locations":[{"start":{"line":270,"column":8},"end":{"line":270,"column":46}},{"start":{"line":270,"column":8},"end":{"line":270,"column":46}}],"line":270},"77":{"loc":{"start":{"line":283,"column":21},"end":{"line":283,"column":36}},"type":"default-arg","locations":[{"start":{"line":283,"column":28},"end":{"line":283,"column":36}}],"line":283},"78":{"loc":{"start":{"line":283,"column":38},"end":{"line":283,"column":50}},"type":"default-arg","locations":[{"start":{"line":283,"column":48},"end":{"line":283,"column":50}}],"line":283},"79":{"loc":{"start":{"line":283,"column":52},"end":{"line":283,"column":65}},"type":"default-arg","locations":[{"start":{"line":283,"column":63},"end":{"line":283,"column":65}}],"line":283},"80":{"loc":{"start":{"line":283,"column":67},"end":{"line":283,"column":79}},"type":"default-arg","locations":[{"start":{"line":283,"column":74},"end":{"line":283,"column":79}}],"line":283},"81":{"loc":{"start":{"line":283,"column":81},"end":{"line":283,"column":95}},"type":"default-arg","locations":[{"start":{"line":283,"column":93},"end":{"line":283,"column":95}}],"line":283},"82":{"loc":{"start":{"line":296,"column":16},"end":{"line":296,"column":67}},"type":"if","locations":[{"start":{"line":296,"column":16},"end":{"line":296,"column":67}},{"start":{"line":296,"column":16},"end":{"line":296,"column":67}}],"line":296},"83":{"loc":{"start":{"line":300,"column":12},"end":{"line":300,"column":67}},"type":"if","locations":[{"start":{"line":300,"column":12},"end":{"line":300,"column":67}},{"start":{"line":300,"column":12},"end":{"line":300,"column":67}}],"line":300},"84":{"loc":{"start":{"line":303,"column":12},"end":{"line":303,"column":121}},"type":"if","locations":[{"start":{"line":303,"column":12},"end":{"line":303,"column":121}},{"start":{"line":303,"column":12},"end":{"line":303,"column":121}}],"line":303},"85":{"loc":{"start":{"line":306,"column":12},"end":{"line":306,"column":77}},"type":"if","locations":[{"start":{"line":306,"column":12},"end":{"line":306,"column":77}},{"start":{"line":306,"column":12},"end":{"line":306,"column":77}}],"line":306},"86":{"loc":{"start":{"line":307,"column":19},"end":{"line":307,"column":45}},"type":"cond-expr","locations":[{"start":{"line":307,"column":26},"end":{"line":307,"column":30}},{"start":{"line":307,"column":33},"end":{"line":307,"column":45}}],"line":307},"87":{"loc":{"start":{"line":309,"column":12},"end":{"line":309,"column":96}},"type":"if","locations":[{"start":{"line":309,"column":12},"end":{"line":309,"column":96}},{"start":{"line":309,"column":12},"end":{"line":309,"column":96}}],"line":309},"88":{"loc":{"start":{"line":310,"column":12},"end":{"line":310,"column":77}},"type":"if","locations":[{"start":{"line":310,"column":12},"end":{"line":310,"column":77}},{"start":{"line":310,"column":12},"end":{"line":310,"column":77}}],"line":310},"89":{"loc":{"start":{"line":311,"column":19},"end":{"line":311,"column":45}},"type":"cond-expr","locations":[{"start":{"line":311,"column":26},"end":{"line":311,"column":30}},{"start":{"line":311,"column":33},"end":{"line":311,"column":45}}],"line":311}},"s":{"0":1,"1":1,"2":1,"3":2,"4":2,"5":2,"6":2,"7":2,"8":2,"9":2,"10":2,"11":2,"12":2,"13":2,"14":2,"15":2,"16":2,"17":2,"18":2,"19":2,"20":2,"21":2,"22":2,"23":2,"24":2,"25":2,"26":2,"27":2,"28":4,"29":0,"30":0,"31":0,"32":4,"33":2,"34":2,"35":2,"36":2,"37":0,"38":0,"39":0,"40":0,"41":0,"42":2,"43":0,"44":2,"45":2,"46":0,"47":0,"48":0,"49":0,"50":0,"51":0,"52":0,"53":0,"54":0,"55":2,"56":0,"57":0,"58":0,"59":0,"60":0,"61":0,"62":0,"63":0,"64":0,"65":0,"66":0,"67":0,"68":0,"69":0,"70":0,"71":0,"72":0,"73":0,"74":0,"75":41,"76":41,"77":0,"78":41,"79":0,"80":0,"81":0,"82":41,"83":0,"84":0,"85":0,"86":41,"87":41,"88":41,"89":37,"90":37,"91":37,"92":4,"93":4,"94":4,"95":4,"96":0,"97":4,"98":0,"99":4,"100":4,"101":4,"102":4,"103":0,"104":0,"105":0,"106":4,"107":11,"108":1,"109":11,"110":9,"111":11,"112":8,"113":11,"114":3,"115":8,"116":0,"117":8,"118":0,"119":8,"120":160,"121":0,"122":160,"123":148,"124":160,"125":148,"126":160,"127":12,"128":148,"129":0,"130":148,"131":0,"132":0,"133":0,"134":0,"135":0,"136":0,"137":0,"138":0,"139":0,"140":0,"141":0,"142":0,"143":0,"144":0,"145":0,"146":0,"147":0,"148":62,"149":1},"f":{"0":2,"1":4,"2":0,"3":0,"4":0,"5":2,"6":0,"7":0,"8":0,"9":0,"10":0,"11":41,"12":4,"13":11,"14":160,"15":0,"16":0,"17":62},"b":{"0":[2,2],"1":[2,1],"2":[2,0],"3":[2,2],"4":[2,0],"5":[2,2],"6":[2,0],"7":[2,0],"8":[2,2],"9":[2,0],"10":[1,1],"11":[2,0],"12":[0,2],"13":[2,0],"14":[2,0],"15":[0,4],"16":[0,0],"17":[2,2],"18":[2,0],"19":[0,0],"20":[0],"21":[0,2],"22":[0,2],"23":[0,0],"24":[0,0],"25":[0,0],"26":[0,0],"27":[0],"28":[0,0],"29":[0,0],"30":[0,0],"31":[0,0],"32":[4],"33":[0],"34":[0,41],"35":[0,41],"36":[41,0],"37":[0,41],"38":[41,37],"39":[0,0],"40":[0,41],"41":[41,41],"42":[0,0],"43":[41,0],"44":[37,4],"45":[37,0],"46":[4,4],"47":[4,4],"48":[0,4],"49":[4,0],"50":[0,4],"51":[4,0],"52":[4,0],"53":[0,4],"54":[0,0],"55":[0],"56":[5],"57":[5],"58":[1,10],"59":[11,3],"60":[9,2],"61":[8,3],"62":[11,9],"63":[3,8],"64":[11,3],"65":[0,8],"66":[0,8],"67":[8,8],"68":[0],"69":[119],"70":[0,160],"71":[160,12],"72":[148,12],"73":[148,12],"74":[160,148],"75":[12,148],"76":[0,148],"77":[0],"78":[0],"79":[0],"80":[0],"81":[0],"82":[0,0],"83":[0,0],"84":[0,0],"85":[0,0],"86":[0,0],"87":[0,0],"88":[0,0],"89":[0,0]},"_coverageSchema":"1a1c01bbd47fc00a2c39e90264f33305004495a9","hash":"750c522621c165ad71480a6acc8d41908090c87d","contentHash":"4b019db87b867bd0ce2d12f5cb8a5ac952d7940d8f1cee651aeff77e8b7bce05"},"/media/vendeta/exchange-2/x-workflow/~GITHUB_WORK/pocket.js/libs/Pocket/Imports.js":{"path":"/media/vendeta/exchange-2/x-workflow/~GITHUB_WORK/pocket.js/libs/Pocket/Imports.js","statementMap":{"0":{"start":{"line":4,"column":8},"end":{"line":4,"column":40}},"1":{"start":{"line":8,"column":0},"end":{"line":8,"column":24}}},"fnMap":{"0":{"name":"(anonymous_0)","decl":{"start":{"line":3,"column":4},"end":{"line":3,"column":5}},"loc":{"start":{"line":3,"column":16},"end":{"line":5,"column":5}},"line":3}},"branchMap":{},"s":{"0":4,"1":1},"f":{"0":4},"b":{},"_coverageSchema":"1a1c01bbd47fc00a2c39e90264f33305004495a9","hash":"cec013933f832150aa2eb1d3ada156acdcb63a32","contentHash":"40a53028c931dea53e7fc145a3987dd07d7544bf5947342cd655f617f14c47a7"}}