{"X:\\workflow\\open-projects\\Pocket.js\\index.js":{"path":"X:\\workflow\\open-projects\\Pocket.js\\index.js","statementMap":{"0":{"start":{"line":2,"column":0},"end":{"line":2,"column":50}},"1":{"start":{"line":3,"column":0},"end":{"line":3,"column":41}},"2":{"start":{"line":4,"column":0},"end":{"line":4,"column":41}}},"fnMap":{},"branchMap":{},"s":{"0":1,"1":1,"2":1},"f":{},"b":{},"_coverageSchema":"1a1c01bbd47fc00a2c39e90264f33305004495a9","hash":"aedd5b2136f80fa5ca8f6b84e63980f763df15c2","contentHash":"9427df04087e8cb3823f69d1d2112b94f599f7bbcf9fcc3df3aa325a2f6ce88f"},"X:\\workflow\\open-projects\\Pocket.js\\Pocket\\Pocket.module.js":{"path":"X:\\workflow\\open-projects\\Pocket.js\\Pocket\\Pocket.module.js","statementMap":{"0":{"start":{"line":1,"column":0},"end":{"line":438,"column":1}},"1":{"start":{"line":3,"column":74},"end":{"line":3,"column":92}},"2":{"start":{"line":4,"column":15},"end":{"line":4,"column":34}},"3":{"start":{"line":5,"column":23},"end":{"line":5,"column":49}},"4":{"start":{"line":6,"column":21},"end":{"line":6,"column":39}},"5":{"start":{"line":11,"column":12},"end":{"line":11,"column":30}},"6":{"start":{"line":13,"column":12},"end":{"line":31,"column":13}},"7":{"start":{"line":14,"column":16},"end":{"line":30,"column":18}},"8":{"start":{"line":15,"column":46},"end":{"line":15,"column":53}},"9":{"start":{"line":17,"column":20},"end":{"line":20,"column":21}},"10":{"start":{"line":19,"column":24},"end":{"line":19,"column":86}},"11":{"start":{"line":19,"column":40},"end":{"line":19,"column":86}},"12":{"start":{"line":22,"column":20},"end":{"line":24,"column":21}},"13":{"start":{"line":23,"column":24},"end":{"line":23,"column":88}},"14":{"start":{"line":23,"column":40},"end":{"line":23,"column":88}},"15":{"start":{"line":26,"column":20},"end":{"line":29,"column":21}},"16":{"start":{"line":28,"column":24},"end":{"line":28,"column":90}},"17":{"start":{"line":28,"column":40},"end":{"line":28,"column":90}},"18":{"start":{"line":54,"column":12},"end":{"line":54,"column":25}},"19":{"start":{"line":57,"column":12},"end":{"line":57,"column":45}},"20":{"start":{"line":57,"column":33},"end":{"line":57,"column":45}},"21":{"start":{"line":59,"column":25},"end":{"line":59,"column":42}},"22":{"start":{"line":61,"column":12},"end":{"line":64,"column":13}},"23":{"start":{"line":61,"column":33},"end":{"line":61,"column":67}},"24":{"start":{"line":62,"column":16},"end":{"line":62,"column":79}},"25":{"start":{"line":62,"column":32},"end":{"line":62,"column":79}},"26":{"start":{"line":63,"column":16},"end":{"line":63,"column":28}},"27":{"start":{"line":65,"column":12},"end":{"line":68,"column":13}},"28":{"start":{"line":66,"column":16},"end":{"line":66,"column":81}},"29":{"start":{"line":66,"column":32},"end":{"line":66,"column":81}},"30":{"start":{"line":67,"column":16},"end":{"line":67,"column":28}},"31":{"start":{"line":70,"column":12},"end":{"line":70,"column":49}},"32":{"start":{"line":72,"column":12},"end":{"line":75,"column":13}},"33":{"start":{"line":73,"column":16},"end":{"line":73,"column":69}},"34":{"start":{"line":73,"column":32},"end":{"line":73,"column":69}},"35":{"start":{"line":74,"column":16},"end":{"line":74,"column":28}},"36":{"start":{"line":77,"column":12},"end":{"line":80,"column":13}},"37":{"start":{"line":78,"column":16},"end":{"line":78,"column":81}},"38":{"start":{"line":78,"column":32},"end":{"line":78,"column":81}},"39":{"start":{"line":79,"column":16},"end":{"line":79,"column":28}},"40":{"start":{"line":83,"column":12},"end":{"line":97,"column":13}},"41":{"start":{"line":84,"column":16},"end":{"line":87,"column":17}},"42":{"start":{"line":85,"column":20},"end":{"line":85,"column":74}},"43":{"start":{"line":85,"column":36},"end":{"line":85,"column":74}},"44":{"start":{"line":86,"column":20},"end":{"line":86,"column":28}},"45":{"start":{"line":88,"column":16},"end":{"line":88,"column":138}},"46":{"start":{"line":88,"column":48},"end":{"line":88,"column":138}},"47":{"start":{"line":89,"column":31},"end":{"line":89,"column":110}},"48":{"start":{"line":89,"column":78},"end":{"line":89,"column":109}},"49":{"start":{"line":90,"column":16},"end":{"line":93,"column":17}},"50":{"start":{"line":91,"column":20},"end":{"line":91,"column":123}},"51":{"start":{"line":91,"column":36},"end":{"line":91,"column":123}},"52":{"start":{"line":92,"column":20},"end":{"line":92,"column":28}},"53":{"start":{"line":95,"column":16},"end":{"line":95,"column":60}},"54":{"start":{"line":96,"column":16},"end":{"line":96,"column":81}},"55":{"start":{"line":98,"column":12},"end":{"line":104,"column":31}},"56":{"start":{"line":100,"column":16},"end":{"line":101,"column":38}},"57":{"start":{"line":103,"column":16},"end":{"line":103,"column":27}},"58":{"start":{"line":104,"column":19},"end":{"line":104,"column":31}},"59":{"start":{"line":118,"column":29},"end":{"line":121,"column":13}},"60":{"start":{"line":119,"column":16},"end":{"line":119,"column":28}},"61":{"start":{"line":120,"column":16},"end":{"line":120,"column":43}},"62":{"start":{"line":123,"column":12},"end":{"line":123,"column":25}},"63":{"start":{"line":124,"column":12},"end":{"line":124,"column":47}},"64":{"start":{"line":125,"column":12},"end":{"line":126,"column":54}},"65":{"start":{"line":125,"column":26},"end":{"line":125,"column":47}},"66":{"start":{"line":126,"column":17},"end":{"line":126,"column":54}},"67":{"start":{"line":136,"column":29},"end":{"line":139,"column":13}},"68":{"start":{"line":137,"column":16},"end":{"line":137,"column":28}},"69":{"start":{"line":138,"column":16},"end":{"line":138,"column":27}},"70":{"start":{"line":141,"column":12},"end":{"line":141,"column":47}},"71":{"start":{"line":142,"column":12},"end":{"line":142,"column":47}},"72":{"start":{"line":142,"column":26},"end":{"line":142,"column":47}},"73":{"start":{"line":143,"column":12},"end":{"line":143,"column":64}},"74":{"start":{"line":155,"column":29},"end":{"line":158,"column":13}},"75":{"start":{"line":156,"column":16},"end":{"line":156,"column":28}},"76":{"start":{"line":157,"column":16},"end":{"line":157,"column":27}},"77":{"start":{"line":160,"column":21},"end":{"line":160,"column":46}},"78":{"start":{"line":162,"column":12},"end":{"line":165,"column":13}},"79":{"start":{"line":163,"column":16},"end":{"line":163,"column":68}},"80":{"start":{"line":163,"column":32},"end":{"line":163,"column":68}},"81":{"start":{"line":164,"column":16},"end":{"line":164,"column":38}},"82":{"start":{"line":167,"column":12},"end":{"line":170,"column":13}},"83":{"start":{"line":168,"column":16},"end":{"line":168,"column":70}},"84":{"start":{"line":168,"column":32},"end":{"line":168,"column":70}},"85":{"start":{"line":169,"column":16},"end":{"line":169,"column":38}},"86":{"start":{"line":172,"column":12},"end":{"line":175,"column":13}},"87":{"start":{"line":173,"column":16},"end":{"line":173,"column":88}},"88":{"start":{"line":173,"column":32},"end":{"line":173,"column":88}},"89":{"start":{"line":174,"column":16},"end":{"line":174,"column":38}},"90":{"start":{"line":177,"column":26},"end":{"line":177,"column":31}},"91":{"start":{"line":181,"column":12},"end":{"line":185,"column":18}},"92":{"start":{"line":182,"column":28},"end":{"line":182,"column":56}},"93":{"start":{"line":183,"column":16},"end":{"line":183,"column":94}},"94":{"start":{"line":183,"column":50},"end":{"line":183,"column":94}},"95":{"start":{"line":184,"column":16},"end":{"line":184,"column":24}},"96":{"start":{"line":187,"column":12},"end":{"line":201,"column":13}},"97":{"start":{"line":187,"column":27},"end":{"line":187,"column":28}},"98":{"start":{"line":188,"column":16},"end":{"line":188,"column":73}},"99":{"start":{"line":188,"column":65},"end":{"line":188,"column":73}},"100":{"start":{"line":189,"column":37},"end":{"line":189,"column":77}},"101":{"start":{"line":190,"column":16},"end":{"line":200,"column":17}},"102":{"start":{"line":191,"column":20},"end":{"line":194,"column":55}},"103":{"start":{"line":192,"column":24},"end":{"line":193,"column":57}},"104":{"start":{"line":192,"column":48},"end":{"line":192,"column":117}},"105":{"start":{"line":193,"column":29},"end":{"line":193,"column":57}},"106":{"start":{"line":194,"column":27},"end":{"line":194,"column":55}},"107":{"start":{"line":196,"column":20},"end":{"line":196,"column":34}},"108":{"start":{"line":197,"column":20},"end":{"line":197,"column":28}},"109":{"start":{"line":199,"column":20},"end":{"line":199,"column":82}},"110":{"start":{"line":199,"column":36},"end":{"line":199,"column":82}},"111":{"start":{"line":202,"column":12},"end":{"line":202,"column":36}},"112":{"start":{"line":212,"column":29},"end":{"line":215,"column":13}},"113":{"start":{"line":213,"column":16},"end":{"line":213,"column":28}},"114":{"start":{"line":214,"column":16},"end":{"line":214,"column":27}},"115":{"start":{"line":217,"column":12},"end":{"line":217,"column":53}},"116":{"start":{"line":219,"column":12},"end":{"line":219,"column":72}},"117":{"start":{"line":219,"column":53},"end":{"line":219,"column":72}},"118":{"start":{"line":220,"column":24},"end":{"line":224,"column":18}},"119":{"start":{"line":221,"column":16},"end":{"line":222,"column":58}},"120":{"start":{"line":221,"column":104},"end":{"line":221,"column":125}},"121":{"start":{"line":222,"column":21},"end":{"line":222,"column":58}},"122":{"start":{"line":222,"column":37},"end":{"line":222,"column":58}},"123":{"start":{"line":223,"column":16},"end":{"line":223,"column":24}},"124":{"start":{"line":225,"column":12},"end":{"line":225,"column":34}},"125":{"start":{"line":235,"column":12},"end":{"line":235,"column":25}},"126":{"start":{"line":237,"column":12},"end":{"line":237,"column":53}},"127":{"start":{"line":238,"column":12},"end":{"line":238,"column":59}},"128":{"start":{"line":238,"column":28},"end":{"line":238,"column":59}},"129":{"start":{"line":240,"column":12},"end":{"line":240,"column":117}},"130":{"start":{"line":240,"column":41},"end":{"line":240,"column":117}},"131":{"start":{"line":241,"column":12},"end":{"line":241,"column":51}},"132":{"start":{"line":254,"column":12},"end":{"line":254,"column":28}},"133":{"start":{"line":255,"column":12},"end":{"line":255,"column":43}},"134":{"start":{"line":255,"column":21},"end":{"line":255,"column":43}},"135":{"start":{"line":257,"column":12},"end":{"line":257,"column":56}},"136":{"start":{"line":257,"column":34},"end":{"line":257,"column":56}},"137":{"start":{"line":259,"column":12},"end":{"line":264,"column":13}},"138":{"start":{"line":260,"column":28},"end":{"line":260,"column":81}},"139":{"start":{"line":261,"column":16},"end":{"line":261,"column":44}},"140":{"start":{"line":261,"column":32},"end":{"line":261,"column":44}},"141":{"start":{"line":262,"column":16},"end":{"line":262,"column":43}},"142":{"start":{"line":263,"column":16},"end":{"line":263,"column":27}},"143":{"start":{"line":266,"column":30},"end":{"line":266,"column":93}},"144":{"start":{"line":266,"column":69},"end":{"line":266,"column":92}},"145":{"start":{"line":267,"column":12},"end":{"line":272,"column":13}},"146":{"start":{"line":268,"column":28},"end":{"line":268,"column":73}},"147":{"start":{"line":269,"column":16},"end":{"line":269,"column":44}},"148":{"start":{"line":269,"column":32},"end":{"line":269,"column":44}},"149":{"start":{"line":270,"column":16},"end":{"line":270,"column":43}},"150":{"start":{"line":271,"column":16},"end":{"line":271,"column":27}},"151":{"start":{"line":274,"column":12},"end":{"line":300,"column":13}},"152":{"start":{"line":275,"column":35},"end":{"line":283,"column":17}},"153":{"start":{"line":276,"column":35},"end":{"line":276,"column":37}},"154":{"start":{"line":277,"column":20},"end":{"line":277,"column":52}},"155":{"start":{"line":277,"column":41},"end":{"line":277,"column":52}},"156":{"start":{"line":278,"column":20},"end":{"line":281,"column":21}},"157":{"start":{"line":278,"column":33},"end":{"line":278,"column":34}},"158":{"start":{"line":279,"column":37},"end":{"line":279,"column":55}},"159":{"start":{"line":280,"column":24},"end":{"line":280,"column":65}},"160":{"start":{"line":280,"column":40},"end":{"line":280,"column":65}},"161":{"start":{"line":282,"column":20},"end":{"line":282,"column":33}},"162":{"start":{"line":289,"column":16},"end":{"line":295,"column":18}},"163":{"start":{"line":289,"column":47},"end":{"line":289,"column":61}},"164":{"start":{"line":290,"column":35},"end":{"line":290,"column":83}},"165":{"start":{"line":290,"column":46},"end":{"line":290,"column":65}},"166":{"start":{"line":290,"column":79},"end":{"line":290,"column":82}},"167":{"start":{"line":291,"column":20},"end":{"line":291,"column":51}},"168":{"start":{"line":294,"column":20},"end":{"line":294,"column":58}},"169":{"start":{"line":297,"column":16},"end":{"line":297,"column":27}},"170":{"start":{"line":299,"column":16},"end":{"line":299,"column":42}},"171":{"start":{"line":302,"column":12},"end":{"line":302,"column":24}},"172":{"start":{"line":309,"column":12},"end":{"line":320,"column":13}},"173":{"start":{"line":310,"column":16},"end":{"line":310,"column":72}},"174":{"start":{"line":310,"column":64},"end":{"line":310,"column":72}},"175":{"start":{"line":313,"column":16},"end":{"line":313,"column":103}},"176":{"start":{"line":313,"column":95},"end":{"line":313,"column":103}},"177":{"start":{"line":315,"column":16},"end":{"line":319,"column":17}},"178":{"start":{"line":316,"column":31},"end":{"line":316,"column":52}},"179":{"start":{"line":317,"column":38},"end":{"line":317,"column":55}},"180":{"start":{"line":318,"column":20},"end":{"line":318,"column":81}},"181":{"start":{"line":318,"column":36},"end":{"line":318,"column":81}},"182":{"start":{"line":321,"column":12},"end":{"line":321,"column":23}},"183":{"start":{"line":331,"column":12},"end":{"line":331,"column":78}},"184":{"start":{"line":331,"column":40},"end":{"line":331,"column":78}},"185":{"start":{"line":332,"column":12},"end":{"line":332,"column":62}},"186":{"start":{"line":332,"column":35},"end":{"line":332,"column":62}},"187":{"start":{"line":334,"column":24},"end":{"line":334,"column":50}},"188":{"start":{"line":335,"column":12},"end":{"line":338,"column":13}},"189":{"start":{"line":336,"column":16},"end":{"line":336,"column":75}},"190":{"start":{"line":336,"column":32},"end":{"line":336,"column":75}},"191":{"start":{"line":337,"column":16},"end":{"line":337,"column":27}},"192":{"start":{"line":339,"column":12},"end":{"line":346,"column":13}},"193":{"start":{"line":340,"column":16},"end":{"line":340,"column":29}},"194":{"start":{"line":341,"column":26},"end":{"line":341,"column":58}},"195":{"start":{"line":342,"column":16},"end":{"line":342,"column":36}},"196":{"start":{"line":344,"column":16},"end":{"line":344,"column":28}},"197":{"start":{"line":345,"column":16},"end":{"line":345,"column":27}},"198":{"start":{"line":347,"column":12},"end":{"line":347,"column":35}},"199":{"start":{"line":362,"column":12},"end":{"line":362,"column":33}},"200":{"start":{"line":370,"column":12},"end":{"line":370,"column":33}},"201":{"start":{"line":370,"column":22},"end":{"line":370,"column":33}},"202":{"start":{"line":371,"column":12},"end":{"line":371,"column":45}},"203":{"start":{"line":371,"column":34},"end":{"line":371,"column":45}},"204":{"start":{"line":372,"column":12},"end":{"line":378,"column":13}},"205":{"start":{"line":373,"column":16},"end":{"line":373,"column":56}},"206":{"start":{"line":374,"column":16},"end":{"line":374,"column":27}},"207":{"start":{"line":376,"column":16},"end":{"line":376,"column":58}},"208":{"start":{"line":377,"column":16},"end":{"line":377,"column":27}},"209":{"start":{"line":385,"column":12},"end":{"line":389,"column":13}},"210":{"start":{"line":386,"column":16},"end":{"line":388,"column":17}},"211":{"start":{"line":387,"column":20},"end":{"line":387,"column":71}},"212":{"start":{"line":387,"column":45},"end":{"line":387,"column":71}},"213":{"start":{"line":390,"column":12},"end":{"line":390,"column":65}},"214":{"start":{"line":390,"column":38},"end":{"line":390,"column":65}},"215":{"start":{"line":391,"column":12},"end":{"line":391,"column":55}},"216":{"start":{"line":391,"column":33},"end":{"line":391,"column":55}},"217":{"start":{"line":397,"column":12},"end":{"line":397,"column":30}},"218":{"start":{"line":405,"column":29},"end":{"line":408,"column":13}},"219":{"start":{"line":406,"column":16},"end":{"line":406,"column":28}},"220":{"start":{"line":407,"column":16},"end":{"line":407,"column":27}},"221":{"start":{"line":409,"column":28},"end":{"line":409,"column":68}},"222":{"start":{"line":410,"column":12},"end":{"line":410,"column":106}},"223":{"start":{"line":410,"column":44},"end":{"line":410,"column":106}},"224":{"start":{"line":410,"column":75},"end":{"line":410,"column":92}},"225":{"start":{"line":410,"column":101},"end":{"line":410,"column":104}},"226":{"start":{"line":411,"column":12},"end":{"line":416,"column":13}},"227":{"start":{"line":411,"column":49},"end":{"line":411,"column":86}},"228":{"start":{"line":413,"column":16},"end":{"line":413,"column":137}},"229":{"start":{"line":413,"column":32},"end":{"line":413,"column":137}},"230":{"start":{"line":414,"column":16},"end":{"line":415,"column":43}},"231":{"start":{"line":414,"column":29},"end":{"line":414,"column":62}},"232":{"start":{"line":415,"column":21},"end":{"line":415,"column":43}},"233":{"start":{"line":421,"column":29},"end":{"line":424,"column":13}},"234":{"start":{"line":422,"column":16},"end":{"line":422,"column":28}},"235":{"start":{"line":423,"column":16},"end":{"line":423,"column":27}},"236":{"start":{"line":426,"column":22},"end":{"line":429,"column":42}},"237":{"start":{"line":427,"column":16},"end":{"line":427,"column":47}},"238":{"start":{"line":428,"column":16},"end":{"line":428,"column":24}},"239":{"start":{"line":429,"column":22},"end":{"line":429,"column":41}},"240":{"start":{"line":431,"column":12},"end":{"line":431,"column":30}},"241":{"start":{"line":435,"column":28},"end":{"line":435,"column":74}},"242":{"start":{"line":436,"column":4},"end":{"line":436,"column":26}}},"fnMap":{"0":{"name":"(anonymous_0)","decl":{"start":{"line":1,"column":17},"end":{"line":1,"column":18}},"loc":{"start":{"line":1,"column":23},"end":{"line":438,"column":1}},"line":1},"1":{"name":"(anonymous_1)","decl":{"start":{"line":10,"column":8},"end":{"line":10,"column":9}},"loc":{"start":{"line":10,"column":33},"end":{"line":32,"column":9}},"line":10},"2":{"name":"(anonymous_2)","decl":{"start":{"line":14,"column":57},"end":{"line":14,"column":58}},"loc":{"start":{"line":14,"column":62},"end":{"line":30,"column":17}},"line":14},"3":{"name":"(anonymous_3)","decl":{"start":{"line":53,"column":8},"end":{"line":53,"column":9}},"loc":{"start":{"line":53,"column":35},"end":{"line":106,"column":9}},"line":53},"4":{"name":"(anonymous_4)","decl":{"start":{"line":61,"column":27},"end":{"line":61,"column":28}},"loc":{"start":{"line":61,"column":33},"end":{"line":61,"column":67}},"line":61},"5":{"name":"(anonymous_5)","decl":{"start":{"line":89,"column":73},"end":{"line":89,"column":74}},"loc":{"start":{"line":89,"column":78},"end":{"line":89,"column":109}},"line":89},"6":{"name":"(anonymous_6)","decl":{"start":{"line":116,"column":8},"end":{"line":116,"column":9}},"loc":{"start":{"line":116,"column":41},"end":{"line":127,"column":9}},"line":116},"7":{"name":"(anonymous_7)","decl":{"start":{"line":118,"column":29},"end":{"line":118,"column":30}},"loc":{"start":{"line":118,"column":38},"end":{"line":121,"column":13}},"line":118},"8":{"name":"(anonymous_8)","decl":{"start":{"line":134,"column":8},"end":{"line":134,"column":9}},"loc":{"start":{"line":134,"column":40},"end":{"line":144,"column":9}},"line":134},"9":{"name":"(anonymous_9)","decl":{"start":{"line":136,"column":29},"end":{"line":136,"column":30}},"loc":{"start":{"line":136,"column":38},"end":{"line":139,"column":13}},"line":136},"10":{"name":"(anonymous_10)","decl":{"start":{"line":153,"column":8},"end":{"line":153,"column":9}},"loc":{"start":{"line":153,"column":58},"end":{"line":203,"column":9}},"line":153},"11":{"name":"(anonymous_11)","decl":{"start":{"line":155,"column":29},"end":{"line":155,"column":30}},"loc":{"start":{"line":155,"column":38},"end":{"line":158,"column":13}},"line":155},"12":{"name":"(anonymous_12)","decl":{"start":{"line":181,"column":55},"end":{"line":181,"column":56}},"loc":{"start":{"line":181,"column":76},"end":{"line":185,"column":13}},"line":181},"13":{"name":"(anonymous_13)","decl":{"start":{"line":210,"column":8},"end":{"line":210,"column":9}},"loc":{"start":{"line":210,"column":37},"end":{"line":226,"column":9}},"line":210},"14":{"name":"(anonymous_14)","decl":{"start":{"line":212,"column":29},"end":{"line":212,"column":30}},"loc":{"start":{"line":212,"column":38},"end":{"line":215,"column":13}},"line":212},"15":{"name":"(anonymous_15)","decl":{"start":{"line":220,"column":59},"end":{"line":220,"column":60}},"loc":{"start":{"line":220,"column":84},"end":{"line":224,"column":13}},"line":220},"16":{"name":"(anonymous_16)","decl":{"start":{"line":234,"column":8},"end":{"line":234,"column":9}},"loc":{"start":{"line":234,"column":31},"end":{"line":242,"column":9}},"line":234},"17":{"name":"(anonymous_17)","decl":{"start":{"line":253,"column":8},"end":{"line":253,"column":9}},"loc":{"start":{"line":253,"column":21},"end":{"line":303,"column":9}},"line":253},"18":{"name":"(anonymous_18)","decl":{"start":{"line":266,"column":64},"end":{"line":266,"column":65}},"loc":{"start":{"line":266,"column":69},"end":{"line":266,"column":92}},"line":266},"19":{"name":"(anonymous_19)","decl":{"start":{"line":275,"column":35},"end":{"line":275,"column":36}},"loc":{"start":{"line":275,"column":45},"end":{"line":283,"column":17}},"line":275},"20":{"name":"(anonymous_20)","decl":{"start":{"line":289,"column":42},"end":{"line":289,"column":43}},"loc":{"start":{"line":289,"column":47},"end":{"line":289,"column":61}},"line":289},"21":{"name":"(anonymous_21)","decl":{"start":{"line":289,"column":69},"end":{"line":289,"column":70}},"loc":{"start":{"line":289,"column":74},"end":{"line":292,"column":17}},"line":289},"22":{"name":"(anonymous_22)","decl":{"start":{"line":290,"column":41},"end":{"line":290,"column":42}},"loc":{"start":{"line":290,"column":46},"end":{"line":290,"column":65}},"line":290},"23":{"name":"(anonymous_23)","decl":{"start":{"line":290,"column":74},"end":{"line":290,"column":75}},"loc":{"start":{"line":290,"column":79},"end":{"line":290,"column":82}},"line":290},"24":{"name":"(anonymous_24)","decl":{"start":{"line":292,"column":19},"end":{"line":292,"column":20}},"loc":{"start":{"line":292,"column":26},"end":{"line":295,"column":17}},"line":292},"25":{"name":"(anonymous_25)","decl":{"start":{"line":308,"column":8},"end":{"line":308,"column":9}},"loc":{"start":{"line":308,"column":22},"end":{"line":322,"column":9}},"line":308},"26":{"name":"(anonymous_26)","decl":{"start":{"line":330,"column":8},"end":{"line":330,"column":9}},"loc":{"start":{"line":330,"column":28},"end":{"line":348,"column":9}},"line":330},"27":{"name":"(anonymous_27)","decl":{"start":{"line":361,"column":8},"end":{"line":361,"column":9}},"loc":{"start":{"line":361,"column":20},"end":{"line":363,"column":9}},"line":361},"28":{"name":"(anonymous_28)","decl":{"start":{"line":369,"column":8},"end":{"line":369,"column":9}},"loc":{"start":{"line":369,"column":19},"end":{"line":379,"column":9}},"line":369},"29":{"name":"(anonymous_29)","decl":{"start":{"line":384,"column":8},"end":{"line":384,"column":9}},"loc":{"start":{"line":384,"column":28},"end":{"line":392,"column":9}},"line":384},"30":{"name":"(anonymous_30)","decl":{"start":{"line":396,"column":8},"end":{"line":396,"column":9}},"loc":{"start":{"line":396,"column":33},"end":{"line":398,"column":9}},"line":396},"31":{"name":"(anonymous_31)","decl":{"start":{"line":403,"column":8},"end":{"line":403,"column":9}},"loc":{"start":{"line":403,"column":30},"end":{"line":417,"column":9}},"line":403},"32":{"name":"(anonymous_32)","decl":{"start":{"line":405,"column":29},"end":{"line":405,"column":30}},"loc":{"start":{"line":405,"column":38},"end":{"line":408,"column":13}},"line":405},"33":{"name":"(anonymous_33)","decl":{"start":{"line":410,"column":70},"end":{"line":410,"column":71}},"loc":{"start":{"line":410,"column":75},"end":{"line":410,"column":92}},"line":410},"34":{"name":"(anonymous_34)","decl":{"start":{"line":410,"column":94},"end":{"line":410,"column":95}},"loc":{"start":{"line":410,"column":101},"end":{"line":410,"column":104}},"line":410},"35":{"name":"(anonymous_35)","decl":{"start":{"line":419,"column":8},"end":{"line":419,"column":9}},"loc":{"start":{"line":419,"column":26},"end":{"line":432,"column":9}},"line":419},"36":{"name":"(anonymous_36)","decl":{"start":{"line":421,"column":29},"end":{"line":421,"column":30}},"loc":{"start":{"line":421,"column":38},"end":{"line":424,"column":13}},"line":421},"37":{"name":"(anonymous_37)","decl":{"start":{"line":426,"column":51},"end":{"line":426,"column":52}},"loc":{"start":{"line":426,"column":56},"end":{"line":429,"column":13}},"line":426},"38":{"name":"(anonymous_38)","decl":{"start":{"line":429,"column":15},"end":{"line":429,"column":16}},"loc":{"start":{"line":429,"column":22},"end":{"line":429,"column":41}},"line":429}},"branchMap":{"0":{"loc":{"start":{"line":13,"column":12},"end":{"line":31,"column":13}},"type":"if","locations":[{"start":{"line":13,"column":12},"end":{"line":31,"column":13}},{"start":{"line":13,"column":12},"end":{"line":31,"column":13}}],"line":13},"1":{"loc":{"start":{"line":15,"column":46},"end":{"line":15,"column":53}},"type":"binary-expr","locations":[{"start":{"line":15,"column":46},"end":{"line":15,"column":47}},{"start":{"line":15,"column":51},"end":{"line":15,"column":53}}],"line":15},"2":{"loc":{"start":{"line":17,"column":20},"end":{"line":20,"column":21}},"type":"if","locations":[{"start":{"line":17,"column":20},"end":{"line":20,"column":21}},{"start":{"line":17,"column":20},"end":{"line":20,"column":21}}],"line":17},"3":{"loc":{"start":{"line":19,"column":24},"end":{"line":19,"column":86}},"type":"if","locations":[{"start":{"line":19,"column":24},"end":{"line":19,"column":86}},{"start":{"line":19,"column":24},"end":{"line":19,"column":86}}],"line":19},"4":{"loc":{"start":{"line":22,"column":20},"end":{"line":24,"column":21}},"type":"if","locations":[{"start":{"line":22,"column":20},"end":{"line":24,"column":21}},{"start":{"line":22,"column":20},"end":{"line":24,"column":21}}],"line":22},"5":{"loc":{"start":{"line":23,"column":24},"end":{"line":23,"column":88}},"type":"if","locations":[{"start":{"line":23,"column":24},"end":{"line":23,"column":88}},{"start":{"line":23,"column":24},"end":{"line":23,"column":88}}],"line":23},"6":{"loc":{"start":{"line":26,"column":20},"end":{"line":29,"column":21}},"type":"if","locations":[{"start":{"line":26,"column":20},"end":{"line":29,"column":21}},{"start":{"line":26,"column":20},"end":{"line":29,"column":21}}],"line":26},"7":{"loc":{"start":{"line":28,"column":24},"end":{"line":28,"column":90}},"type":"if","locations":[{"start":{"line":28,"column":24},"end":{"line":28,"column":90}},{"start":{"line":28,"column":24},"end":{"line":28,"column":90}}],"line":28},"8":{"loc":{"start":{"line":53,"column":17},"end":{"line":53,"column":26}},"type":"default-arg","locations":[{"start":{"line":53,"column":24},"end":{"line":53,"column":26}}],"line":53},"9":{"loc":{"start":{"line":57,"column":12},"end":{"line":57,"column":45}},"type":"if","locations":[{"start":{"line":57,"column":12},"end":{"line":57,"column":45}},{"start":{"line":57,"column":12},"end":{"line":57,"column":45}}],"line":57},"10":{"loc":{"start":{"line":61,"column":12},"end":{"line":64,"column":13}},"type":"if","locations":[{"start":{"line":61,"column":12},"end":{"line":64,"column":13}},{"start":{"line":61,"column":12},"end":{"line":64,"column":13}}],"line":61},"11":{"loc":{"start":{"line":62,"column":16},"end":{"line":62,"column":79}},"type":"if","locations":[{"start":{"line":62,"column":16},"end":{"line":62,"column":79}},{"start":{"line":62,"column":16},"end":{"line":62,"column":79}}],"line":62},"12":{"loc":{"start":{"line":65,"column":12},"end":{"line":68,"column":13}},"type":"if","locations":[{"start":{"line":65,"column":12},"end":{"line":68,"column":13}},{"start":{"line":65,"column":12},"end":{"line":68,"column":13}}],"line":65},"13":{"loc":{"start":{"line":66,"column":16},"end":{"line":66,"column":81}},"type":"if","locations":[{"start":{"line":66,"column":16},"end":{"line":66,"column":81}},{"start":{"line":66,"column":16},"end":{"line":66,"column":81}}],"line":66},"14":{"loc":{"start":{"line":72,"column":12},"end":{"line":75,"column":13}},"type":"if","locations":[{"start":{"line":72,"column":12},"end":{"line":75,"column":13}},{"start":{"line":72,"column":12},"end":{"line":75,"column":13}}],"line":72},"15":{"loc":{"start":{"line":73,"column":16},"end":{"line":73,"column":69}},"type":"if","locations":[{"start":{"line":73,"column":16},"end":{"line":73,"column":69}},{"start":{"line":73,"column":16},"end":{"line":73,"column":69}}],"line":73},"16":{"loc":{"start":{"line":77,"column":12},"end":{"line":80,"column":13}},"type":"if","locations":[{"start":{"line":77,"column":12},"end":{"line":80,"column":13}},{"start":{"line":77,"column":12},"end":{"line":80,"column":13}}],"line":77},"17":{"loc":{"start":{"line":78,"column":16},"end":{"line":78,"column":81}},"type":"if","locations":[{"start":{"line":78,"column":16},"end":{"line":78,"column":81}},{"start":{"line":78,"column":16},"end":{"line":78,"column":81}}],"line":78},"18":{"loc":{"start":{"line":84,"column":16},"end":{"line":87,"column":17}},"type":"if","locations":[{"start":{"line":84,"column":16},"end":{"line":87,"column":17}},{"start":{"line":84,"column":16},"end":{"line":87,"column":17}}],"line":84},"19":{"loc":{"start":{"line":85,"column":20},"end":{"line":85,"column":74}},"type":"if","locations":[{"start":{"line":85,"column":20},"end":{"line":85,"column":74}},{"start":{"line":85,"column":20},"end":{"line":85,"column":74}}],"line":85},"20":{"loc":{"start":{"line":88,"column":16},"end":{"line":88,"column":138}},"type":"if","locations":[{"start":{"line":88,"column":16},"end":{"line":88,"column":138}},{"start":{"line":88,"column":16},"end":{"line":88,"column":138}}],"line":88},"21":{"loc":{"start":{"line":90,"column":16},"end":{"line":93,"column":17}},"type":"if","locations":[{"start":{"line":90,"column":16},"end":{"line":93,"column":17}},{"start":{"line":90,"column":16},"end":{"line":93,"column":17}}],"line":90},"22":{"loc":{"start":{"line":91,"column":20},"end":{"line":91,"column":123}},"type":"if","locations":[{"start":{"line":91,"column":20},"end":{"line":91,"column":123}},{"start":{"line":91,"column":20},"end":{"line":91,"column":123}}],"line":91},"23":{"loc":{"start":{"line":98,"column":12},"end":{"line":104,"column":31}},"type":"if","locations":[{"start":{"line":98,"column":12},"end":{"line":104,"column":31}},{"start":{"line":98,"column":12},"end":{"line":104,"column":31}}],"line":98},"24":{"loc":{"start":{"line":116,"column":13},"end":{"line":116,"column":25}},"type":"default-arg","locations":[{"start":{"line":116,"column":23},"end":{"line":116,"column":25}}],"line":116},"25":{"loc":{"start":{"line":116,"column":27},"end":{"line":116,"column":39}},"type":"default-arg","locations":[{"start":{"line":116,"column":34},"end":{"line":116,"column":39}}],"line":116},"26":{"loc":{"start":{"line":120,"column":23},"end":{"line":120,"column":43}},"type":"cond-expr","locations":[{"start":{"line":120,"column":30},"end":{"line":120,"column":34}},{"start":{"line":120,"column":37},"end":{"line":120,"column":43}}],"line":120},"27":{"loc":{"start":{"line":125,"column":12},"end":{"line":126,"column":54}},"type":"if","locations":[{"start":{"line":125,"column":12},"end":{"line":126,"column":54}},{"start":{"line":125,"column":12},"end":{"line":126,"column":54}}],"line":125},"28":{"loc":{"start":{"line":134,"column":26},"end":{"line":134,"column":38}},"type":"default-arg","locations":[{"start":{"line":134,"column":36},"end":{"line":134,"column":38}}],"line":134},"29":{"loc":{"start":{"line":142,"column":12},"end":{"line":142,"column":47}},"type":"if","locations":[{"start":{"line":142,"column":12},"end":{"line":142,"column":47}},{"start":{"line":142,"column":12},"end":{"line":142,"column":47}}],"line":142},"30":{"loc":{"start":{"line":153,"column":26},"end":{"line":153,"column":42}},"type":"default-arg","locations":[{"start":{"line":153,"column":38},"end":{"line":153,"column":42}}],"line":153},"31":{"loc":{"start":{"line":153,"column":44},"end":{"line":153,"column":56}},"type":"default-arg","locations":[{"start":{"line":153,"column":54},"end":{"line":153,"column":56}}],"line":153},"32":{"loc":{"start":{"line":162,"column":12},"end":{"line":165,"column":13}},"type":"if","locations":[{"start":{"line":162,"column":12},"end":{"line":165,"column":13}},{"start":{"line":162,"column":12},"end":{"line":165,"column":13}}],"line":162},"33":{"loc":{"start":{"line":163,"column":16},"end":{"line":163,"column":68}},"type":"if","locations":[{"start":{"line":163,"column":16},"end":{"line":163,"column":68}},{"start":{"line":163,"column":16},"end":{"line":163,"column":68}}],"line":163},"34":{"loc":{"start":{"line":167,"column":12},"end":{"line":170,"column":13}},"type":"if","locations":[{"start":{"line":167,"column":12},"end":{"line":170,"column":13}},{"start":{"line":167,"column":12},"end":{"line":170,"column":13}}],"line":167},"35":{"loc":{"start":{"line":168,"column":16},"end":{"line":168,"column":70}},"type":"if","locations":[{"start":{"line":168,"column":16},"end":{"line":168,"column":70}},{"start":{"line":168,"column":16},"end":{"line":168,"column":70}}],"line":168},"36":{"loc":{"start":{"line":172,"column":12},"end":{"line":175,"column":13}},"type":"if","locations":[{"start":{"line":172,"column":12},"end":{"line":175,"column":13}},{"start":{"line":172,"column":12},"end":{"line":175,"column":13}}],"line":172},"37":{"loc":{"start":{"line":173,"column":16},"end":{"line":173,"column":88}},"type":"if","locations":[{"start":{"line":173,"column":16},"end":{"line":173,"column":88}},{"start":{"line":173,"column":16},"end":{"line":173,"column":88}}],"line":173},"38":{"loc":{"start":{"line":183,"column":16},"end":{"line":183,"column":94}},"type":"if","locations":[{"start":{"line":183,"column":16},"end":{"line":183,"column":94}},{"start":{"line":183,"column":16},"end":{"line":183,"column":94}}],"line":183},"39":{"loc":{"start":{"line":188,"column":16},"end":{"line":188,"column":73}},"type":"if","locations":[{"start":{"line":188,"column":16},"end":{"line":188,"column":73}},{"start":{"line":188,"column":16},"end":{"line":188,"column":73}}],"line":188},"40":{"loc":{"start":{"line":188,"column":21},"end":{"line":188,"column":40}},"type":"binary-expr","locations":[{"start":{"line":188,"column":21},"end":{"line":188,"column":34}},{"start":{"line":188,"column":38},"end":{"line":188,"column":40}}],"line":188},"41":{"loc":{"start":{"line":190,"column":16},"end":{"line":200,"column":17}},"type":"if","locations":[{"start":{"line":190,"column":16},"end":{"line":200,"column":17}},{"start":{"line":190,"column":16},"end":{"line":200,"column":17}}],"line":190},"42":{"loc":{"start":{"line":190,"column":20},"end":{"line":190,"column":90}},"type":"binary-expr","locations":[{"start":{"line":190,"column":21},"end":{"line":190,"column":33}},{"start":{"line":190,"column":37},"end":{"line":190,"column":51}},{"start":{"line":190,"column":56},"end":{"line":190,"column":90}}],"line":190},"43":{"loc":{"start":{"line":191,"column":20},"end":{"line":194,"column":55}},"type":"if","locations":[{"start":{"line":191,"column":20},"end":{"line":194,"column":55}},{"start":{"line":191,"column":20},"end":{"line":194,"column":55}}],"line":191},"44":{"loc":{"start":{"line":192,"column":24},"end":{"line":193,"column":57}},"type":"if","locations":[{"start":{"line":192,"column":24},"end":{"line":193,"column":57}},{"start":{"line":192,"column":24},"end":{"line":193,"column":57}}],"line":192},"45":{"loc":{"start":{"line":199,"column":20},"end":{"line":199,"column":82}},"type":"if","locations":[{"start":{"line":199,"column":20},"end":{"line":199,"column":82}},{"start":{"line":199,"column":20},"end":{"line":199,"column":82}}],"line":199},"46":{"loc":{"start":{"line":210,"column":21},"end":{"line":210,"column":35}},"type":"default-arg","locations":[{"start":{"line":210,"column":33},"end":{"line":210,"column":35}}],"line":210},"47":{"loc":{"start":{"line":219,"column":12},"end":{"line":219,"column":72}},"type":"if","locations":[{"start":{"line":219,"column":12},"end":{"line":219,"column":72}},{"start":{"line":219,"column":12},"end":{"line":219,"column":72}}],"line":219},"48":{"loc":{"start":{"line":221,"column":16},"end":{"line":222,"column":58}},"type":"if","locations":[{"start":{"line":221,"column":16},"end":{"line":222,"column":58}},{"start":{"line":221,"column":16},"end":{"line":222,"column":58}}],"line":221},"49":{"loc":{"start":{"line":221,"column":20},"end":{"line":221,"column":102}},"type":"binary-expr","locations":[{"start":{"line":221,"column":20},"end":{"line":221,"column":58}},{"start":{"line":221,"column":62},"end":{"line":221,"column":71}},{"start":{"line":221,"column":75},"end":{"line":221,"column":102}}],"line":221},"50":{"loc":{"start":{"line":221,"column":36},"end":{"line":221,"column":51}},"type":"binary-expr","locations":[{"start":{"line":221,"column":36},"end":{"line":221,"column":45}},{"start":{"line":221,"column":49},"end":{"line":221,"column":51}}],"line":221},"51":{"loc":{"start":{"line":222,"column":21},"end":{"line":222,"column":58}},"type":"if","locations":[{"start":{"line":222,"column":21},"end":{"line":222,"column":58}},{"start":{"line":222,"column":21},"end":{"line":222,"column":58}}],"line":222},"52":{"loc":{"start":{"line":234,"column":15},"end":{"line":234,"column":29}},"type":"default-arg","locations":[{"start":{"line":234,"column":27},"end":{"line":234,"column":29}}],"line":234},"53":{"loc":{"start":{"line":238,"column":12},"end":{"line":238,"column":59}},"type":"if","locations":[{"start":{"line":238,"column":12},"end":{"line":238,"column":59}},{"start":{"line":238,"column":12},"end":{"line":238,"column":59}}],"line":238},"54":{"loc":{"start":{"line":240,"column":12},"end":{"line":240,"column":117}},"type":"if","locations":[{"start":{"line":240,"column":12},"end":{"line":240,"column":117}},{"start":{"line":240,"column":12},"end":{"line":240,"column":117}}],"line":240},"55":{"loc":{"start":{"line":255,"column":12},"end":{"line":255,"column":43}},"type":"if","locations":[{"start":{"line":255,"column":12},"end":{"line":255,"column":43}},{"start":{"line":255,"column":12},"end":{"line":255,"column":43}}],"line":255},"56":{"loc":{"start":{"line":257,"column":12},"end":{"line":257,"column":56}},"type":"if","locations":[{"start":{"line":257,"column":12},"end":{"line":257,"column":56}},{"start":{"line":257,"column":12},"end":{"line":257,"column":56}}],"line":257},"57":{"loc":{"start":{"line":259,"column":12},"end":{"line":264,"column":13}},"type":"if","locations":[{"start":{"line":259,"column":12},"end":{"line":264,"column":13}},{"start":{"line":259,"column":12},"end":{"line":264,"column":13}}],"line":259},"58":{"loc":{"start":{"line":261,"column":16},"end":{"line":261,"column":44}},"type":"if","locations":[{"start":{"line":261,"column":16},"end":{"line":261,"column":44}},{"start":{"line":261,"column":16},"end":{"line":261,"column":44}}],"line":261},"59":{"loc":{"start":{"line":267,"column":12},"end":{"line":272,"column":13}},"type":"if","locations":[{"start":{"line":267,"column":12},"end":{"line":272,"column":13}},{"start":{"line":267,"column":12},"end":{"line":272,"column":13}}],"line":267},"60":{"loc":{"start":{"line":269,"column":16},"end":{"line":269,"column":44}},"type":"if","locations":[{"start":{"line":269,"column":16},"end":{"line":269,"column":44}},{"start":{"line":269,"column":16},"end":{"line":269,"column":44}}],"line":269},"61":{"loc":{"start":{"line":277,"column":20},"end":{"line":277,"column":52}},"type":"if","locations":[{"start":{"line":277,"column":20},"end":{"line":277,"column":52}},{"start":{"line":277,"column":20},"end":{"line":277,"column":52}}],"line":277},"62":{"loc":{"start":{"line":280,"column":24},"end":{"line":280,"column":65}},"type":"if","locations":[{"start":{"line":280,"column":24},"end":{"line":280,"column":65}},{"start":{"line":280,"column":24},"end":{"line":280,"column":65}}],"line":280},"63":{"loc":{"start":{"line":310,"column":16},"end":{"line":310,"column":72}},"type":"if","locations":[{"start":{"line":310,"column":16},"end":{"line":310,"column":72}},{"start":{"line":310,"column":16},"end":{"line":310,"column":72}}],"line":310},"64":{"loc":{"start":{"line":313,"column":16},"end":{"line":313,"column":103}},"type":"if","locations":[{"start":{"line":313,"column":16},"end":{"line":313,"column":103}},{"start":{"line":313,"column":16},"end":{"line":313,"column":103}}],"line":313},"65":{"loc":{"start":{"line":313,"column":20},"end":{"line":313,"column":93}},"type":"binary-expr","locations":[{"start":{"line":313,"column":20},"end":{"line":313,"column":44}},{"start":{"line":313,"column":48},"end":{"line":313,"column":68}},{"start":{"line":313,"column":72},"end":{"line":313,"column":93}}],"line":313},"66":{"loc":{"start":{"line":318,"column":20},"end":{"line":318,"column":81}},"type":"if","locations":[{"start":{"line":318,"column":20},"end":{"line":318,"column":81}},{"start":{"line":318,"column":20},"end":{"line":318,"column":81}}],"line":318},"67":{"loc":{"start":{"line":330,"column":17},"end":{"line":330,"column":26}},"type":"default-arg","locations":[{"start":{"line":330,"column":24},"end":{"line":330,"column":26}}],"line":330},"68":{"loc":{"start":{"line":331,"column":12},"end":{"line":331,"column":78}},"type":"if","locations":[{"start":{"line":331,"column":12},"end":{"line":331,"column":78}},{"start":{"line":331,"column":12},"end":{"line":331,"column":78}}],"line":331},"69":{"loc":{"start":{"line":331,"column":16},"end":{"line":331,"column":38}},"type":"binary-expr","locations":[{"start":{"line":331,"column":16},"end":{"line":331,"column":24}},{"start":{"line":331,"column":28},"end":{"line":331,"column":38}}],"line":331},"70":{"loc":{"start":{"line":332,"column":12},"end":{"line":332,"column":62}},"type":"if","locations":[{"start":{"line":332,"column":12},"end":{"line":332,"column":62}},{"start":{"line":332,"column":12},"end":{"line":332,"column":62}}],"line":332},"71":{"loc":{"start":{"line":335,"column":12},"end":{"line":338,"column":13}},"type":"if","locations":[{"start":{"line":335,"column":12},"end":{"line":338,"column":13}},{"start":{"line":335,"column":12},"end":{"line":338,"column":13}}],"line":335},"72":{"loc":{"start":{"line":336,"column":16},"end":{"line":336,"column":75}},"type":"if","locations":[{"start":{"line":336,"column":16},"end":{"line":336,"column":75}},{"start":{"line":336,"column":16},"end":{"line":336,"column":75}}],"line":336},"73":{"loc":{"start":{"line":370,"column":12},"end":{"line":370,"column":33}},"type":"if","locations":[{"start":{"line":370,"column":12},"end":{"line":370,"column":33}},{"start":{"line":370,"column":12},"end":{"line":370,"column":33}}],"line":370},"74":{"loc":{"start":{"line":371,"column":12},"end":{"line":371,"column":45}},"type":"if","locations":[{"start":{"line":371,"column":12},"end":{"line":371,"column":45}},{"start":{"line":371,"column":12},"end":{"line":371,"column":45}}],"line":371},"75":{"loc":{"start":{"line":385,"column":12},"end":{"line":389,"column":13}},"type":"if","locations":[{"start":{"line":385,"column":12},"end":{"line":389,"column":13}},{"start":{"line":385,"column":12},"end":{"line":389,"column":13}}],"line":385},"76":{"loc":{"start":{"line":387,"column":20},"end":{"line":387,"column":71}},"type":"if","locations":[{"start":{"line":387,"column":20},"end":{"line":387,"column":71}},{"start":{"line":387,"column":20},"end":{"line":387,"column":71}}],"line":387},"77":{"loc":{"start":{"line":390,"column":12},"end":{"line":390,"column":65}},"type":"if","locations":[{"start":{"line":390,"column":12},"end":{"line":390,"column":65}},{"start":{"line":390,"column":12},"end":{"line":390,"column":65}}],"line":390},"78":{"loc":{"start":{"line":391,"column":12},"end":{"line":391,"column":55}},"type":"if","locations":[{"start":{"line":391,"column":12},"end":{"line":391,"column":55}},{"start":{"line":391,"column":12},"end":{"line":391,"column":55}}],"line":391},"79":{"loc":{"start":{"line":409,"column":28},"end":{"line":409,"column":68}},"type":"cond-expr","locations":[{"start":{"line":409,"column":50},"end":{"line":409,"column":55}},{"start":{"line":409,"column":58},"end":{"line":409,"column":68}}],"line":409},"80":{"loc":{"start":{"line":410,"column":12},"end":{"line":410,"column":106}},"type":"if","locations":[{"start":{"line":410,"column":12},"end":{"line":410,"column":106}},{"start":{"line":410,"column":12},"end":{"line":410,"column":106}}],"line":410},"81":{"loc":{"start":{"line":410,"column":16},"end":{"line":410,"column":42}},"type":"binary-expr","locations":[{"start":{"line":410,"column":16},"end":{"line":410,"column":23}},{"start":{"line":410,"column":27},"end":{"line":410,"column":42}}],"line":410},"82":{"loc":{"start":{"line":411,"column":12},"end":{"line":416,"column":13}},"type":"if","locations":[{"start":{"line":411,"column":12},"end":{"line":416,"column":13}},{"start":{"line":411,"column":12},"end":{"line":416,"column":13}}],"line":411},"83":{"loc":{"start":{"line":411,"column":16},"end":{"line":411,"column":47}},"type":"binary-expr","locations":[{"start":{"line":411,"column":16},"end":{"line":411,"column":27}},{"start":{"line":411,"column":31},"end":{"line":411,"column":47}}],"line":411},"84":{"loc":{"start":{"line":413,"column":16},"end":{"line":413,"column":137}},"type":"if","locations":[{"start":{"line":413,"column":16},"end":{"line":413,"column":137}},{"start":{"line":413,"column":16},"end":{"line":413,"column":137}}],"line":413},"85":{"loc":{"start":{"line":414,"column":16},"end":{"line":415,"column":43}},"type":"if","locations":[{"start":{"line":414,"column":16},"end":{"line":415,"column":43}},{"start":{"line":414,"column":16},"end":{"line":415,"column":43}}],"line":414}},"s":{"0":1,"1":1,"2":1,"3":1,"4":1,"5":2,"6":2,"7":1,"8":4,"9":4,"10":0,"11":0,"12":4,"13":2,"14":0,"15":4,"16":2,"17":0,"18":3,"19":3,"20":0,"21":3,"22":3,"23":3,"24":0,"25":0,"26":0,"27":3,"28":0,"29":0,"30":0,"31":3,"32":3,"33":1,"34":0,"35":1,"36":2,"37":0,"38":0,"39":0,"40":2,"41":4,"42":0,"43":0,"44":0,"45":4,"46":2,"47":4,"48":2,"49":4,"50":0,"51":0,"52":0,"53":4,"54":4,"55":2,"56":2,"57":2,"58":0,"59":37,"60":37,"61":37,"62":37,"63":37,"64":37,"65":1,"66":36,"67":0,"68":0,"69":0,"70":0,"71":0,"72":0,"73":0,"74":4,"75":4,"76":4,"77":4,"78":4,"79":3,"80":0,"81":3,"82":1,"83":0,"84":0,"85":0,"86":1,"87":0,"88":0,"89":0,"90":1,"91":1,"92":1,"93":1,"94":1,"95":1,"96":1,"97":1,"98":1,"99":0,"100":1,"101":1,"102":1,"103":1,"104":0,"105":1,"106":0,"107":1,"108":1,"109":0,"110":0,"111":1,"112":3,"113":3,"114":3,"115":3,"116":3,"117":1,"118":2,"119":4,"120":4,"121":0,"122":0,"123":4,"124":2,"125":4,"126":4,"127":4,"128":1,"129":3,"130":1,"131":2,"132":2,"133":2,"134":0,"135":2,"136":2,"137":2,"138":0,"139":0,"140":0,"141":0,"142":0,"143":2,"144":4,"145":2,"146":0,"147":0,"148":0,"149":0,"150":0,"151":2,"152":2,"153":4,"154":4,"155":0,"156":4,"157":4,"158":20,"159":20,"160":16,"161":4,"162":2,"163":4,"164":2,"165":4,"166":4,"167":2,"168":0,"169":2,"170":0,"171":0,"172":2,"173":2,"174":0,"175":2,"176":0,"177":2,"178":4,"179":4,"180":4,"181":0,"182":2,"183":4,"184":0,"185":4,"186":0,"187":4,"188":4,"189":0,"190":0,"191":0,"192":4,"193":4,"194":4,"195":4,"196":0,"197":0,"198":4,"199":4,"200":8,"201":0,"202":8,"203":4,"204":4,"205":4,"206":4,"207":0,"208":0,"209":2,"210":2,"211":4,"212":4,"213":2,"214":2,"215":2,"216":2,"217":2,"218":4,"219":4,"220":4,"221":4,"222":4,"223":1,"224":1,"225":0,"226":3,"227":2,"228":1,"229":0,"230":1,"231":0,"232":1,"233":4,"234":2,"235":2,"236":4,"237":2,"238":2,"239":0,"240":2,"241":1,"242":1},"f":{"0":1,"1":2,"2":4,"3":3,"4":3,"5":2,"6":37,"7":37,"8":0,"9":0,"10":4,"11":4,"12":1,"13":3,"14":3,"15":4,"16":4,"17":2,"18":4,"19":4,"20":4,"21":2,"22":4,"23":4,"24":0,"25":2,"26":4,"27":4,"28":8,"29":2,"30":2,"31":4,"32":4,"33":1,"34":0,"35":4,"36":2,"37":2,"38":0},"b":{"0":[1,1],"1":[4,0],"2":[0,4],"3":[0,0],"4":[2,2],"5":[0,2],"6":[2,2],"7":[0,2],"8":[0],"9":[0,3],"10":[0,3],"11":[0,0],"12":[0,3],"13":[0,0],"14":[1,2],"15":[0,1],"16":[0,2],"17":[0,0],"18":[0,4],"19":[0,0],"20":[2,2],"21":[0,4],"22":[0,0],"23":[2,0],"24":[1],"25":[37],"26":[0,37],"27":[1,36],"28":[0],"29":[0,0],"30":[2],"31":[3],"32":[3,1],"33":[0,3],"34":[0,1],"35":[0,0],"36":[0,1],"37":[0,0],"38":[1,0],"39":[0,1],"40":[1,0],"41":[1,0],"42":[1,1,1],"43":[1,0],"44":[0,1],"45":[0,0],"46":[2],"47":[1,2],"48":[4,0],"49":[4,4,4],"50":[4,0],"51":[0,0],"52":[1],"53":[1,3],"54":[1,2],"55":[0,2],"56":[2,0],"57":[0,2],"58":[0,0],"59":[0,2],"60":[0,0],"61":[0,4],"62":[16,4],"63":[0,2],"64":[0,2],"65":[2,2,2],"66":[0,4],"67":[0],"68":[0,4],"69":[4,4],"70":[0,4],"71":[0,4],"72":[0,0],"73":[0,8],"74":[4,4],"75":[2,0],"76":[4,0],"77":[2,0],"78":[2,0],"79":[1,3],"80":[1,3],"81":[4,1],"82":[2,1],"83":[3,2],"84":[0,1],"85":[0,1]},"_coverageSchema":"1a1c01bbd47fc00a2c39e90264f33305004495a9","hash":"0566f8cbfc72d7c48315351dd88033fbd8fbd48e","contentHash":"c61e8366f230926aa1d5283ae1d787680bc9c9d2b488a1ea8a407386b0d0a246"},"X:\\workflow\\open-projects\\Pocket.js\\Pocket\\Probe.js":{"path":"X:\\workflow\\open-projects\\Pocket.js\\Pocket\\Probe.js","statementMap":{"0":{"start":{"line":6,"column":0},"end":{"line":310,"column":1}},"1":{"start":{"line":8,"column":67},"end":{"line":8,"column":85}},"2":{"start":{"line":9,"column":15},"end":{"line":9,"column":34}},"3":{"start":{"line":10,"column":4},"end":{"line":309,"column":5}},"4":{"start":{"line":20,"column":12},"end":{"line":20,"column":39}},"5":{"start":{"line":21,"column":12},"end":{"line":21,"column":74}},"6":{"start":{"line":21,"column":46},"end":{"line":21,"column":74}},"7":{"start":{"line":22,"column":12},"end":{"line":22,"column":88}},"8":{"start":{"line":22,"column":52},"end":{"line":22,"column":88}},"9":{"start":{"line":24,"column":12},"end":{"line":24,"column":27}},"10":{"start":{"line":25,"column":12},"end":{"line":25,"column":29}},"11":{"start":{"line":26,"column":12},"end":{"line":26,"column":31}},"12":{"start":{"line":27,"column":12},"end":{"line":27,"column":29}},"13":{"start":{"line":28,"column":12},"end":{"line":28,"column":33}},"14":{"start":{"line":29,"column":12},"end":{"line":29,"column":31}},"15":{"start":{"line":30,"column":12},"end":{"line":30,"column":33}},"16":{"start":{"line":31,"column":12},"end":{"line":31,"column":59}},"17":{"start":{"line":33,"column":12},"end":{"line":33,"column":33}},"18":{"start":{"line":34,"column":12},"end":{"line":34,"column":29}},"19":{"start":{"line":35,"column":12},"end":{"line":35,"column":32}},"20":{"start":{"line":38,"column":12},"end":{"line":38,"column":63}},"21":{"start":{"line":38,"column":42},"end":{"line":38,"column":63}},"22":{"start":{"line":39,"column":12},"end":{"line":39,"column":60}},"23":{"start":{"line":39,"column":31},"end":{"line":39,"column":60}},"24":{"start":{"line":46,"column":12},"end":{"line":46,"column":47}},"25":{"start":{"line":46,"column":29},"end":{"line":46,"column":47}},"26":{"start":{"line":47,"column":12},"end":{"line":47,"column":30}},"27":{"start":{"line":48,"column":12},"end":{"line":48,"column":30}},"28":{"start":{"line":52,"column":12},"end":{"line":55,"column":13}},"29":{"start":{"line":53,"column":16},"end":{"line":53,"column":81}},"30":{"start":{"line":53,"column":32},"end":{"line":53,"column":81}},"31":{"start":{"line":54,"column":16},"end":{"line":54,"column":22}},"32":{"start":{"line":56,"column":12},"end":{"line":56,"column":44}},"33":{"start":{"line":56,"column":20},"end":{"line":56,"column":44}},"34":{"start":{"line":57,"column":12},"end":{"line":57,"column":77}},"35":{"start":{"line":57,"column":41},"end":{"line":57,"column":77}},"36":{"start":{"line":58,"column":12},"end":{"line":58,"column":88}},"37":{"start":{"line":58,"column":40},"end":{"line":58,"column":88}},"38":{"start":{"line":59,"column":12},"end":{"line":59,"column":89}},"39":{"start":{"line":59,"column":41},"end":{"line":59,"column":89}},"40":{"start":{"line":62,"column":24},"end":{"line":62,"column":64}},"41":{"start":{"line":63,"column":25},"end":{"line":63,"column":46}},"42":{"start":{"line":64,"column":12},"end":{"line":64,"column":81}},"43":{"start":{"line":64,"column":30},"end":{"line":64,"column":81}},"44":{"start":{"line":66,"column":12},"end":{"line":66,"column":51}},"45":{"start":{"line":68,"column":12},"end":{"line":70,"column":13}},"46":{"start":{"line":69,"column":16},"end":{"line":69,"column":109}},"47":{"start":{"line":72,"column":12},"end":{"line":72,"column":24}},"48":{"start":{"line":76,"column":12},"end":{"line":76,"column":27}},"49":{"start":{"line":80,"column":12},"end":{"line":80,"column":33}},"50":{"start":{"line":84,"column":12},"end":{"line":87,"column":13}},"51":{"start":{"line":85,"column":16},"end":{"line":85,"column":92}},"52":{"start":{"line":85,"column":32},"end":{"line":85,"column":92}},"53":{"start":{"line":86,"column":16},"end":{"line":86,"column":22}},"54":{"start":{"line":88,"column":12},"end":{"line":88,"column":26}},"55":{"start":{"line":88,"column":20},"end":{"line":88,"column":26}},"56":{"start":{"line":89,"column":12},"end":{"line":92,"column":13}},"57":{"start":{"line":90,"column":16},"end":{"line":90,"column":68}},"58":{"start":{"line":90,"column":32},"end":{"line":90,"column":68}},"59":{"start":{"line":91,"column":16},"end":{"line":91,"column":22}},"60":{"start":{"line":94,"column":12},"end":{"line":94,"column":30}},"61":{"start":{"line":98,"column":12},"end":{"line":101,"column":13}},"62":{"start":{"line":99,"column":16},"end":{"line":99,"column":70}},"63":{"start":{"line":99,"column":32},"end":{"line":99,"column":70}},"64":{"start":{"line":100,"column":16},"end":{"line":100,"column":22}},"65":{"start":{"line":104,"column":12},"end":{"line":104,"column":26}},"66":{"start":{"line":104,"column":20},"end":{"line":104,"column":26}},"67":{"start":{"line":105,"column":12},"end":{"line":108,"column":13}},"68":{"start":{"line":106,"column":16},"end":{"line":106,"column":61}},"69":{"start":{"line":106,"column":32},"end":{"line":106,"column":61}},"70":{"start":{"line":107,"column":16},"end":{"line":107,"column":22}},"71":{"start":{"line":109,"column":12},"end":{"line":109,"column":81}},"72":{"start":{"line":109,"column":40},"end":{"line":109,"column":81}},"73":{"start":{"line":110,"column":12},"end":{"line":110,"column":94}},"74":{"start":{"line":110,"column":41},"end":{"line":110,"column":94}},"75":{"start":{"line":111,"column":24},"end":{"line":111,"column":64}},"76":{"start":{"line":112,"column":25},"end":{"line":112,"column":46}},"77":{"start":{"line":113,"column":12},"end":{"line":113,"column":83}},"78":{"start":{"line":113,"column":30},"end":{"line":113,"column":83}},"79":{"start":{"line":117,"column":12},"end":{"line":117,"column":60}},"80":{"start":{"line":121,"column":12},"end":{"line":121,"column":29}},"81":{"start":{"line":128,"column":29},"end":{"line":128,"column":81}},"82":{"start":{"line":129,"column":12},"end":{"line":132,"column":13}},"83":{"start":{"line":130,"column":16},"end":{"line":130,"column":98}},"84":{"start":{"line":130,"column":32},"end":{"line":130,"column":98}},"85":{"start":{"line":131,"column":16},"end":{"line":131,"column":27}},"86":{"start":{"line":134,"column":12},"end":{"line":134,"column":29}},"87":{"start":{"line":135,"column":12},"end":{"line":135,"column":109}},"88":{"start":{"line":135,"column":86},"end":{"line":135,"column":109}},"89":{"start":{"line":136,"column":12},"end":{"line":136,"column":26}},"90":{"start":{"line":140,"column":12},"end":{"line":140,"column":29}},"91":{"start":{"line":149,"column":12},"end":{"line":155,"column":13}},"92":{"start":{"line":168,"column":12},"end":{"line":168,"column":31}},"93":{"start":{"line":173,"column":12},"end":{"line":243,"column":17}},"94":{"start":{"line":174,"column":16},"end":{"line":179,"column":17}},"95":{"start":{"line":176,"column":20},"end":{"line":176,"column":119}},"96":{"start":{"line":176,"column":107},"end":{"line":176,"column":119}},"97":{"start":{"line":178,"column":20},"end":{"line":178,"column":62}},"98":{"start":{"line":181,"column":16},"end":{"line":184,"column":17}},"99":{"start":{"line":182,"column":20},"end":{"line":182,"column":99}},"100":{"start":{"line":182,"column":36},"end":{"line":182,"column":99}},"101":{"start":{"line":183,"column":20},"end":{"line":183,"column":32}},"102":{"start":{"line":186,"column":16},"end":{"line":242,"column":17}},"103":{"start":{"line":188,"column":24},"end":{"line":191,"column":25}},"104":{"start":{"line":189,"column":28},"end":{"line":189,"column":102}},"105":{"start":{"line":189,"column":44},"end":{"line":189,"column":102}},"106":{"start":{"line":190,"column":28},"end":{"line":190,"column":33}},"107":{"start":{"line":192,"column":24},"end":{"line":192,"column":43}},"108":{"start":{"line":193,"column":24},"end":{"line":193,"column":62}},"109":{"start":{"line":194,"column":24},"end":{"line":194,"column":44}},"110":{"start":{"line":195,"column":24},"end":{"line":195,"column":50}},"111":{"start":{"line":196,"column":24},"end":{"line":196,"column":29}},"112":{"start":{"line":199,"column":24},"end":{"line":202,"column":25}},"113":{"start":{"line":200,"column":28},"end":{"line":200,"column":119}},"114":{"start":{"line":200,"column":44},"end":{"line":200,"column":119}},"115":{"start":{"line":201,"column":28},"end":{"line":201,"column":33}},"116":{"start":{"line":204,"column":24},"end":{"line":209,"column":25}},"117":{"start":{"line":205,"column":28},"end":{"line":205,"column":47}},"118":{"start":{"line":206,"column":28},"end":{"line":206,"column":66}},"119":{"start":{"line":207,"column":28},"end":{"line":207,"column":54}},"120":{"start":{"line":208,"column":28},"end":{"line":208,"column":78}},"121":{"start":{"line":208,"column":44},"end":{"line":208,"column":78}},"122":{"start":{"line":211,"column":24},"end":{"line":211,"column":29}},"123":{"start":{"line":214,"column":24},"end":{"line":214,"column":43}},"124":{"start":{"line":215,"column":24},"end":{"line":215,"column":62}},"125":{"start":{"line":216,"column":24},"end":{"line":216,"column":50}},"126":{"start":{"line":217,"column":24},"end":{"line":217,"column":42}},"127":{"start":{"line":219,"column":24},"end":{"line":219,"column":29}},"128":{"start":{"line":222,"column":24},"end":{"line":225,"column":25}},"129":{"start":{"line":223,"column":28},"end":{"line":223,"column":120}},"130":{"start":{"line":223,"column":44},"end":{"line":223,"column":120}},"131":{"start":{"line":224,"column":28},"end":{"line":224,"column":33}},"132":{"start":{"line":226,"column":24},"end":{"line":226,"column":43}},"133":{"start":{"line":227,"column":24},"end":{"line":227,"column":62}},"134":{"start":{"line":228,"column":24},"end":{"line":228,"column":50}},"135":{"start":{"line":229,"column":24},"end":{"line":229,"column":29}},"136":{"start":{"line":232,"column":24},"end":{"line":232,"column":63}},"137":{"start":{"line":232,"column":57},"end":{"line":232,"column":63}},"138":{"start":{"line":234,"column":24},"end":{"line":234,"column":43}},"139":{"start":{"line":235,"column":24},"end":{"line":235,"column":62}},"140":{"start":{"line":236,"column":24},"end":{"line":236,"column":50}},"141":{"start":{"line":237,"column":24},"end":{"line":237,"column":42}},"142":{"start":{"line":238,"column":24},"end":{"line":238,"column":29}},"143":{"start":{"line":241,"column":24},"end":{"line":241,"column":112}},"144":{"start":{"line":241,"column":40},"end":{"line":241,"column":112}},"145":{"start":{"line":254,"column":30},"end":{"line":254,"column":50}},"146":{"start":{"line":255,"column":22},"end":{"line":255,"column":44}},"147":{"start":{"line":256,"column":12},"end":{"line":256,"column":37}},"148":{"start":{"line":260,"column":32},"end":{"line":260,"column":114}},"149":{"start":{"line":260,"column":70},"end":{"line":260,"column":95}},"150":{"start":{"line":260,"column":106},"end":{"line":260,"column":112}},"151":{"start":{"line":261,"column":12},"end":{"line":261,"column":50}},"152":{"start":{"line":262,"column":12},"end":{"line":262,"column":30}},"153":{"start":{"line":272,"column":12},"end":{"line":272,"column":48}},"154":{"start":{"line":276,"column":12},"end":{"line":276,"column":114}},"155":{"start":{"line":284,"column":12},"end":{"line":294,"column":13}},"156":{"start":{"line":286,"column":16},"end":{"line":290,"column":17}},"157":{"start":{"line":287,"column":20},"end":{"line":289,"column":22}},"158":{"start":{"line":288,"column":24},"end":{"line":288,"column":81}},"159":{"start":{"line":288,"column":40},"end":{"line":288,"column":81}},"160":{"start":{"line":292,"column":16},"end":{"line":292,"column":54}},"161":{"start":{"line":293,"column":16},"end":{"line":293,"column":37}},"162":{"start":{"line":302,"column":12},"end":{"line":307,"column":13}},"163":{"start":{"line":304,"column":16},"end":{"line":306,"column":18}},"164":{"start":{"line":305,"column":20},"end":{"line":305,"column":85}},"165":{"start":{"line":305,"column":36},"end":{"line":305,"column":85}}},"fnMap":{"0":{"name":"(anonymous_0)","decl":{"start":{"line":6,"column":17},"end":{"line":6,"column":18}},"loc":{"start":{"line":6,"column":33},"end":{"line":310,"column":1}},"line":6},"1":{"name":"(anonymous_1)","decl":{"start":{"line":19,"column":8},"end":{"line":19,"column":9}},"loc":{"start":{"line":19,"column":38},"end":{"line":40,"column":9}},"line":19},"2":{"name":"(anonymous_2)","decl":{"start":{"line":45,"column":8},"end":{"line":45,"column":9}},"loc":{"start":{"line":45,"column":17},"end":{"line":49,"column":9}},"line":45},"3":{"name":"(anonymous_3)","decl":{"start":{"line":51,"column":8},"end":{"line":51,"column":9}},"loc":{"start":{"line":51,"column":18},"end":{"line":73,"column":9}},"line":51},"4":{"name":"(anonymous_4)","decl":{"start":{"line":75,"column":8},"end":{"line":75,"column":9}},"loc":{"start":{"line":75,"column":17},"end":{"line":77,"column":9}},"line":75},"5":{"name":"(anonymous_5)","decl":{"start":{"line":79,"column":8},"end":{"line":79,"column":9}},"loc":{"start":{"line":79,"column":23},"end":{"line":81,"column":9}},"line":79},"6":{"name":"(anonymous_6)","decl":{"start":{"line":83,"column":8},"end":{"line":83,"column":9}},"loc":{"start":{"line":83,"column":24},"end":{"line":95,"column":9}},"line":83},"7":{"name":"(anonymous_7)","decl":{"start":{"line":97,"column":8},"end":{"line":97,"column":9}},"loc":{"start":{"line":97,"column":20},"end":{"line":118,"column":9}},"line":97},"8":{"name":"(anonymous_8)","decl":{"start":{"line":120,"column":8},"end":{"line":120,"column":9}},"loc":{"start":{"line":120,"column":19},"end":{"line":122,"column":9}},"line":120},"9":{"name":"(anonymous_9)","decl":{"start":{"line":124,"column":8},"end":{"line":124,"column":9}},"loc":{"start":{"line":124,"column":20},"end":{"line":137,"column":9}},"line":124},"10":{"name":"(anonymous_10)","decl":{"start":{"line":139,"column":8},"end":{"line":139,"column":9}},"loc":{"start":{"line":139,"column":19},"end":{"line":141,"column":9}},"line":139},"11":{"name":"(anonymous_11)","decl":{"start":{"line":148,"column":8},"end":{"line":148,"column":9}},"loc":{"start":{"line":148,"column":31},"end":{"line":156,"column":9}},"line":148},"12":{"name":"(anonymous_12)","decl":{"start":{"line":167,"column":8},"end":{"line":167,"column":9}},"loc":{"start":{"line":167,"column":21},"end":{"line":169,"column":9}},"line":167},"13":{"name":"(anonymous_13)","decl":{"start":{"line":171,"column":8},"end":{"line":171,"column":9}},"loc":{"start":{"line":171,"column":22},"end":{"line":244,"column":9}},"line":171},"14":{"name":"(anonymous_14)","decl":{"start":{"line":173,"column":13},"end":{"line":173,"column":14}},"loc":{"start":{"line":173,"column":23},"end":{"line":243,"column":13}},"line":173},"15":{"name":"(anonymous_15)","decl":{"start":{"line":252,"column":8},"end":{"line":252,"column":9}},"loc":{"start":{"line":252,"column":30},"end":{"line":257,"column":9}},"line":252},"16":{"name":"(anonymous_16)","decl":{"start":{"line":259,"column":8},"end":{"line":259,"column":9}},"loc":{"start":{"line":259,"column":29},"end":{"line":263,"column":9}},"line":259},"17":{"name":"(anonymous_17)","decl":{"start":{"line":260,"column":60},"end":{"line":260,"column":61}},"loc":{"start":{"line":260,"column":70},"end":{"line":260,"column":95}},"line":260},"18":{"name":"(anonymous_18)","decl":{"start":{"line":260,"column":101},"end":{"line":260,"column":102}},"loc":{"start":{"line":260,"column":106},"end":{"line":260,"column":112}},"line":260},"19":{"name":"(anonymous_19)","decl":{"start":{"line":271,"column":8},"end":{"line":271,"column":9}},"loc":{"start":{"line":271,"column":29},"end":{"line":273,"column":9}},"line":271},"20":{"name":"(anonymous_20)","decl":{"start":{"line":275,"column":8},"end":{"line":275,"column":9}},"loc":{"start":{"line":275,"column":14},"end":{"line":277,"column":9}},"line":275},"21":{"name":"(anonymous_21)","decl":{"start":{"line":283,"column":8},"end":{"line":283,"column":9}},"loc":{"start":{"line":283,"column":27},"end":{"line":295,"column":9}},"line":283},"22":{"name":"(anonymous_22)","decl":{"start":{"line":287,"column":31},"end":{"line":287,"column":32}},"loc":{"start":{"line":287,"column":37},"end":{"line":289,"column":21}},"line":287},"23":{"name":"(anonymous_23)","decl":{"start":{"line":301,"column":8},"end":{"line":301,"column":9}},"loc":{"start":{"line":301,"column":29},"end":{"line":308,"column":9}},"line":301},"24":{"name":"(anonymous_24)","decl":{"start":{"line":304,"column":27},"end":{"line":304,"column":28}},"loc":{"start":{"line":304,"column":33},"end":{"line":306,"column":17}},"line":304}},"branchMap":{"0":{"loc":{"start":{"line":19,"column":20},"end":{"line":19,"column":29}},"type":"default-arg","locations":[{"start":{"line":19,"column":27},"end":{"line":19,"column":29}}],"line":19},"1":{"loc":{"start":{"line":20,"column":25},"end":{"line":20,"column":39}},"type":"binary-expr","locations":[{"start":{"line":20,"column":25},"end":{"line":20,"column":30}},{"start":{"line":20,"column":34},"end":{"line":20,"column":39}}],"line":20},"2":{"loc":{"start":{"line":21,"column":12},"end":{"line":21,"column":74}},"type":"if","locations":[{"start":{"line":21,"column":12},"end":{"line":21,"column":74}},{"start":{"line":21,"column":12},"end":{"line":21,"column":74}}],"line":21},"3":{"loc":{"start":{"line":21,"column":16},"end":{"line":21,"column":44}},"type":"binary-expr","locations":[{"start":{"line":21,"column":16},"end":{"line":21,"column":33}},{"start":{"line":21,"column":37},"end":{"line":21,"column":44}}],"line":21},"4":{"loc":{"start":{"line":22,"column":12},"end":{"line":22,"column":88}},"type":"if","locations":[{"start":{"line":22,"column":12},"end":{"line":22,"column":88}},{"start":{"line":22,"column":12},"end":{"line":22,"column":88}}],"line":22},"5":{"loc":{"start":{"line":22,"column":16},"end":{"line":22,"column":50}},"type":"binary-expr","locations":[{"start":{"line":22,"column":16},"end":{"line":22,"column":26}},{"start":{"line":22,"column":30},"end":{"line":22,"column":50}}],"line":22},"6":{"loc":{"start":{"line":38,"column":12},"end":{"line":38,"column":63}},"type":"if","locations":[{"start":{"line":38,"column":12},"end":{"line":38,"column":63}},{"start":{"line":38,"column":12},"end":{"line":38,"column":63}}],"line":38},"7":{"loc":{"start":{"line":39,"column":12},"end":{"line":39,"column":60}},"type":"if","locations":[{"start":{"line":39,"column":12},"end":{"line":39,"column":60}},{"start":{"line":39,"column":12},"end":{"line":39,"column":60}}],"line":39},"8":{"loc":{"start":{"line":46,"column":12},"end":{"line":46,"column":47}},"type":"if","locations":[{"start":{"line":46,"column":12},"end":{"line":46,"column":47}},{"start":{"line":46,"column":12},"end":{"line":46,"column":47}}],"line":46},"9":{"loc":{"start":{"line":52,"column":12},"end":{"line":55,"column":13}},"type":"if","locations":[{"start":{"line":52,"column":12},"end":{"line":55,"column":13}},{"start":{"line":52,"column":12},"end":{"line":55,"column":13}}],"line":52},"10":{"loc":{"start":{"line":53,"column":16},"end":{"line":53,"column":81}},"type":"if","locations":[{"start":{"line":53,"column":16},"end":{"line":53,"column":81}},{"start":{"line":53,"column":16},"end":{"line":53,"column":81}}],"line":53},"11":{"loc":{"start":{"line":56,"column":12},"end":{"line":56,"column":44}},"type":"if","locations":[{"start":{"line":56,"column":12},"end":{"line":56,"column":44}},{"start":{"line":56,"column":12},"end":{"line":56,"column":44}}],"line":56},"12":{"loc":{"start":{"line":57,"column":12},"end":{"line":57,"column":77}},"type":"if","locations":[{"start":{"line":57,"column":12},"end":{"line":57,"column":77}},{"start":{"line":57,"column":12},"end":{"line":57,"column":77}}],"line":57},"13":{"loc":{"start":{"line":58,"column":12},"end":{"line":58,"column":88}},"type":"if","locations":[{"start":{"line":58,"column":12},"end":{"line":58,"column":88}},{"start":{"line":58,"column":12},"end":{"line":58,"column":88}}],"line":58},"14":{"loc":{"start":{"line":59,"column":12},"end":{"line":59,"column":89}},"type":"if","locations":[{"start":{"line":59,"column":12},"end":{"line":59,"column":89}},{"start":{"line":59,"column":12},"end":{"line":59,"column":89}}],"line":59},"15":{"loc":{"start":{"line":64,"column":12},"end":{"line":64,"column":81}},"type":"if","locations":[{"start":{"line":64,"column":12},"end":{"line":64,"column":81}},{"start":{"line":64,"column":12},"end":{"line":64,"column":81}}],"line":64},"16":{"loc":{"start":{"line":68,"column":12},"end":{"line":70,"column":13}},"type":"if","locations":[{"start":{"line":68,"column":12},"end":{"line":70,"column":13}},{"start":{"line":68,"column":12},"end":{"line":70,"column":13}}],"line":68},"17":{"loc":{"start":{"line":84,"column":12},"end":{"line":87,"column":13}},"type":"if","locations":[{"start":{"line":84,"column":12},"end":{"line":87,"column":13}},{"start":{"line":84,"column":12},"end":{"line":87,"column":13}}],"line":84},"18":{"loc":{"start":{"line":85,"column":16},"end":{"line":85,"column":92}},"type":"if","locations":[{"start":{"line":85,"column":16},"end":{"line":85,"column":92}},{"start":{"line":85,"column":16},"end":{"line":85,"column":92}}],"line":85},"19":{"loc":{"start":{"line":88,"column":12},"end":{"line":88,"column":26}},"type":"if","locations":[{"start":{"line":88,"column":12},"end":{"line":88,"column":26}},{"start":{"line":88,"column":12},"end":{"line":88,"column":26}}],"line":88},"20":{"loc":{"start":{"line":89,"column":12},"end":{"line":92,"column":13}},"type":"if","locations":[{"start":{"line":89,"column":12},"end":{"line":92,"column":13}},{"start":{"line":89,"column":12},"end":{"line":92,"column":13}}],"line":89},"21":{"loc":{"start":{"line":90,"column":16},"end":{"line":90,"column":68}},"type":"if","locations":[{"start":{"line":90,"column":16},"end":{"line":90,"column":68}},{"start":{"line":90,"column":16},"end":{"line":90,"column":68}}],"line":90},"22":{"loc":{"start":{"line":98,"column":12},"end":{"line":101,"column":13}},"type":"if","locations":[{"start":{"line":98,"column":12},"end":{"line":101,"column":13}},{"start":{"line":98,"column":12},"end":{"line":101,"column":13}}],"line":98},"23":{"loc":{"start":{"line":99,"column":16},"end":{"line":99,"column":70}},"type":"if","locations":[{"start":{"line":99,"column":16},"end":{"line":99,"column":70}},{"start":{"line":99,"column":16},"end":{"line":99,"column":70}}],"line":99},"24":{"loc":{"start":{"line":104,"column":12},"end":{"line":104,"column":26}},"type":"if","locations":[{"start":{"line":104,"column":12},"end":{"line":104,"column":26}},{"start":{"line":104,"column":12},"end":{"line":104,"column":26}}],"line":104},"25":{"loc":{"start":{"line":105,"column":12},"end":{"line":108,"column":13}},"type":"if","locations":[{"start":{"line":105,"column":12},"end":{"line":108,"column":13}},{"start":{"line":105,"column":12},"end":{"line":108,"column":13}}],"line":105},"26":{"loc":{"start":{"line":106,"column":16},"end":{"line":106,"column":61}},"type":"if","locations":[{"start":{"line":106,"column":16},"end":{"line":106,"column":61}},{"start":{"line":106,"column":16},"end":{"line":106,"column":61}}],"line":106},"27":{"loc":{"start":{"line":109,"column":12},"end":{"line":109,"column":81}},"type":"if","locations":[{"start":{"line":109,"column":12},"end":{"line":109,"column":81}},{"start":{"line":109,"column":12},"end":{"line":109,"column":81}}],"line":109},"28":{"loc":{"start":{"line":110,"column":12},"end":{"line":110,"column":94}},"type":"if","locations":[{"start":{"line":110,"column":12},"end":{"line":110,"column":94}},{"start":{"line":110,"column":12},"end":{"line":110,"column":94}}],"line":110},"29":{"loc":{"start":{"line":113,"column":12},"end":{"line":113,"column":83}},"type":"if","locations":[{"start":{"line":113,"column":12},"end":{"line":113,"column":83}},{"start":{"line":113,"column":12},"end":{"line":113,"column":83}}],"line":113},"30":{"loc":{"start":{"line":128,"column":29},"end":{"line":128,"column":81}},"type":"binary-expr","locations":[{"start":{"line":128,"column":29},"end":{"line":128,"column":55}},{"start":{"line":128,"column":59},"end":{"line":128,"column":81}}],"line":128},"31":{"loc":{"start":{"line":129,"column":12},"end":{"line":132,"column":13}},"type":"if","locations":[{"start":{"line":129,"column":12},"end":{"line":132,"column":13}},{"start":{"line":129,"column":12},"end":{"line":132,"column":13}}],"line":129},"32":{"loc":{"start":{"line":130,"column":16},"end":{"line":130,"column":98}},"type":"if","locations":[{"start":{"line":130,"column":16},"end":{"line":130,"column":98}},{"start":{"line":130,"column":16},"end":{"line":130,"column":98}}],"line":130},"33":{"loc":{"start":{"line":135,"column":12},"end":{"line":135,"column":109}},"type":"if","locations":[{"start":{"line":135,"column":12},"end":{"line":135,"column":109}},{"start":{"line":135,"column":12},"end":{"line":135,"column":109}}],"line":135},"34":{"loc":{"start":{"line":135,"column":16},"end":{"line":135,"column":84}},"type":"binary-expr","locations":[{"start":{"line":135,"column":16},"end":{"line":135,"column":38}},{"start":{"line":135,"column":42},"end":{"line":135,"column":61}},{"start":{"line":135,"column":65},"end":{"line":135,"column":84}}],"line":135},"35":{"loc":{"start":{"line":176,"column":20},"end":{"line":176,"column":119}},"type":"if","locations":[{"start":{"line":176,"column":20},"end":{"line":176,"column":119}},{"start":{"line":176,"column":20},"end":{"line":176,"column":119}}],"line":176},"36":{"loc":{"start":{"line":176,"column":24},"end":{"line":176,"column":105}},"type":"binary-expr","locations":[{"start":{"line":176,"column":24},"end":{"line":176,"column":61}},{"start":{"line":176,"column":65},"end":{"line":176,"column":105}}],"line":176},"37":{"loc":{"start":{"line":181,"column":16},"end":{"line":184,"column":17}},"type":"if","locations":[{"start":{"line":181,"column":16},"end":{"line":184,"column":17}},{"start":{"line":181,"column":16},"end":{"line":184,"column":17}}],"line":181},"38":{"loc":{"start":{"line":181,"column":20},"end":{"line":181,"column":74}},"type":"binary-expr","locations":[{"start":{"line":181,"column":20},"end":{"line":181,"column":47}},{"start":{"line":181,"column":51},"end":{"line":181,"column":74}}],"line":181},"39":{"loc":{"start":{"line":182,"column":20},"end":{"line":182,"column":99}},"type":"if","locations":[{"start":{"line":182,"column":20},"end":{"line":182,"column":99}},{"start":{"line":182,"column":20},"end":{"line":182,"column":99}}],"line":182},"40":{"loc":{"start":{"line":186,"column":16},"end":{"line":242,"column":17}},"type":"switch","locations":[{"start":{"line":187,"column":20},"end":{"line":196,"column":29}},{"start":{"line":198,"column":20},"end":{"line":211,"column":29}},{"start":{"line":213,"column":20},"end":{"line":219,"column":29}},{"start":{"line":221,"column":20},"end":{"line":229,"column":29}},{"start":{"line":231,"column":20},"end":{"line":238,"column":29}},{"start":{"line":240,"column":20},"end":{"line":241,"column":112}}],"line":186},"41":{"loc":{"start":{"line":188,"column":24},"end":{"line":191,"column":25}},"type":"if","locations":[{"start":{"line":188,"column":24},"end":{"line":191,"column":25}},{"start":{"line":188,"column":24},"end":{"line":191,"column":25}}],"line":188},"42":{"loc":{"start":{"line":189,"column":28},"end":{"line":189,"column":102}},"type":"if","locations":[{"start":{"line":189,"column":28},"end":{"line":189,"column":102}},{"start":{"line":189,"column":28},"end":{"line":189,"column":102}}],"line":189},"43":{"loc":{"start":{"line":199,"column":24},"end":{"line":202,"column":25}},"type":"if","locations":[{"start":{"line":199,"column":24},"end":{"line":202,"column":25}},{"start":{"line":199,"column":24},"end":{"line":202,"column":25}}],"line":199},"44":{"loc":{"start":{"line":200,"column":28},"end":{"line":200,"column":119}},"type":"if","locations":[{"start":{"line":200,"column":28},"end":{"line":200,"column":119}},{"start":{"line":200,"column":28},"end":{"line":200,"column":119}}],"line":200},"45":{"loc":{"start":{"line":204,"column":24},"end":{"line":209,"column":25}},"type":"if","locations":[{"start":{"line":204,"column":24},"end":{"line":209,"column":25}},{"start":{"line":204,"column":24},"end":{"line":209,"column":25}}],"line":204},"46":{"loc":{"start":{"line":208,"column":28},"end":{"line":208,"column":78}},"type":"if","locations":[{"start":{"line":208,"column":28},"end":{"line":208,"column":78}},{"start":{"line":208,"column":28},"end":{"line":208,"column":78}}],"line":208},"47":{"loc":{"start":{"line":222,"column":24},"end":{"line":225,"column":25}},"type":"if","locations":[{"start":{"line":222,"column":24},"end":{"line":225,"column":25}},{"start":{"line":222,"column":24},"end":{"line":225,"column":25}}],"line":222},"48":{"loc":{"start":{"line":223,"column":28},"end":{"line":223,"column":120}},"type":"if","locations":[{"start":{"line":223,"column":28},"end":{"line":223,"column":120}},{"start":{"line":223,"column":28},"end":{"line":223,"column":120}}],"line":223},"49":{"loc":{"start":{"line":232,"column":24},"end":{"line":232,"column":63}},"type":"if","locations":[{"start":{"line":232,"column":24},"end":{"line":232,"column":63}},{"start":{"line":232,"column":24},"end":{"line":232,"column":63}}],"line":232},"50":{"loc":{"start":{"line":241,"column":24},"end":{"line":241,"column":112}},"type":"if","locations":[{"start":{"line":241,"column":24},"end":{"line":241,"column":112}},{"start":{"line":241,"column":24},"end":{"line":241,"column":112}}],"line":241},"51":{"loc":{"start":{"line":284,"column":12},"end":{"line":294,"column":13}},"type":"if","locations":[{"start":{"line":284,"column":12},"end":{"line":294,"column":13}},{"start":{"line":284,"column":12},"end":{"line":294,"column":13}}],"line":284},"52":{"loc":{"start":{"line":284,"column":16},"end":{"line":284,"column":111}},"type":"binary-expr","locations":[{"start":{"line":284,"column":17},"end":{"line":284,"column":38}},{"start":{"line":284,"column":42},"end":{"line":284,"column":60}},{"start":{"line":284,"column":65},"end":{"line":284,"column":88}},{"start":{"line":284,"column":92},"end":{"line":284,"column":111}}],"line":284},"53":{"loc":{"start":{"line":286,"column":16},"end":{"line":290,"column":17}},"type":"if","locations":[{"start":{"line":286,"column":16},"end":{"line":290,"column":17}},{"start":{"line":286,"column":16},"end":{"line":290,"column":17}}],"line":286},"54":{"loc":{"start":{"line":288,"column":24},"end":{"line":288,"column":81}},"type":"if","locations":[{"start":{"line":288,"column":24},"end":{"line":288,"column":81}},{"start":{"line":288,"column":24},"end":{"line":288,"column":81}}],"line":288},"55":{"loc":{"start":{"line":302,"column":12},"end":{"line":307,"column":13}},"type":"if","locations":[{"start":{"line":302,"column":1
[...]
d":{"line":68,"column":13}},{"start":{"line":65,"column":12},"end":{"line":68,"column":13}}],"line":65},"18":{"loc":{"start":{"line":66,"column":16},"end":{"line":66,"column":89}},"type":"if","locations":[{"start":{"line":66,"column":16},"end":{"line":66,"column":89}},{"start":{"line":66,"column":16},"end":{"line":66,"column":89}}],"line":66},"19":{"loc":{"start":{"line":79,"column":12},"end":{"line":79,"column":37}},"type":"if","locations":[{"start":{"line":79,"column":12},"end":{"line":79,"column":37}},{"start":{"line":79,"column":12},"end":{"line":79,"column":37}}],"line":79},"20":{"loc":{"start":{"line":83,"column":12},"end":{"line":87,"column":13}},"type":"if","locations":[{"start":{"line":83,"column":12},"end":{"line":87,"column":13}},{"start":{"line":83,"column":12},"end":{"line":87,"column":13}}],"line":83},"21":{"loc":{"start":{"line":89,"column":12},"end":{"line":89,"column":57}},"type":"if","locations":[{"start":{"line":89,"column":12},"end":{"line":89,"column":57}},{"start":{"line":89,"column":12},"end":{"line":89,"column":57}}],"line":89},"22":{"loc":{"start":{"line":90,"column":12},"end":{"line":93,"column":13}},"type":"if","locations":[{"start":{"line":90,"column":12},"end":{"line":93,"column":13}},{"start":{"line":90,"column":12},"end":{"line":93,"column":13}}],"line":90},"23":{"loc":{"start":{"line":91,"column":16},"end":{"line":91,"column":83}},"type":"if","locations":[{"start":{"line":91,"column":16},"end":{"line":91,"column":83}},{"start":{"line":91,"column":16},"end":{"line":91,"column":83}}],"line":91}},"s":{"0":1,"1":1,"2":1,"3":2,"4":2,"5":2,"6":2,"7":2,"8":2,"9":2,"10":2,"11":2,"12":2,"13":10,"14":1,"15":10,"16":10,"17":3,"18":7,"19":7,"20":41,"21":0,"22":41,"23":41,"24":4,"25":37,"26":37,"27":10,"28":10,"29":3,"30":7,"31":0,"32":7,"33":7,"34":7,"35":0,"36":0,"37":0,"38":7,"39":41,"40":41,"41":4,"42":37,"43":37,"44":37,"45":0,"46":37,"47":0,"48":37,"49":0,"50":0,"51":0,"52":37,"53":46},"f":{"0":1,"1":2,"2":10,"3":41,"4":10,"5":41,"6":46},"b":{"0":[0],"1":[2,2],"2":[2,1],"3":[2,0],"4":[1,1],"5":[2,0],"6":[1],"7":[1,9],"8":[10,4],"9":[3,7],"10":[0],"11":[0,41],"12":[41,4],"13":[4,37],"14":[3,7],"15":[0,7],"16":[7,0],"17":[0,7],"18":[0,0],"19":[4,37],"20":[0,37],"21":[0,37],"22":[0,37],"23":[0,0]},"_coverageSchema":"1a1c01bbd47fc00a2c39e90264f33305004495a9","hash":"d10a97d2fd02d619eef43c57a63d3842a97b1dfc","contentHash":"46bae675aa4918edcbe4a432acb127a92617462f4dfa6fc15cf00e93e1d9dfe4"},"X:\\workflow\\open-projects\\Pocket.js\\Pocket\\Pocket.selectors.js":{"path":"X:\\workflow\\open-projects\\Pocket.js\\Pocket\\Pocket.selectors.js","statementMap":{"0":{"start":{"line":6,"column":0},"end":{"line":79,"column":1}},"1":{"start":{"line":7,"column":21},"end":{"line":7,"column":47}},"2":{"start":{"line":8,"column":4},"end":{"line":78,"column":5}},"3":{"start":{"line":10,"column":12},"end":{"line":10,"column":30}},"4":{"start":{"line":19,"column":12},"end":{"line":19,"column":37}},"5":{"start":{"line":20,"column":12},"end":{"line":20,"column":23}},"6":{"start":{"line":29,"column":12},"end":{"line":29,"column":47}},"7":{"start":{"line":30,"column":12},"end":{"line":30,"column":50}},"8":{"start":{"line":30,"column":39},"end":{"line":30,"column":50}},"9":{"start":{"line":31,"column":12},"end":{"line":31,"column":53}},"10":{"start":{"line":40,"column":12},"end":{"line":40,"column":47}},"11":{"start":{"line":41,"column":12},"end":{"line":41,"column":50}},"12":{"start":{"line":41,"column":39},"end":{"line":41,"column":50}},"13":{"start":{"line":42,"column":12},"end":{"line":42,"column":57}},"14":{"start":{"line":51,"column":12},"end":{"line":51,"column":47}},"15":{"start":{"line":52,"column":12},"end":{"line":52,"column":50}},"16":{"start":{"line":52,"column":39},"end":{"line":52,"column":50}},"17":{"start":{"line":53,"column":12},"end":{"line":53,"column":55}},"18":{"start":{"line":62,"column":12},"end":{"line":62,"column":47}},"19":{"start":{"line":63,"column":12},"end":{"line":63,"column":50}},"20":{"start":{"line":63,"column":39},"end":{"line":63,"column":50}},"21":{"start":{"line":64,"column":12},"end":{"line":64,"column":53}},"22":{"start":{"line":73,"column":12},"end":{"line":73,"column":47}},"23":{"start":{"line":74,"column":12},"end":{"line":74,"column":50}},"24":{"start":{"line":74,"column":39},"end":{"line":74,"column":50}},"25":{"start":{"line":75,"column":12},"end":{"line":75,"column":51}}},"fnMap":{"0":{"name":"(anonymous_0)","decl":{"start":{"line":6,"column":17},"end":{"line":6,"column":18}},"loc":{"start":{"line":6,"column":35},"end":{"line":79,"column":1}},"line":6},"1":{"name":"(anonymous_1)","decl":{"start":{"line":9,"column":8},"end":{"line":9,"column":9}},"loc":{"start":{"line":9,"column":33},"end":{"line":11,"column":9}},"line":9},"2":{"name":"(anonymous_2)","decl":{"start":{"line":18,"column":8},"end":{"line":18,"column":9}},"loc":{"start":{"line":18,"column":26},"end":{"line":21,"column":9}},"line":18},"3":{"name":"(anonymous_3)","decl":{"start":{"line":28,"column":8},"end":{"line":28,"column":9}},"loc":{"start":{"line":28,"column":23},"end":{"line":32,"column":9}},"line":28},"4":{"name":"(anonymous_4)","decl":{"start":{"line":39,"column":8},"end":{"line":39,"column":9}},"loc":{"start":{"line":39,"column":27},"end":{"line":43,"column":9}},"line":39},"5":{"name":"(anonymous_5)","decl":{"start":{"line":50,"column":8},"end":{"line":50,"column":9}},"loc":{"start":{"line":50,"column":25},"end":{"line":54,"column":9}},"line":50},"6":{"name":"(anonymous_6)","decl":{"start":{"line":61,"column":8},"end":{"line":61,"column":9}},"loc":{"start":{"line":61,"column":23},"end":{"line":65,"column":9}},"line":61},"7":{"name":"(anonymous_7)","decl":{"start":{"line":72,"column":8},"end":{"line":72,"column":9}},"loc":{"start":{"line":72,"column":22},"end":{"line":76,"column":9}},"line":72}},"branchMap":{"0":{"loc":{"start":{"line":18,"column":12},"end":{"line":18,"column":24}},"type":"default-arg","locations":[{"start":{"line":18,"column":22},"end":{"line":18,"column":24}}],"line":18},"1":{"loc":{"start":{"line":30,"column":12},"end":{"line":30,"column":50}},"type":"if","locations":[{"start":{"line":30,"column":12},"end":{"line":30,"column":50}},{"start":{"line":30,"column":12},"end":{"line":30,"column":50}}],"line":30},"2":{"loc":{"start":{"line":41,"column":12},"end":{"line":41,"column":50}},"type":"if","locations":[{"start":{"line":41,"column":12},"end":{"line":41,"column":50}},{"start":{"line":41,"column":12},"end":{"line":41,"column":50}}],"line":41},"3":{"loc":{"start":{"line":52,"column":12},"end":{"line":52,"column":50}},"type":"if","locations":[{"start":{"line":52,"column":12},"end":{"line":52,"column":50}},{"start":{"line":52,"column":12},"end":{"line":52,"column":50}}],"line":52},"4":{"loc":{"start":{"line":63,"column":12},"end":{"line":63,"column":50}},"type":"if","locations":[{"start":{"line":63,"column":12},"end":{"line":63,"column":50}},{"start":{"line":63,"column":12},"end":{"line":63,"column":50}}],"line":63},"5":{"loc":{"start":{"line":74,"column":12},"end":{"line":74,"column":50}},"type":"if","locations":[{"start":{"line":74,"column":12},"end":{"line":74,"column":50}},{"start":{"line":74,"column":12},"end":{"line":74,"column":50}}],"line":74}},"s":{"0":1,"1":1,"2":1,"3":2,"4":0,"5":0,"6":0,"7":0,"8":0,"9":0,"10":0,"11":0,"12":0,"13":0,"14":0,"15":0,"16":0,"17":0,"18":0,"19":0,"20":0,"21":0,"22":0,"23":0,"24":0,"25":0},"f":{"0":1,"1":2,"2":0,"3":0,"4":0,"5":0,"6":0,"7":0},"b":{"0":[0],"1":[0,0],"2":[0,0],"3":[0,0],"4":[0,0],"5":[0,0]},"_coverageSchema":"1a1c01bbd47fc00a2c39e90264f33305004495a9","hash":"308e2291bcb7acc9910cd1138c0804f4abd53484","contentHash":"516d699e85edbd60f0000e5a0328063ec07c16025f6e21e5fc4204f1717fac87"},"X:\\workflow\\open-projects\\Pocket.js\\libs\\dispatcher.js":{"path":"X:\\workflow\\open-projects\\Pocket.js\\libs\\dispatcher.js","statementMap":{"0":{"start":{"line":5,"column":0},"end":{"line":104,"column":1}},"1":{"start":{"line":6,"column":4},"end":{"line":103,"column":18}},"2":{"start":{"line":7,"column":23},"end":{"line":7,"column":37}},"3":{"start":{"line":8,"column":8},"end":{"line":8,"column":65}},"4":{"start":{"line":9,"column":8},"end":{"line":9,"column":26}},"5":{"start":{"line":10,"column":8},"end":{"line":10,"column":25}},"6":{"start":{"line":11,"column":8},"end":{"line":11,"column":34}},"7":{"start":{"line":13,"column":8},"end":{"line":16,"column":9}},"8":{"start":{"line":14,"column":12},"end":{"line":14,"column":27}},"9":{"start":{"line":15,"column":12},"end":{"line":15,"column":23}},"10":{"start":{"line":22,"column":8},"end":{"line":28,"column":9}},"11":{"start":{"line":23,"column":12},"end":{"line":26,"column":13}},"12":{"start":{"line":23,"column":49},"end":{"line":23,"column":91}},"13":{"start":{"line":25,"column":16},"end":{"line":25,"column":106}},"14":{"start":{"line":25,"column":32},"end":{"line":25,"column":106}},"15":{"start":{"line":27,"column":12},"end":{"line":27,"column":23}},"16":{"start":{"line":35,"column":8},"end":{"line":71,"column":9}},"17":{"start":{"line":36,"column":12},"end":{"line":36,"column":60}},"18":{"start":{"line":36,"column":49},"end":{"line":36,"column":60}},"19":{"start":{"line":37,"column":25},"end":{"line":37,"column":29}},"20":{"start":{"line":38,"column":22},"end":{"line":67,"column":13}},"21":{"start":{"line":39,"column":16},"end":{"line":39,"column":35}},"22":{"start":{"line":40,"column":16},"end":{"line":40,"column":32}},"23":{"start":{"line":42,"column":16},"end":{"line":66,"column":17}},"24":{"start":{"line":43,"column":20},"end":{"line":43,"column":68}},"25":{"start":{"line":43,"column":52},"end":{"line":43,"column":68}},"26":{"start":{"line":48,"column":20},"end":{"line":57,"column":21}},"27":{"start":{"line":49,"column":24},"end":{"line":54,"column":25}},"28":{"start":{"line":52,"column":28},"end":{"line":52,"column":89}},"29":{"start":{"line":52,"column":57},"end":{"line":52,"column":89}},"30":{"start":{"line":53,"column":28},"end":{"line":53,"column":71}},"31":{"start":{"line":53,"column":43},"end":{"line":53,"column":71}},"32":{"start":{"line":56,"column":24},"end":{"line":56,"column":30}},"33":{"start":{"line":59,"column":20},"end":{"line":65,"column":21}},"34":{"start":{"line":60,"column":24},"end":{"line":62,"column":25}},"35":{"start":{"line":61,"column":28},"end":{"line":61,"column":71}},"36":{"start":{"line":64,"column":24},"end":{"line":64,"column":81}},"37":{"start":{"line":64,"column":40},"end":{"line":64,"column":81}},"38":{"start":{"line":69,"column":12},"end":{"line":69,"column":91}},"39":{"start":{"line":69,"column":50},"end":{"line":69,"column":91}},"40":{"start":{"line":70,"column":12},"end":{"line":70,"column":23}},"41":{"start":{"line":73,"column":8},"end":{"line":81,"column":9}},"42":{"start":{"line":74,"column":12},"end":{"line":74,"column":41}},"43":{"start":{"line":75,"column":12},"end":{"line":75,"column":50}},"44":{"start":{"line":77,"column":12},"end":{"line":79,"column":13}},"45":{"start":{"line":80,"column":12},"end":{"line":80,"column":23}},"46":{"start":{"line":89,"column":8},"end":{"line":102,"column":9}},"47":{"start":{"line":90,"column":25},"end":{"line":90,"column":49}},"48":{"start":{"line":91,"column":12},"end":{"line":94,"column":13}},"49":{"start":{"line":92,"column":16},"end":{"line":92,"column":83}},"50":{"start":{"line":92,"column":32},"end":{"line":92,"column":83}},"51":{"start":{"line":93,"column":16},"end":{"line":93,"column":27}},"52":{"start":{"line":95,"column":12},"end":{"line":99,"column":13}},"53":{"start":{"line":98,"column":16},"end":{"line":98,"column":31}},"54":{"start":{"line":100,"column":12},"end":{"line":100,"column":105}},"55":{"start":{"line":100,"column":49},"end":{"line":100,"column":105}},"56":{"start":{"line":101,"column":12},"end":{"line":101,"column":23}}},"fnMap":{"0":{"name":"(anonymous_0)","decl":{"start":{"line":5,"column":17},"end":{"line":5,"column":18}},"loc":{"start":{"line":5,"column":46},"end":{"line":104,"column":1}},"line":5},"1":{"name":"(anonymous_1)","decl":{"start":{"line":6,"column":16},"end":{"line":6,"column":17}},"loc":{"start":{"line":6,"column":28},"end":{"line":103,"column":5}},"line":6},"2":{"name":"(anonymous_2)","decl":{"start":{"line":13,"column":28},"end":{"line":13,"column":29}},"loc":{"start":{"line":13,"column":34},"end":{"line":16,"column":9}},"line":13},"3":{"name":"(anonymous_3)","decl":{"start":{"line":22,"column":20},"end":{"line":22,"column":21}},"loc":{"start":{"line":22,"column":37},"end":{"line":28,"column":9}},"line":22},"4":{"name":"(anonymous_4)","decl":{"start":{"line":35,"column":24},"end":{"line":35,"column":25}},"loc":{"start":{"line":35,"column":30},"end":{"line":71,"column":9}},"line":35},"5":{"name":"(anonymous_5)","decl":{"start":{"line":38,"column":22},"end":{"line":38,"column":23}},"loc":{"start":{"line":38,"column":34},"end":{"line":67,"column":13}},"line":38},"6":{"name":"(anonymous_6)","decl":{"start":{"line":42,"column":28},"end":{"line":42,"column":29}},"loc":{"start":{"line":42,"column":38},"end":{"line":66,"column":17}},"line":42},"7":{"name":"(anonymous_7)","decl":{"start":{"line":73,"column":19},"end":{"line":73,"column":20}},"loc":{"start":{"line":73,"column":25},"end":{"line":81,"column":9}},"line":73},"8":{"name":"(anonymous_8)","decl":{"start":{"line":89,"column":25},"end":{"line":89,"column":26}},"loc":{"start":{"line":89,"column":33},"end":{"line":102,"column":9}},"line":89}},"branchMap":{"0":{"loc":{"start":{"line":5,"column":32},"end":{"line":5,"column":44}},"type":"default-arg","locations":[{"start":{"line":5,"column":40},"end":{"line":5,"column":44}}],"line":5},"1":{"loc":{"start":{"line":8,"column":19},"end":{"line":8,"column":65}},"type":"binary-expr","locations":[{"start":{"line":8,"column":19},"end":{"line":8,"column":41}},{"start":{"line":8,"column":45},"end":{"line":8,"column":65}}],"line":8},"2":{"loc":{"start":{"line":8,"column":20},"end":{"line":8,"column":29}},"type":"binary-expr","locations":[{"start":{"line":8,"column":20},"end":{"line":8,"column":23}},{"start":{"line":8,"column":27},"end":{"line":8,"column":29}}],"line":8},"3":{"loc":{"start":{"line":22,"column":21},"end":{"line":22,"column":32}},"type":"default-arg","locations":[{"start":{"line":22,"column":28},"end":{"line":22,"column":32}}],"line":22},"4":{"loc":{"start":{"line":23,"column":12},"end":{"line":26,"column":13}},"type":"if","locations":[{"start":{"line":23,"column":12},"end":{"line":26,"column":13}},{"start":{"line":23,"column":12},"end":{"line":26,"column":13}}],"line":23},"5":{"loc":{"start":{"line":25,"column":16},"end":{"line":25,"column":106}},"type":"if","locations":[{"start":{"line":25,"column":16},"end":{"line":25,"column":106}},{"start":{"line":25,"column":16},"end":{"line":25,"column":106}}],"line":25},"6":{"loc":{"start":{"line":36,"column":12},"end":{"line":36,"column":60}},"type":"if","locations":[{"start":{"line":36,"column":12},"end":{"line":36,"column":60}},{"start":{"line":36,"column":12},"end":{"line":36,"column":60}}],"line":36},"7":{"loc":{"start":{"line":43,"column":20},"end":{"line":43,"column":68}},"type":"if","locations":[{"start":{"line":43,"column":20},"end":{"line":43,"column":68}},{"start":{"line":43,"column":20},"end":{"line":43,"column":68}}],"line":43},"8":{"loc":{"start":{"line":43,"column":25},"end":{"line":43,"column":35}},"type":"binary-expr","locations":[{"start":{"line":43,"column":25},"end":{"line":43,"column":29}},{"start":{"line":43,"column":33},"end":{"line":43,"column":35}}],"line":43},"9":{"loc":{"start":{"line":48,"column":20},"end":{"line":57,"column":21}},"type":"if","locations":[{"start":{"line":48,"column":20},"end":{"line":57,"column":21}},{"start":{"line":48,"column":20},"end":{"line":57,"column":21}}],"line":48},"10":{"loc":{"start":{"line":48,"column":25},"end":{"line":48,"column":35}},"type":"binary-expr","locations":[{"start":{"line":48,"column":25},"end":{"line":48,"column":29}},{"start":{"line":48,"column":33},"end":{"line":48,"column":35}}],"line":48},"11":{"loc":{"start":{"line":49,"column":24},"end":{"line":54,"column":25}},"type":"if","locations":[{"start":{"line":49,"column":24},"end":{"line":54,"column":25}},{"start":{"line":49,"column":24},"end":{"line":54,"column":25}}],"line":49},"12":{"loc":{"start":{"line":52,"column":28},"end":{"line":52,"column":89}},"type":"if","locations":[{"start":{"line":52,"column":28},"end":{"line":52,"column":89}},{"start":{"line":52,"column":28},"end":{"line":52,"column":89}}],"line":52},"13":{"loc":{"start":{"line":53,"column":28},"end":{"line":53,"column":71}},"type":"if","locations":[{"start":{"line":53,"column":28},"end":{"line":53,"column":71}},{"start":{"line":53,"column":28},"end":{"line":53,"column":71}}],"line":53},"14":{"loc":{"start":{"line":59,"column":20},"end":{"line":65,"column":21}},"type":"if","locations":[{"start":{"line":59,"column":20},"end":{"line":65,"column":21}},{"start":{"line":59,"column":20},"end":{"line":65,"column":21}}],"line":59},"15":{"loc":{"start":{"line":60,"column":24},"end":{"line":62,"column":25}},"type":"if","locations":[{"start":{"line":60,"column":24},"end":{"line":62,"column":25}},{"start":{"line":60,"column":24},"end":{"line":62,"column":25}}],"line":60},"16":{"loc":{"start":{"line":64,"column":24},"end":{"line":64,"column":81}},"type":"if","locations":[{"start":{"line":64,"column":24},"end":{"line":64,"column":81}},{"start":{"line":64,"column":24},"end":{"line":64,"column":81}}],"line":64},"17":{"loc":{"start":{"line":69,"column":12},"end":{"line":69,"column":91}},"type":"if","locations":[{"start":{"line":69,"column":12},"end":{"line":69,"column":91}},{"start":{"line":69,"column":12},"end":{"line":69,"column":91}}],"line":69},"18":{"loc":{"start":{"line":77,"column":12},"end":{"line":79,"column":13}},"type":"if","locations":[{"start":{"line":77,"column":12},"end":{"line":79,"column":13}},{"start":{"line":77,"column":12},"end":{"line":79,"column":13}}],"line":77},"19":{"loc":{"start":{"line":77,"column":16},"end":{"line":77,"column":75}},"type":"binary-expr","locations":[{"start":{"line":77,"column":16},"end":{"line":77,"column":39}},{"start":{"line":77,"column":43},"end":{"line":77,"column":75}}],"line":77},"20":{"loc":{"start":{"line":91,"column":12},"end":{"line":94,"column":13}},"type":"if","locations":[{"start":{"line":91,"column":12},"end":{"line":94,"column":13}},{"start":{"line":91,"column":12},"end":{"line":94,"column":13}}],"line":91},"21":{"loc":{"start":{"line":92,"column":16},"end":{"line":92,"column":83}},"type":"if","locations":[{"start":{"line":92,"column":16},"end":{"line":92,"column":83}},{"start":{"line":92,"column":16},"end":{"line":92,"column":83}}],"line":92},"22":{"loc":{"start":{"line":95,"column":12},"end":{"line":99,"column":13}},"type":"if","locations":[{"start":{"line":95,"column":12},"end":{"line":99,"column":13}},{"start":{"line":95,"column":12},"end":{"line":99,"column":13}}],"line":95},"23":{"loc":{"start":{"line":100,"column":12},"end":{"line":100,"column":105}},"type":"if","locations":[{"start":{"line":100,"column":12},"end":{"line":100,"column":105}},{"start":{"line":100,"column":12},"end":{"line":100,"column":105}}],"line":100}},"s":{"0":1,"1":1,"2":1,"3":1,"4":1,"5":1,"6":1,"7":1,"8":5,"9":5,"10":1,"11":4,"12":4,"13":0,"14":0,"15":4,"16":1,"17":5,"18":4,"19":1,"20":1,"21":1,"22":1,"23":1,"24":5,"25":4,"26":5,"27":1,"28":1,"29":1,"30":1,"31":0,"32":1,"33":4,"34":4,"35":4,"36":0,"37":0,"38":1,"39":1,"40":1,"41":1,"42":0,"43":0,"44":0,"45":0,"46":1,"47":1,"48":1,"49":0,"50":0,"51":0,"52":1,"53":0,"54":1,"55":1,"56":1},"f":{"0":1,"1":1,"2":5,"3":4,"4":5,"5":1,"6":5,"7":0,"8":1},"b":{"0":[1],"1":[1,1],"2":[1,1],"3":[0],"4":[4,0],"5":[0,0],"6":[4,1],"7":[4,1],"8":[5,0],"9":[1,4],"10":[5,0],"11":[1,0],"12":[1,0],"13":[0,1],"14":[4,0],"15":[4,0],"16":[0,0],"17":[1,0],"18":[0,0],"19":[0,0],"20":[0,1],"21":[0,0],"22":[0,1],"23":[1,0]},"_coverageSchema":"1a1c01bbd47fc00a2c39e90264f33305004495a9","hash":"8fc3aeb33a61381699c8461b29fe855d797217e1","contentHash":"d20689e20cd71723d5b2acb13997a1106f6a405c1e73da78e96b562202c35103"}}