{"X:\\workflow\\open-projects\\Pocket\\index.js":{"path":"X:\\workflow\\open-projects\\Pocket\\index.js","statementMap":{"0":{"start":{"line":1,"column":0},"end":{"line":1,"column":50}}},"fnMap":{},"branchMap":{},"s":{"0":1},"f":{},"b":{},"_coverageSchema":"1a1c01bbd47fc00a2c39e90264f33305004495a9","hash":"903d39a10bf83d8bc02b0ff25f8a2c426e0a06ae","contentHash":"7aee906f32053c49600c6477d0e75246c7c4d8e1e2b084064cdb54084cfd5580"},"X:\\workflow\\open-projects\\Pocket\\pocket\\Pocket.module.js":{"path":"X:\\workflow\\open-projects\\Pocket\\pocket\\Pocket.module.js","statementMap":{"0":{"start":{"line":1,"column":0},"end":{"line":413,"column":1}},"1":{"start":{"line":3,"column":74},"end":{"line":3,"column":92}},"2":{"start":{"line":4,"column":15},"end":{"line":4,"column":34}},"3":{"start":{"line":5,"column":24},"end":{"line":5,"column":45}},"4":{"start":{"line":14,"column":12},"end":{"line":14,"column":39}},"5":{"start":{"line":15,"column":12},"end":{"line":15,"column":51}},"6":{"start":{"line":18,"column":12},"end":{"line":18,"column":94}},"7":{"start":{"line":19,"column":12},"end":{"line":19,"column":28}},"8":{"start":{"line":20,"column":12},"end":{"line":20,"column":33}},"9":{"start":{"line":21,"column":12},"end":{"line":21,"column":40}},"10":{"start":{"line":22,"column":12},"end":{"line":22,"column":28}},"11":{"start":{"line":24,"column":12},"end":{"line":42,"column":13}},"12":{"start":{"line":25,"column":16},"end":{"line":41,"column":18}},"13":{"start":{"line":26,"column":47},"end":{"line":26,"column":54}},"14":{"start":{"line":28,"column":20},"end":{"line":31,"column":21}},"15":{"start":{"line":30,"column":24},"end":{"line":30,"column":88}},"16":{"start":{"line":30,"column":40},"end":{"line":30,"column":88}},"17":{"start":{"line":33,"column":20},"end":{"line":35,"column":21}},"18":{"start":{"line":34,"column":24},"end":{"line":34,"column":90}},"19":{"start":{"line":34,"column":40},"end":{"line":34,"column":90}},"20":{"start":{"line":37,"column":20},"end":{"line":40,"column":21}},"21":{"start":{"line":39,"column":24},"end":{"line":39,"column":92}},"22":{"start":{"line":39,"column":40},"end":{"line":39,"column":92}},"23":{"start":{"line":66,"column":12},"end":{"line":66,"column":45}},"24":{"start":{"line":66,"column":33},"end":{"line":66,"column":45}},"25":{"start":{"line":67,"column":25},"end":{"line":67,"column":42}},"26":{"start":{"line":69,"column":12},"end":{"line":69,"column":82}},"27":{"start":{"line":69,"column":33},"end":{"line":69,"column":67}},"28":{"start":{"line":69,"column":70},"end":{"line":69,"column":82}},"29":{"start":{"line":70,"column":12},"end":{"line":70,"column":53}},"30":{"start":{"line":70,"column":41},"end":{"line":70,"column":53}},"31":{"start":{"line":72,"column":12},"end":{"line":72,"column":38}},"32":{"start":{"line":73,"column":12},"end":{"line":73,"column":38}},"33":{"start":{"line":73,"column":26},"end":{"line":73,"column":38}},"34":{"start":{"line":76,"column":12},"end":{"line":90,"column":13}},"35":{"start":{"line":77,"column":16},"end":{"line":80,"column":17}},"36":{"start":{"line":78,"column":20},"end":{"line":78,"column":74}},"37":{"start":{"line":78,"column":36},"end":{"line":78,"column":74}},"38":{"start":{"line":79,"column":20},"end":{"line":79,"column":28}},"39":{"start":{"line":81,"column":16},"end":{"line":81,"column":138}},"40":{"start":{"line":81,"column":48},"end":{"line":81,"column":138}},"41":{"start":{"line":82,"column":31},"end":{"line":82,"column":110}},"42":{"start":{"line":82,"column":78},"end":{"line":82,"column":109}},"43":{"start":{"line":83,"column":16},"end":{"line":86,"column":17}},"44":{"start":{"line":84,"column":20},"end":{"line":84,"column":123}},"45":{"start":{"line":84,"column":36},"end":{"line":84,"column":123}},"46":{"start":{"line":85,"column":20},"end":{"line":85,"column":28}},"47":{"start":{"line":88,"column":16},"end":{"line":88,"column":60}},"48":{"start":{"line":89,"column":16},"end":{"line":89,"column":81}},"49":{"start":{"line":91,"column":12},"end":{"line":96,"column":31}},"50":{"start":{"line":92,"column":16},"end":{"line":93,"column":38}},"51":{"start":{"line":95,"column":16},"end":{"line":95,"column":27}},"52":{"start":{"line":96,"column":19},"end":{"line":96,"column":31}},"53":{"start":{"line":107,"column":12},"end":{"line":107,"column":49}},"54":{"start":{"line":108,"column":12},"end":{"line":108,"column":38}},"55":{"start":{"line":108,"column":27},"end":{"line":108,"column":38}},"56":{"start":{"line":110,"column":12},"end":{"line":110,"column":40}},"57":{"start":{"line":119,"column":12},"end":{"line":119,"column":49}},"58":{"start":{"line":120,"column":12},"end":{"line":120,"column":37}},"59":{"start":{"line":120,"column":26},"end":{"line":120,"column":37}},"60":{"start":{"line":121,"column":12},"end":{"line":121,"column":55}},"61":{"start":{"line":132,"column":21},"end":{"line":132,"column":47}},"62":{"start":{"line":134,"column":12},"end":{"line":137,"column":13}},"63":{"start":{"line":135,"column":16},"end":{"line":135,"column":68}},"64":{"start":{"line":135,"column":32},"end":{"line":135,"column":68}},"65":{"start":{"line":136,"column":16},"end":{"line":136,"column":28}},"66":{"start":{"line":139,"column":12},"end":{"line":142,"column":13}},"67":{"start":{"line":140,"column":16},"end":{"line":140,"column":70}},"68":{"start":{"line":140,"column":32},"end":{"line":140,"column":70}},"69":{"start":{"line":141,"column":16},"end":{"line":141,"column":28}},"70":{"start":{"line":144,"column":12},"end":{"line":147,"column":13}},"71":{"start":{"line":145,"column":16},"end":{"line":145,"column":88}},"72":{"start":{"line":145,"column":32},"end":{"line":145,"column":88}},"73":{"start":{"line":146,"column":16},"end":{"line":146,"column":28}},"74":{"start":{"line":149,"column":26},"end":{"line":149,"column":31}},"75":{"start":{"line":154,"column":12},"end":{"line":158,"column":18}},"76":{"start":{"line":155,"column":28},"end":{"line":155,"column":57}},"77":{"start":{"line":156,"column":16},"end":{"line":156,"column":95}},"78":{"start":{"line":156,"column":51},"end":{"line":156,"column":95}},"79":{"start":{"line":157,"column":16},"end":{"line":157,"column":24}},"80":{"start":{"line":160,"column":12},"end":{"line":172,"column":13}},"81":{"start":{"line":160,"column":27},"end":{"line":160,"column":28}},"82":{"start":{"line":161,"column":16},"end":{"line":161,"column":73}},"83":{"start":{"line":161,"column":65},"end":{"line":161,"column":73}},"84":{"start":{"line":162,"column":37},"end":{"line":162,"column":77}},"85":{"start":{"line":163,"column":16},"end":{"line":171,"column":17}},"86":{"start":{"line":164,"column":20},"end":{"line":167,"column":55}},"87":{"start":{"line":165,"column":24},"end":{"line":166,"column":57}},"88":{"start":{"line":165,"column":48},"end":{"line":165,"column":117}},"89":{"start":{"line":166,"column":29},"end":{"line":166,"column":57}},"90":{"start":{"line":167,"column":27},"end":{"line":167,"column":55}},"91":{"start":{"line":168,"column":20},"end":{"line":168,"column":28}},"92":{"start":{"line":170,"column":20},"end":{"line":170,"column":82}},"93":{"start":{"line":170,"column":36},"end":{"line":170,"column":82}},"94":{"start":{"line":174,"column":12},"end":{"line":174,"column":26}},"95":{"start":{"line":183,"column":12},"end":{"line":183,"column":62}},"96":{"start":{"line":183,"column":53},"end":{"line":183,"column":62}},"97":{"start":{"line":184,"column":12},"end":{"line":188,"column":18}},"98":{"start":{"line":185,"column":16},"end":{"line":186,"column":59}},"99":{"start":{"line":185,"column":105},"end":{"line":185,"column":127}},"100":{"start":{"line":186,"column":21},"end":{"line":186,"column":59}},"101":{"start":{"line":186,"column":37},"end":{"line":186,"column":59}},"102":{"start":{"line":187,"column":16},"end":{"line":187,"column":24}},"103":{"start":{"line":198,"column":12},"end":{"line":198,"column":42}},"104":{"start":{"line":200,"column":12},"end":{"line":200,"column":59}},"105":{"start":{"line":200,"column":28},"end":{"line":200,"column":59}},"106":{"start":{"line":202,"column":12},"end":{"line":202,"column":117}},"107":{"start":{"line":202,"column":41},"end":{"line":202,"column":117}},"108":{"start":{"line":204,"column":12},"end":{"line":204,"column":51}},"109":{"start":{"line":218,"column":12},"end":{"line":218,"column":40}},"110":{"start":{"line":219,"column":12},"end":{"line":219,"column":38}},"111":{"start":{"line":219,"column":27},"end":{"line":219,"column":38}},"112":{"start":{"line":221,"column":12},"end":{"line":224,"column":13}},"113":{"start":{"line":222,"column":16},"end":{"line":222,"column":85}},"114":{"start":{"line":222,"column":32},"end":{"line":222,"column":85}},"115":{"start":{"line":223,"column":16},"end":{"line":223,"column":27}},"116":{"start":{"line":225,"column":12},"end":{"line":225,"column":58}},"117":{"start":{"line":225,"column":47},"end":{"line":225,"column":58}},"118":{"start":{"line":226,"column":12},"end":{"line":226,"column":27}},"119":{"start":{"line":237,"column":12},"end":{"line":237,"column":63}},"120":{"start":{"line":245,"column":12},"end":{"line":245,"column":28}},"121":{"start":{"line":246,"column":12},"end":{"line":246,"column":43}},"122":{"start":{"line":246,"column":21},"end":{"line":246,"column":43}},"123":{"start":{"line":248,"column":12},"end":{"line":248,"column":56}},"124":{"start":{"line":248,"column":34},"end":{"line":248,"column":56}},"125":{"start":{"line":250,"column":12},"end":{"line":255,"column":13}},"126":{"start":{"line":251,"column":28},"end":{"line":251,"column":82}},"127":{"start":{"line":252,"column":16},"end":{"line":252,"column":44}},"128":{"start":{"line":252,"column":32},"end":{"line":252,"column":44}},"129":{"start":{"line":253,"column":16},"end":{"line":253,"column":43}},"130":{"start":{"line":254,"column":16},"end":{"line":254,"column":27}},"131":{"start":{"line":257,"column":30},"end":{"line":257,"column":93}},"132":{"start":{"line":257,"column":69},"end":{"line":257,"column":92}},"133":{"start":{"line":258,"column":12},"end":{"line":263,"column":13}},"134":{"start":{"line":259,"column":28},"end":{"line":259,"column":73}},"135":{"start":{"line":260,"column":16},"end":{"line":260,"column":44}},"136":{"start":{"line":260,"column":32},"end":{"line":260,"column":44}},"137":{"start":{"line":261,"column":16},"end":{"line":261,"column":43}},"138":{"start":{"line":262,"column":16},"end":{"line":262,"column":27}},"139":{"start":{"line":265,"column":12},"end":{"line":291,"column":13}},"140":{"start":{"line":266,"column":35},"end":{"line":274,"column":17}},"141":{"start":{"line":267,"column":35},"end":{"line":267,"column":37}},"142":{"start":{"line":268,"column":20},"end":{"line":268,"column":52}},"143":{"start":{"line":268,"column":41},"end":{"line":268,"column":52}},"144":{"start":{"line":269,"column":20},"end":{"line":272,"column":21}},"145":{"start":{"line":269,"column":33},"end":{"line":269,"column":34}},"146":{"start":{"line":270,"column":37},"end":{"line":270,"column":56}},"147":{"start":{"line":271,"column":24},"end":{"line":271,"column":65}},"148":{"start":{"line":271,"column":40},"end":{"line":271,"column":65}},"149":{"start":{"line":273,"column":20},"end":{"line":273,"column":33}},"150":{"start":{"line":280,"column":16},"end":{"line":286,"column":18}},"151":{"start":{"line":280,"column":47},"end":{"line":280,"column":61}},"152":{"start":{"line":281,"column":35},"end":{"line":281,"column":84}},"153":{"start":{"line":281,"column":46},"end":{"line":281,"column":66}},"154":{"start":{"line":281,"column":80},"end":{"line":281,"column":83}},"155":{"start":{"line":282,"column":20},"end":{"line":282,"column":51}},"156":{"start":{"line":285,"column":20},"end":{"line":285,"column":58}},"157":{"start":{"line":288,"column":16},"end":{"line":288,"column":27}},"158":{"start":{"line":290,"column":16},"end":{"line":290,"column":42}},"159":{"start":{"line":293,"column":12},"end":{"line":293,"column":24}},"160":{"start":{"line":301,"column":12},"end":{"line":312,"column":13}},"161":{"start":{"line":302,"column":16},"end":{"line":302,"column":72}},"162":{"start":{"line":302,"column":64},"end":{"line":302,"column":72}},"163":{"start":{"line":305,"column":16},"end":{"line":305,"column":103}},"164":{"start":{"line":305,"column":95},"end":{"line":305,"column":103}},"165":{"start":{"line":307,"column":16},"end":{"line":311,"column":17}},"166":{"start":{"line":308,"column":31},"end":{"line":308,"column":52}},"167":{"start":{"line":309,"column":38},"end":{"line":309,"column":56}},"168":{"start":{"line":310,"column":20},"end":{"line":310,"column":82}},"169":{"start":{"line":310,"column":36},"end":{"line":310,"column":82}},"170":{"start":{"line":313,"column":12},"end":{"line":313,"column":23}},"171":{"start":{"line":323,"column":12},"end":{"line":323,"column":78}},"172":{"start":{"line":323,"column":40},"end":{"line":323,"column":78}},"173":{"start":{"line":324,"column":12},"end":{"line":324,"column":62}},"174":{"start":{"line":324,"column":35},"end":{"line":324,"column":62}},"175":{"start":{"line":326,"column":24},"end":{"line":326,"column":50}},"176":{"start":{"line":327,"column":12},"end":{"line":330,"column":13}},"177":{"start":{"line":328,"column":16},"end":{"line":328,"column":77}},"178":{"start":{"line":328,"column":32},"end":{"line":328,"column":77}},"179":{"start":{"line":329,"column":16},"end":{"line":329,"column":27}},"180":{"start":{"line":331,"column":12},"end":{"line":338,"column":13}},"181":{"start":{"line":332,"column":16},"end":{"line":332,"column":29}},"182":{"start":{"line":333,"column":26},"end":{"line":333,"column":59}},"183":{"start":{"line":334,"column":16},"end":{"line":334,"column":36}},"184":{"start":{"line":336,"column":16},"end":{"line":336,"column":28}},"185":{"start":{"line":337,"column":16},"end":{"line":337,"column":27}},"186":{"start":{"line":339,"column":12},"end":{"line":339,"column":35}},"187":{"start":{"line":354,"column":12},"end":{"line":354,"column":36}},"188":{"start":{"line":362,"column":12},"end":{"line":362,"column":33}},"189":{"start":{"line":362,"column":22},"end":{"line":362,"column":33}},"190":{"start":{"line":363,"column":12},"end":{"line":363,"column":45}},"191":{"start":{"line":363,"column":34},"end":{"line":363,"column":45}},"192":{"start":{"line":364,"column":12},"end":{"line":370,"column":13}},"193":{"start":{"line":365,"column":16},"end":{"line":365,"column":56}},"194":{"start":{"line":366,"column":16},"end":{"line":366,"column":27}},"195":{"start":{"line":368,"column":16},"end":{"line":368,"column":58}},"196":{"start":{"line":369,"column":16},"end":{"line":369,"column":27}},"197":{"start":{"line":377,"column":12},"end":{"line":381,"column":13}},"198":{"start":{"line":378,"column":16},"end":{"line":380,"column":17}},"199":{"start":{"line":379,"column":20},"end":{"line":379,"column":71}},"200":{"start":{"line":379,"column":45},"end":{"line":379,"column":71}},"201":{"start":{"line":382,"column":12},"end":{"line":382,"column":65}},"202":{"start":{"line":382,"column":38},"end":{"line":382,"column":65}},"203":{"start":{"line":383,"column":12},"end":{"line":383,"column":55}},"204":{"start":{"line":383,"column":33},"end":{"line":383,"column":55}},"205":{"start":{"line":387,"column":4},"end":{"line":412,"column":5}},"206":{"start":{"line":389,"column":12},"end":{"line":389,"column":30}},"207":{"start":{"line":396,"column":28},"end":{"line":396,"column":68}},"208":{"start":{"line":397,"column":12},"end":{"line":397,"column":96}},"209":{"start":{"line":397,"column":44},"end":{"line":397,"column":96}},"210":{"start":{"line":397,"column":66},"end":{"line":397,"column":83}},"211":{"start":{"line":397,"column":92},"end":{"line":397,"column":95}},"212":{"start":{"line":398,"column":12},"end":{"line":403,"column":13}},"213":{"start":{"line":398,"column":49},"end":{"line":398,"column":76}},"214":{"start":{"line":400,"column":16},"end":{"line":400,"column":137}},"215":{"start":{"line":400,"column":32},"end":{"line":400,"column":137}},"216":{"start":{"line":401,"column":16},"end":{"line":402,"column":33}},"217":{"start":{"line":401,"column":29},"end":{"line":401,"column":52}},"218":{"start":{"line":402,"column":21},"end":{"line":402,"column":33}},"219":{"start":{"line":407,"column":12},"end":{"line":410,"column":42}},"220":{"start":{"line":408,"column":16},"end":{"line":408,"column":47}},"221":{"start":{"line":409,"column":16},"end":{"line":409,"column":24}},"222":{"start":{"line":410,"column":22},"end":{"line":410,"column":41}}},"fnMap":{"0":{"name":"(anonymous_0)","decl":{"start":{"line":1,"column":17},"end":{"line":1,"column":18}},"loc":{"start":{"line":1,"column":23},"end":{"line":413,"column":1}},"line":1},"1":{"name":"(anonymous_1)","decl":{"start":{"line":13,"column":8},"end":{"line":13,"column":9}},"loc":{"start":{"line":13,"column":38},"end":{"line":43,"column":9}},"line":13},"2":{"name":"(anonymous_2)","decl":{"start":{"line":25,"column":57},"end":{"line":25,"column":58}},"loc":{"start":{"line":25,"column":62},"end":{"line":41,"column":17}},"line":25},"3":{"name":"(anonymous_3)","decl":{"start":{"line":64,"column":8},"end":{"line":64,"column":9}},"loc":{"start":{"line":64,"column":35},"end":{"line":97,"column":9}},"line":64},"4":{"name":"(anonymous_4)","decl":{"start":{"line":69,"column":27},"end":{"line":69,"column":28}},"loc":{"start":{"line":69,"column":33},"end":{"line":69,"column":67}},"line":69},"5":{"name":"(anonymous_5)","decl":{"start":{"line":82,"column":73},"end":{"line":82,"column":74}},"loc":{"start":{"line":82,"column":78},"end":{"line":82,"column":109}},"line":82},"6":{"name":"(anonymous_6)","decl":{"start":{"line":106,"column":8},"end":{"line":106,"column":9}},"loc":{"start":{"line":106,"column":23},"end":{"line":111,"column":9}},"line":106},"7":{"name":"(anonymous_7)","decl":{"start":{"line":118,"column":8},"end":{"line":118,"column":9}},"loc":{"start":{"line":118,"column":36},"end":{"line":122,"column":9}},"line":118},"8":{"name":"(anonymous_8)","decl":{"start":{"line":131,"column":8},"end":{"line":131,"column":9}},"loc":{"start":{"line":131,"column":54},"end":{"line":175,"column":9}},"line":131},"9":{"name":"(anonymous_9)","decl":{"start":{"line":154,"column":55},"end":{"line":154,"column":56}},"loc":{"start":{"line":154,"column":76},"end":{"line":158,"column":13}},"line":154},"10":{"name":"(anonymous_10)","decl":{"start":{"line":182,"column":8},"end":{"line":182,"column":9}},"loc":{"start":{"line":182,"column":39},"end":{"line":189,"column":9}},"line":182},"11":{"name":"(anonymous_11)","decl":{"start":{"line":184,"column":54},"end":{"line":184,"column":55}},"loc":{"start":{"line":184,"column":81},"end":{"line":188,"column":13}},"line":184},"12":{"name":"(anonymous_12)","decl":{"start":{"line":197,"column":8},"end":{"line":197,"column":9}},"loc":{"start":{"line":197,"column":26},"end":{"line":205,"column":9}},"line":197},"13":{"name":"(anonymous_13)","decl":{"start":{"line":217,"column":8},"end":{"line":217,"column":9}},"loc":{"start":{"line":217,"column":29},"end":{"line":227,"column":9}},"line":217},"14":{"name":"(anonymous_14)","decl":{"start":{"line":236,"column":8},"end":{"line":236,"column":9}},"loc":{"start":{"line":236,"column":26},"end":{"line":238,"column":9}},"line":236},"15":{"name":"(anonymous_15)","decl":{"start":{"line":244,"column":8},"end":{"line":244,"column":9}},"loc":{"start":{"line":244,"column":21},"end":{"line":294,"column":9}},"line":244},"16":{"name":"(anonymous_16)","decl":{"start":{"line":257,"column":64},"end":{"line":257,"column":65}},"loc":{"start":{"line":257,"column":69},"end":{"line":257,"column":92}},"line":257},"17":{"name":"(anonymous_17)","decl":{"start":{"line":266,"column":35},"end":{"line":266,"column":36}},"loc":{"start":{"line":266,"column":45},"end":{"line":274,"column":17}},"line":266},"18":{"name":"(anonymous_18)","decl":{"start":{"line":280,"column":42},"end":{"line":280,"column":43}},"loc":{"start":{"line":280,"column":47},"end":{"line":280,"column":61}},"line":280},"19":{"name":"(anonymous_19)","decl":{"start":{"line":280,"column":69},"end":{"line":280,"column":70}},"loc":{"start":{"line":280,"column":74},"end":{"line":283,"column":17}},"line":280},"20":{"name":"(anonymous_20)","decl":{"start":{"line":281,"column":41},"end":{"line":281,"column":42}},"loc":{"start":{"line":281,"column":46},"end":{"line":281,"column":66}},"line":281},"21":{"name":"(anonymous_21)","decl":{"start":{"line":281,"column":75},"end":{"line":281,"column":76}},"loc":{"start":{"line":281,"column":80},"end":{"line":281,"column":83}},"line":281},"22":{"name":"(anonymous_22)","decl":{"start":{"line":283,"column":19},"end":{"line":283,"column":20}},"loc":{"start":{"line":283,"column":26},"end":{"line":286,"column":17}},"line":283},"23":{"name":"(anonymous_23)","decl":{"start":{"line":300,"column":8},"end":{"line":300,"column":9}},"loc":{"start":{"line":300,"column":22},"end":{"line":314,"column":9}},"line":300},"24":{"name":"(anonymous_24)","decl":{"start":{"line":322,"column":8},"end":{"line":322,"column":9}},"loc":{"start":{"line":322,"column":29},"end":{"line":340,"column":9}},"line":322},"25":{"name":"(anonymous_25)","decl":{"start":{"line":353,"column":8},"end":{"line":353,"column":9}},"loc":{"start":{"line":353,"column":21},"end":{"line":355,"column":9}},"line":353},"26":{"name":"(anonymous_26)","decl":{"start":{"line":361,"column":8},"end":{"line":361,"column":9}},"loc":{"start":{"line":361,"column":19},"end":{"line":371,"column":9}},"line":361},"27":{"name":"(anonymous_27)","decl":{"start":{"line":376,"column":8},"end":{"line":376,"column":9}},"loc":{"start":{"line":376,"column":28},"end":{"line":384,"column":9}},"line":376},"28":{"name":"(anonymous_28)","decl":{"start":{"line":388,"column":8},"end":{"line":388,"column":9}},"loc":{"start":{"line":388,"column":33},"end":{"line":390,"column":9}},"line":388},"29":{"name":"(anonymous_29)","decl":{"start":{"line":395,"column":8},"end":{"line":395,"column":9}},"loc":{"start":{"line":395,"column":30},"end":{"line":404,"column":9}},"line":395},"30":{"name":"(anonymous_30)","decl":{"start":{"line":397,"column":61},"end":{"line":397,"column":62}},"loc":{"start":{"line":397,"column":66},"end":{"line":397,"column":83}},"line":397},"31":{"name":"(anonymous_31)","decl":{"start":{"line":397,"column":85},"end":{"line":397,"column":86}},"loc":{"start":{"line":397,"column":92},"end":{"line":397,"column":95}},"line":397},"32":{"name":"(anonymous_32)","decl":{"start":{"line":406,"column":8},"end":{"line":406,"column":9}},"loc":{"start":{"line":406,"column":26},"end":{"line":411,"column":9}},"line":406},"33":{"name":"(anonymous_33)","decl":{"start":{"line":407,"column":48},"end":{"line":407,"column":49}},"loc":{"start":{"line":407,"column":53},"end":{"line":410,"column":13}},"line":407},"34":{"name":"(anonymous_34)","decl":{"start":{"line":410,"column":15},"end":{"line":410,"column":16}},"loc":{"start":{"line":410,"column":22},"end":{"line":410,"column":41}},"line":410}},"branchMap":{"0":{"loc":{"start":{"line":13,"column":20},"end":{"line":13,"column":29}},"type":"default-arg","locations":[{"start":{"line":13,"column":27},"end":{"line":13,"column":29}}],"line":13},"1":{"loc":{"start":{"line":14,"column":25},"end":{"line":14,"column":39}},"type":"binary-expr","locations":[{"start":{"line":14,"column":25},"end":{"line":14,"column":30}},{"start":{"line":14,"column":34},"end":{"line":14,"column":39}}],"line":14},"2":{"loc":{"start":{"line":15,"column":25},"end":{"line":15,"column":51}},"type":"binary-expr","locations":[{"start":{"line":15,"column":25},"end":{"line":15,"column":43}},{"start":{"line":15,"column":47},"end":{"line":15,"column":51}}],"line":15},"3":{"loc":{"start":{"line":15,"column":26},"end":{"line":15,"column":36}},"type":"binary-expr","locations":[{"start":{"line":15,"column":26},"end":{"line":15,"column":30}},{"start":{"line":15,"column":34},"end":{"line":15,"column":36}}],"line":15},"4":{"loc":{"start":{"line":18,"column":30},"end":{"line":18,"column":94}},"type":"cond-expr","locations":[{"start":{"line":18,"column":56},"end":{"line":18,"column":87}},{"start":{"line":18,"column":90},"end":{"line":18,"column":94}}],"line":18},"5":{"loc":{"start":{"line":18,"column":31},"end":{"line":18,"column":41}},"type":"binary-expr","locations":[{"start":{"line":18,"column":31},"end":{"line":18,"column":35}},{"start":{"line":18,"column":39},"end":{"line":18,"column":41}}],"line":18},"6":{"loc":{"start":{"line":24,"column":12},"end":{"line":42,"column":13}},"type":"if","locations":[{"start":{"line":24,"column":12},"end":{"line":42,"column":13}},{"start":{"line":24,"column":12},"end":{"line":42,"column":13}}],"line":24},"7":{"loc":{"start":{"line":26,"column":47},"end":{"line":26,"column":54}},"type":"binary-expr","locations":[{"start":{"line":26,"column":47},"end":{"line":26,"column":48}},{"start":{"line":26,"column":52},"end":{"line":26,"column":54}}],"line":26},"8":{"loc":{"start":{"line":28,"column":20},"end":{"line":31,"column":21}},"type":"if","locations":[{"start":{"line":28,"column":20},"end":{"line":31,"column":21}},{"start":{"line":28,"column":20},"end":{"line":31,"column":21}}],"line":28},"9":{"loc":{"start":{"line":30,"column":24},"end":{"line":30,"column":88}},"type":"if","locations":[{"start":{"line":30,"column":24},"end":{"line":30,"column":88}},{"start":{"line":30,"column":24},"end":{"line":30,"column":88}}],"line":30},"10":{"loc":{"start":{"line":33,"column":20},"end":{"line":35,"column":21}},"type":"if","locations":[{"start":{"line":33,"column":20},"end":{"line":35,"column":21}},{"start":{"line":33,"column":20},"end":{"line":35,"column":21}}],"line":33},"11":{"loc":{"start":{"line":34,"column":24},"end":{"line":34,"column":90}},"type":"if","locations":[{"start":{"line":34,"column":24},"end":{"line":34,"column":90}},{"start":{"line":34,"column":24},"end":{"line":34,"column":90}}],"line":34},"12":{"loc":{"start":{"line":37,"column":20},"end":{"line":40,"column":21}},"type":"if","locations":[{"start":{"line":37,"column":20},"end":{"line":40,"column":21}},{"start":{"line":37,"column":20},"end":{"line":40,"column":21}}],"line":37},"13":{"loc":{"start":{"line":39,"column":24},"end":{"line":39,"column":92}},"type":"if","locations":[{"start":{"line":39,"column":24},"end":{"line":39,"column":92}},{"start":{"line":39,"column":24},"end":{"line":39,"column":92}}],"line":39},"14":{"loc":{"start":{"line":64,"column":17},"end":{"line":64,"column":26}},"type":"default-arg","locations":[{"start":{"line":64,"column":24},"end":{"line":64,"column":26}}],"line":64},"15":{"loc":{"start":{"line":66,"column":12},"end":{"line":66,"column":45}},"type":"if","locations":[{"start":{"line":66,"column":12},"end":{"line":66,"column":45}},{"start":{"line":66,"column":12},"end":{"line":66,"column":45}}],"line":66},"16":{"loc":{"start":{"line":69,"column":12},"end":{"line":69,"column":82}},"type":"if","locations":[{"start":{"line":69,"column":12},"end":{"line":69,"column":82}},{"start":{"line":69,"column":12},"end":{"line":69,"column":82}}],"line":69},"17":{"loc":{"start":{"line":70,"column":12},"end":{"line":70,"column":53}},"type":"if","locations":[{"start":{"line":70,"column":12},"end":{"line":70,"column":53}},{"start":{"line":70,"column":12},"end":{"line":70,"column":53}}],"line":70},"18":{"loc":{"start":{"line":73,"column":12},"end":{"line":73,"column":38}},"type":"if","locations":[{"start":{"line":73,"column":12},"end":{"line":73,"column":38}},{"start":{"line":73,"column":12},"end":{"line":73,"column":38}}],"line":73},"19":{"loc":{"start":{"line":77,"column":16},"end":{"line":80,"column":17}},"type":"if","locations":[{"start":{"line":77,"column":16},"end":{"line":80,"column":17}},{"start":{"line":77,"column":16},"end":{"line":80,"column":17}}],"line":77},"20":{"loc":{"start":{"line":78,"column":20},"end":{"line":78,"column":74}},"type":"if","locations":[{"start":{"line":78,"column":20},"end":{"line":78,"column":74}},{"start":{"line":78,"column":20},"end":{"line":78,"column":74}}],"line":78},"21":{"loc":{"start":{"line":81,"column":16},"end":{"line":81,"column":138}},"type":"if","locations":[{"start":{"line":81,"column":16},"end":{"line":81,"column":138}},{"start":{"line":81,"column":16},"end":{"line":81,"column":138}}],"line":81},"22":{"loc":{"start":{"line":83,"column":16},"end":{"line":86,"column":17}},"type":"if","locations":[{"start":{"line":83,"column":16},"end":{"line":86,"column":17}},{"start":{"line":83,"column":16},"end":{"line":86,"column":17}}],"line":83},"23":{"loc":{"start":{"line":84,"column":20},"end":{"line":84,"column":123}},"type":"if","locations":[{"start":{"line":84,"column":20},"end":{"line":84,"column":123}},{"start":{"line":84,"column":20},"end":{"line":84,"column":123}}],"line":84},"24":{"loc":{"start":{"line":91,"column":12},"end":{"line":96,"column":31}},"type":"if","locations":[{"start":{"line":91,"column":12},"end":{"line":96,"column":31}},{"start":{"line":91,"column":12},"end":{"line":96,"column":31}}],"line":91},"25":{"loc":{"start":{"line":108,"column":12},"end":{"line":108,"column":38}},"type":"if","locations":[{"start":{"line":108,"column":12},"end":{"line":108,"column":38}},{"start":{"line":108,"column":12},"end":{"line":108,"column":38}}],"line":108},"26":{"loc":{"start":{"line":120,"column":12},"end":{"line":120,"column":37}},"type":"if","locations":[{"start":{"line":120,"column":12},"end":{"line":120,"column":37}},{"start":{"line":120,"column":12},"end":{"line":120,"column":37}}],"line":120},"27":{"loc":{"start":{"line":131,"column":36},"end":{"line":131,"column":52}},"type":"default-arg","locations":[{"start":{"line":131,"column":48},"end":{"line":131,"column":52}}],"line":131},"28":{"loc":{"start":{"line":134,"column":12},"end":{"line":137,"column":13}},"type":"if","locations":[{"start":{"line":134,"column":12},"end":{"line":137,"column":13}},{"start":{"line":134,"column":12},"end":{"line":137,"column":13}}],"line":134},"29":{"loc":{"start":{"line":135,"column":16},"end":{"line":135,"column":68}},"type":"if","locations":[{"start":{"line":135,"column":16},"end":{"line":135,"column":68}},{"start":{"line":135,"column":16},"end":{"line":135,"column":68}}],"line":135},"30":{"loc":{"start":{"line":139,"column":12},"end":{"line":142,"column":13}},"type":"if","locations":[{"start":{"line":139,"column":12},"end":{"line":142,"column":13}},{"start":{"line":139,"column":12},"end":{"line":142,"column":13}}],"line":139},"31":{"loc":{"start":{"line":140,"column":16},"end":{"line":140,"column":70}},"type":"if","locations":[{"start":{"line":140,"column":16},"end":{"line":140,"column":70}},{"start":{"line":140,"column":16},"end":{"line":140,"column":70}}],"line":140},"32":{"loc":{"start":{"line":144,"column":12},"end":{"line":147,"column":13}},"type":"if","locations":[{"start":{"line":144,"column":12},"end":{"line":147,"column":13}},{"start":{"line":144,"column":12},"end":{"line":147,"column":13}}],"line":144},"33":{"loc":{"start":{"line":145,"column":16},"end":{"line":145,"column":88}},"type":"if","locations":[{"start":{"line":145,"column":16},"end":{"line":145,"column":88}},{"start":{"line":145,"column":16},"end":{"line":145,"column":88}}],"line":145},"34":{"loc":{"start":{"line":156,"column":16},"end":{"line":156,"column":95}},"type":"if","locations":[{"start":{"line":156,"column":16},"end":{"line":156,"column":95}},{"start":{"line":156,"column":16},"end":{"line":156,"column":95}}],"line":156},"35":{"loc":{"start":{"line":161,"column":16},"end":{"line":161,"column":73}},"type":"if","locations":[{"start":{"line":161,"column":16},"end":{"line":161,"column":73}},{"start":{"line":161,"column":16},"end":{"line":161,"column":73}}],"line":161},"36":{"loc":{"start":{"line":161,"column":21},"end":{"line":161,"column":40}},"type":"binary-expr","locations":[{"start":{"line":161,"column":21},"end":{"line":161,"column":34}},{"start":{"line":161,"column":38},"end":{"line":161,"column":40}}],"line":161},"37":{"loc":{"start":{"line":163,"column":16},"end":{"line":171,"column":17}},"type":"if","locations":[{"start":{"line":163,"column":16},"end":{"line":171,"column":17}},{"start":{"line":163,"column":16},"end":{"line":171,"column":17}}],"line":163},"38":{"loc":{"start":{"line":163,"column":20},"end":{"line":163,"column":90}},"type":"binary-expr","locations":[{"start":{"line":163,"column":21},"end":{"line":163,"column":33}},{"start":{"line":163,"column":37},"end":{"line":163,"column":51}},{"start":{"line":163,"column":56},"end":{"line":163,"column":90}}],"line":163},"39":{"loc":{"start":{"line":164,"column":20},"end":{"line":167,"column":55}},"type":"if","locations":[{"start":{"line":164,"column":20},"end":{"line":167,"column":55}},{"start":{"line":164,"column":20},"end":{"line":167,"column":55}}],"line":164},"40":{"loc":{"start":{"line":165,"column":24},"end":{"line":166,"column":57}},"type":"if","locations":[{"start":{"line":165,"column":24},"end":{"line":166,"column":57}},{"start":{"line":165,"column":24},"end":{"line":166,"column":57}}],"line":165},"41":{"loc":{"start":{"line":170,"column":20},"end":{"line":170,"column":82}},"type":"if","locations":[{"start":{"line":170,"column":20},"end":{"line":170,"column":82}},{"start":{"line":170,"column":20},"end":{"line":170,"column":82}}],"line":170},"42":{"loc":{"start":{"line":182,"column":21},"end":{"line":182,"column":37}},"type":"default-arg","locations":[{"start":{"line":182,"column":33},"end":{"line":182,"column":37}}],"line":182},"43":{"loc":{"start":{"line":183,"column":12},"end":{"line":183,"column":62}},"type":"if","locations":[{"start":{"line":183,"column":12},"end":{"line":183,"column":62}},{"start":{"line":183,"column":12},"end":{"line":183,"column":62}}],"line":183},"44":{"loc":{"start":{"line":185,"column":16},"end":{"line":186,"column":59}},"type":"if","locations":[{"start":{"line":185,"column":16},"end":{"line":186,"column":59}},{"start":{"line":185,"column":16},"end":{"line":186,"column":59}}],"line":185},"45":{"loc":{"start":{"line":185,"column":20},"end":{"line":185,"column":103}},"type":"binary-expr","locations":[{"start":{"line":185,"column":20},"end":{"line":185,"column":59}},{"start":{"line":185,"column":63},"end":{"line":185,"column":72}},{"start":{"line":185,"column":76},"end":{"line":185,"column":103}}],"line":185},"46":{"loc":{"start":{"line":185,"column":37},"end":{"line":185,"column":52}},"type":"binary-expr","locations":[{"start":{"line":185,"column":37},"end":{"line":185,"column":46}},{"start":{"line":185,"column":50},"end":{"line":185,"column":52}}],"line":185},"47":{"loc":{"start":{"line":186,"column":21},"end":{"line":186,"column":59}},"type":"if","locations":[{"start":{"line":186,"column":21},"end":{"line":186,"column":59}},{"start":{"line":186,"column":21},"end":{"line":186,"column":59}}],"line":186},"48":{"loc":{"start":{"line":200,"column":12},"end":{"line":200,"column":59}},"type":"if","locations":[{"start":{"line":200,"column":12},"end":{"line":200,"column":59}},{"start":{"line":200,"column":12},"end":{"line":200,"column":59}}],"line":200},"49":{"loc":{"start":{"line":202,"column":12},"end":{"line":202,"column":117}},"type":"if","locations":[{"start":{"line":202,"column":12},"end":{"line":202,"column":117}},{"start":{"line":202,"column":12},"end":{"line":202,"column":117}}],"line":202},"50":{"loc":{"start":{"line":219,"column":12},"end":{"line":219,"column":38}},"type":"if","locations":[{"start":{"line":219,"column":12},"end":{"line":219,"column":38}},{"start":{"line":219,"column":12},"end":{"line":219,"column":38}}],"line":219},"51":{"loc":{"start":{"line":221,"column":12},"end":{"line":224,"column":13}},"type":"if","locations":[{"start":{"line":221,"column":12},"end":{"line":224,"column":13}},{"start":{"line":221,"column":12},"end":{"line":224,"column":13}}],"line":221},"52":{"loc":{"start":{"line":222,"column":16},"end":{"line":222,"column":85}},"type":"if","locations":[{"start":{"line":222,"column":16},"end":{"line":222,"column":85}},{"start":{"line":222,"column":16},"end":{"line":222,"column":85}}],"line":222},"53":{"loc":{"start":{"line":225,"column":12},"end":{"line":225,"column":58}},"type":"if","locations":[{"start":{"line":225,"column":12},"end":{"line":225,"column":58}},{"start":{"line":225,"column":12},"end":{"line":225,"column":58}}],"line":225},"54":{"loc":{"start":{"line":246,"column":12},"end":{"line":246,"column":43}},"type":"if","locations":[{"start":{"line":246,"column":12},"end":{"line":246,"column":43}},{"start":{"line":246,"column":12},"end":{"line":246,"column":43}}],"line":246},"55":{"loc":{"start":{"line":248,"column":12},"end":{"line":248,"column":56}},"type":"if","locations":[{"start":{"line":248,"column":12},"end":{"line":248,"column":56}},{"start":{"line":248,"column":12},"end":{"line":248,"column":56}}],"line":248},"56":{"loc":{"start":{"line":250,"column":12},"end":{"line":255,"column":13}},"type":"if","locations":[{"start":{"line":250,"column":12},"end":{"line":255,"column":13}},{"start":{"line":250,"column":12},"end":{"line":255,"column":13}}],"line":250},"57":{"loc":{"start":{"line":252,"column":16},"end":{"line":252,"column":44}},"type":"if","locations":[{"start":{"line":252,"column":16},"end":{"line":252,"column":44}},{"start":{"line":252,"column":16},"end":{"line":252,"column":44}}],"line":252},"58":{"loc":{"start":{"line":258,"column":12},"end":{"line":263,"column":13}},"type":"if","locations":[{"start":{"line":258,"column":12},"end":{"line":263,"column":13}},{"start":{"line":258,"column":12},"end":{"line":263,"column":13}}],"line":258},"59":{"loc":{"start":{"line":260,"column":16},"end":{"line":260,"column":44}},"type":"if","locations":[{"start":{"line":260,"column":16},"end":{"line":260,"column":44}},{"start":{"line":260,"column":16},"end":{"line":260,"column":44}}],"line":260},"60":{"loc":{"start":{"line":268,"column":20},"end":{"line":268,"column":52}},"type":"if","locations":[{"start":{"line":268,"column":20},"end":{"line":268,"column":52}},{"start":{"line":268,"column":20},"end":{"line":268,"column":52}}],"line":268},"61":{"loc":{"start":{"line":271,"column":24},"end":{"line":271,"column":65}},"type":"if","locations":[{"start":{"line":271,"column":24},"end":{"line":271,"column":65}},{"start":{"line":271,"column":24},"end":{"line":271,"column":65}}],"line":271},"62":{"loc":{"start":{"line":302,"column":16},"end":{"line":302,"column":72}},"type":"if","locations":[{"start":{"line":302,"column":16},"end":{"line":302,"column":72}},{"start":{"line":302,"column":16},"end":{"line":302,"column":72}}],"line":302},"63":{"loc":{"start":{"line":305,"column":16},"end":{"line":305,"column":103}},"type":"if","locations":[{"start":{"line":305,"column":16},"end":{"line":305,"column":103}},{"start":{"line":305,"column":16},"end":{"line":305,"column":103}}],"line":305},"64":{"loc":{"start":{"line":305,"column":20},"end":{"line":305,"column":93}},"type":"binary-expr","locations":[{"start":{"line":305,"column":20},"end":{"line":305,"column":44}},{"start":{"line":305,"column":48},"end":{"line":305,"column":68}},{"start":{"line":305,"column":72},"end":{"line":305,"column":93}}],"line":305},"65":{"loc":{"start":{"line":310,"column":20},"end":{"line":310,"column":82}},"type":"if","locations":[{"start":{"line":310,"column":20},"end":{"line":310,"column":82}},{"start":{"line":310,"column":20},"end":{"line":310,"column":82}}],"line":310},"66":{"loc":{"start":{"line":322,"column":18},"end":{"line":322,"column":27}},"type":"default-arg","locations":[{"start":{"line":322,"column":25},"end":{"line":322,"column":27}}],"line":322},"67":{"loc":{"start":{"line":323,"column":12},"end":{"line":323,"column":78}},"type":"if","locations":[{"start":{"line":323,"column":12},"end":{"line":323,"column":78}},{"start":{"line":323,"column":12},"end":{"line":323,"column":78}}],"line":323},"68":{"loc":{"start":{"line":323,"column":16},"end":{"line":323,"column":38}},"type":"binary-expr","locations":[{"start":{"line":323,"column":16},"end":{"line":323,"column":24}},{"start":{"line":323,"column":28},"end":{"line":323,"column":38}}],"line":323},"69":{"loc":{"start":{"line":324,"column":12},"end":{"line":324,"column":62}},"type":"if","locations":[{"start":{"line":324,"column":12},"end":{"line":324,"column":62}},{"start":{"line":324,"column":12},"end":{"line":324,"column":62}}],"line":324},"70":{"loc":{"start":{"line":327,"column":12},"end":{"line":330,"column":13}},"type":"if","locations":[{"start":{"line":327,"column":12},"end":{"line":330,"column":13}},{"start":{"line":327,"column":12},"end":{"line":330,"column":13}}],"line":327},"71":{"loc":{"start":{"line":328,"column":16},"end":{"line":328,"column":77}},"type":"if","locations":[{"start":{"line":328,"column":16},"end":{"line":328,"column":77}},{"start":{"line":328,"column":16},"end":{"line":328,"column":77}}],"line":328},"72":{"loc":{"start":{"line":362,"column":12},"end":{"line":362,"column":33}},"type":"if","locations":[{"start":{"line":362,"column":12},"end":{"line":362,"column":33}},{"start":{"line":362,"column":12},"end":{"line":362,"column":33}}],"line":362},"73":{"loc":{"start":{"line":363,"column":12},"end":{"line":363,"column":45}},"type":"if","locations":[{"start":{"line":363,"column":12},"end":{"line":363,"column":45}},{"start":{"line":363,"column":12},"end":{"line":363,"column":45}}],"line":363},"74":{"loc":{"start":{"line":377,"column":12},"end":{"line":381,"column":13}},"type":"if","locations":[{"start":{"line":377,"column":12},"end":{"line":381,"column":13}},{"start":{"line":377,"column":12},"end":{"line":381,"column":13}}],"line":377},"75":{"loc":{"start":{"line":379,"column":20},"end":{"line":379,"column":71}},"type":"if","locations":[{"start":{"line":379,"column":20},"end":{"line":379,"column":71}},{"start":{"line":379,"column":20},"end":{"line":379,"column":71}}],"line":379},"76":{"loc":{"start":{"line":382,"column":12},"end":{"line":382,"column":65}},"type":"if","locations":[{"start":{"line":382,"column":12},"end":{"line":382,"column":65}},{"start":{"line":382,"column":12},"end":{"line":382,"column":65}}],"line":382},"77":{"loc":{"start":{"line":383,"column":12},"end":{"line":383,"column":55}},"type":"if","locations":[{"start":{"line":383,"column":12},"end":{"line":383,"column":55}},{"start":{"line":383,"column":12},"end":{"line":383,"column":55}}],"line":383},"78":{"loc":{"start":{"line":396,"column":28},"end":{"line":396,"column":68}},"type":"cond-expr","locations":[{"start":{"line":396,"column":50},"end":{"line":396,"column":55}},{"start":{"line":396,"column":58},"end":{"line":396,"column":68}}],"line":396},"79":{"loc":{"start":{"line":397,"column":12},"end":{"line":397,"column":96}},"type":"if","locations":[{"start":{"line":397,"column":12},"end":{"line":397,"column":96}},{"start":{"line":397,"column":12},"end":{"line":397,"column":96}}],"line":397},"80":{"loc":{"start":{"line":397,"column":16},"end":{"line":397,"column":42}},"type":"binary-expr","locations":[{"start":{"line":397,"column":16},"end":{"line":397,"column":23}},{"start":{"line":397,"column":27},"end":{"line":397,"column":42}}],"line":397},"81":{"loc":{"start":{"line":398,"column":12},"end":{"line":403,"column":13}},"type":"if","locations":[{"start":{"line":398,"column":12},"end":{"line":403,"column":13}},{"start":{"line":398,"column":12},"end":{"line":403,"column":13}}],"line":398},"82":{"loc":{"start":{"line":398,"column":16},"end":{"line":398,"column":47}},"type":"binary-expr","locations":[{"start":{"line":398,"column":16},"end":{"line":398,"column":27}},{"start":{"line":398,"column":31},"end":{"line":398,"column":47}}],"line":398},"83":{"loc":{"start":{"line":400,"column":16},"end":{"line":400,"column":137}},"type":"if","locations":[{"start":{"line":400,"column":16},"end":{"line":400,"column":137}},{"start":{"line":400,"column":16},"end":{"line":400,"column":137}}],"line":400},"84":{"loc":{"start":{"line":401,"column":16},"end":{"line":402,"column":33}},"type":"if","locations":[{"start":{"line":401,"column":16},"end":{"line":402,"column":33}},{"start":{"line":401,"column":16},"end":{"line":402,"column":33}}],"line":401}},"s":{"0":1,"1":1,"2":1,"3":1,"4":2,"5":2,"6":2,"7":2,"8":2,"9":2,"10":2,"11":2,"12":1,"13":4,"14":4,"15":0,"16":0,"17":4,"18":2,"19":0,"20":4,"21":2,"22":0,"23":3,"24":0,"25":3,"26":3,"27":3,"28":0,"29":3,"30":0,"31":3,"32":3,"33":1,"34":2,"35":4,"36":0,"37":0,"38":0,"39":4,"40":2,"41":4,"42":2,"43":4,"44":0,"45":0,"46":0,"47":4,"48":4,"49":2,"50":2,"51":2,"52":0,"53":37,"54":37,"55":1,"56":36,"57":0,"58":0,"59":0,"60":0,"61":4,"62":4,"63":3,"64":0,"65":3,"66":1,"67":0,"68":0,"69":0,"70":1,"71":0,"72":0,"73":0,"74":1,"75":1,"76":1,"77":1,"78":1,"79":1,"80":1,"81":1,"82":1,"83":0,"84":1,"85":1,"86":1,"87":1,"88":0,"89":1,"90":0,"91":1,"92":0,"93":0,"94":1,"95":3,"96":1,"97":2,"98":4,"99":2,"100":2,"101":2,"102":4,"103":4,"104":4,"105":1,"106":3,"107":1,"108":2,"109":41,"110":41,"111":2,"112":39,"113":2,"114":0,"115":2,"116":37,"117":0,"118":37,"119":46,"120":2,"121":2,"122":0,"123":2,"124":2,"125":2,"126":0,"127":0,"128":0,"129":0,"130":0,"131":2,"132":4,"133":2,"134":0,"135":0,"136":0,"137":0,"138":0,"139":2,"140":2,"141":4,"142":4,"143":0,"144":4,"145":4,"146":20,"147":20,"148":16,"149":4,"150":2,"151":4,"152":2,"153":4,"154":4,"155":2,"156":0,"157":2,"158":0,"159":0,"160":2,"161":2,"162":0,"163":2,"164":0,"165":2,"166":4,"167":4,"168":4,"169":0,"170":2,"171":4,"172":0,"173":4,"174":0,"175":4,"176":4,"177":0,"178":0,"179":0,"180":4,"181":4,"182":4,"183":4,"184":0,"185":0,"186":4,"187":4,"188":8,"189":0,"190":8,"191":4,"192":4,"193":4,"194":4,"195":0,"196":0,"197":2,"198":2,"199":4,"200":4,"201":2,"202":2,"203":2,"204":2,"205":1,"206":2,"207":4,"208":4,"209":1,"210":1,"211":0,"212":3,"213":2,"214":1,"215":0,"216":1,"217":0,"218":1,"219":4,"220":2,"221":2,"222":0},"f":{"0":1,"1":2,"2":4,"3":3,"4":3,"5":2,"6":37,"7":0,"8":4,"9":1,"10":3,"11":4,"12":4,"13":41,"14":46,"15":2,"16":4,"17":4,"18":4,"19":2,"20":4,"21":4,"22":0,"23":2,"24":4,"25":4,"26":8,"27":2,"28":2,"29":4,"30":1,"31":0,"32":4,"33":2,"34":0},"b":{"0":[0],"1":[2,2],"2":[2,1],"3":[2,0],"4":[1,1],"5":[2,0],"6":[1,1],"7":[4,0],"8":[0,4],"9":[0,0],"10":[2,2],"11":[0,2],"12":[2,2],"13":[0,2],"14":[0],"15":[0,3],"16":[0,3],"17":[0,3],"18":[1,2],"19":[0,4],"20":[0,0],"21":[2,2],"22":[0,4],"23":[0,0],"24":[2,0],"25":[1,36],"26":[0,0],"27":[4],"28":[3,1],"29":[0,3],"30":[0,1],"31":[0,0],"32":[0,1],"33":[0,0],"34":[1,0],"35":[0,1],"36":[1,0],"37":[1,0],"38":[1,1,1],"39":[1,0],"40":[0,1],"41":[0,0],"42":[2],"43":[1,2],"44":[2,2],"45":[4,4,2],"46":[4,2],"47":[2,0],"48":[1,3],"49":[1,2],"50":[2,39],"51":[2,37],"52":[0,2],"53":[0,37],"54":[0,2],"55":[2,0],"56":[0,2],"57":[0,0],"58":[0,2],"59":[0,0],"60":[0,4],"61":[16,4],"62":[0,2],"63":[0,2],"64":[2,2,2],"65":[0,4],"66":[0],"67":[0,4],"68":[4,4],"69":[0,4],"70":[0,4],"71":[0,0],"72":[0,8],"73":[4,4],"74":[2,0],"75":[4,0],"76":[2,0],"77":[2,0],"78":[1,3],"79":[1,3],"80":[4,1],"81":[2,1],"82":[3,2],"83":[0,1],"84":[0,1]},"_coverageSchema":"1a1c01bbd47fc00a2c39e90264f33305004495a9","hash":"fed850cf58a2aa00db66c192c15ad49f2745d170","contentHash":"725369a31078c970708a4cf3300f44a92d4ffe1e2f3e7780194082b119ddb532"},"X:\\workflow\\open-projects\\Pocket\\pocket\\utils.js":{"path":"X:\\workflow\\open-projects\\Pocket\\pocket\\utils.js","statementMap":{"0":{"start":{"line":2,"column":13},"end":{"line":2,"column":28}},"1":{"start":{"line":3,"column":14},"end":{"line":3,"column":35}},"2":{"start":{"line":11,"column":0},"end":{"line":15,"column":6}},"3":{"start":{"line":11,"column":23},"end":{"line":11,"column":92}},"4":{"start":{"line":12,"column":32},"end":{"line":15,"column":6}},"5":{"start":{"line":13,"column":4},"end":{"line":13,"column":46}},"6":{"start":{"line":13,"column":31},"end":{"line":13,"column":46}},"7":{"start":{"line":14,"column":4},"end":{"line":14,"column":12}},"8":{"start":{"line":16,"column":0},"end":{"line":16,"column":82}},"9":{"start":{"line":16,"column":26},"end":{"line":16,"column":82}},"10":{"start":{"line":17,"column":0},"end":{"line":17,"column":86}},"11":{"start":{"line":17,"column":26},"end":{"line":17,"column":86}},"12":{"start":{"line":18,"column":0},"end":{"line":18,"column":76}},"13":{"start":{"line":18,"column":31},"end":{"line":18,"column":76}},"14":{"start":{"line":19,"column":0},"end":{"line":19,"column":73}},"15":{"start":{"line":19,"column":24},"end":{"line":19,"column":73}},"16":{"start":{"line":19,"column":51},"end":{"line":19,"column":72}},"17":{"start":{"line":20,"column":0},"end":{"line":20,"column":108}},"18":{"start":{"line":20,"column":28},"end":{"line":20,"column":108}},"19":{"start":{"line":21,"column":0},"end":{"line":21,"column":77}},"20":{"start":{"line":21,"column":27},"end":{"line":21,"column":77}},"21":{"start":{"line":22,"column":0},"end":{"line":22,"column":79}},"22":{"start":{"line":22,"column":28},"end":{"line":22,"column":79}},"23":{"start":{"line":23,"column":0},"end":{"line":23,"column":53}},"24":{"start":{"line":23,"column":29},"end":{"line":23,"column":53}},"25":{"start":{"line":24,"column":0},"end":{"line":28,"column":1}},"26":{"start":{"line":25,"column":4},"end":{"line":25,"column":38}},"27":{"start":{"line":26,"column":4},"end":{"line":26,"column":57}},"28":{"start":{"line":26,"column":25},"end":{"line":26,"column":56}},"29":{"start":{"line":27,"column":4},"end":{"line":27,"column":33}},"30":{"start":{"line":29,"column":0},"end":{"line":33,"column":1}},"31":{"start":{"line":30,"column":4},"end":{"line":30,"column":39}},"32":{"start":{"line":31,"column":4},"end":{"line":31,"column":76}},"33":{"start":{"line":31,"column":25},"end":{"line":31,"column":75}},"34":{"start":{"line":32,"column":4},"end":{"line":32,"column":34}},"35":{"start":{"line":34,"column":0},"end":{"line":40,"column":1}},"36":{"start":{"line":35,"column":4},"end":{"line":35,"column":37}},"37":{"start":{"line":36,"column":4},"end":{"line":36,"column":75}},"38":{"start":{"line":36,"column":25},"end":{"line":36,"column":74}},"39":{"start":{"line":37,"column":4},"end":{"line":37,"column":21}},"40":{"start":{"line":38,"column":4},"end":{"line":38,"column":35}},"41":{"start":{"line":39,"column":4},"end":{"line":39,"column":21}},"42":{"start":{"line":41,"column":0},"end":{"line":48,"column":1}},"43":{"start":{"line":42,"column":4},"end":{"line":42,"column":26}},"44":{"start":{"line":42,"column":15},"end":{"line":42,"column":26}},"45":{"start":{"line":43,"column":4},"end":{"line":47,"column":5}},"46":{"start":{"line":44,"column":8},"end":{"line":44,"column":47}},"47":{"start":{"line":46,"column":8},"end":{"line":46,"column":29}},"48":{"start":{"line":54,"column":0},"end":{"line":60,"column":1}},"49":{"start":{"line":55,"column":17},"end":{"line":55,"column":19}},"50":{"start":{"line":56,"column":4},"end":{"line":58,"column":5}},"51":{"start":{"line":57,"column":8},"end":{"line":57,"column":44}},"52":{"start":{"line":59,"column":4},"end":{"line":59,"column":15}}},"fnMap":{"0":{"name":"(anonymous_0)","decl":{"start":{"line":11,"column":15},"end":{"line":11,"column":16}},"loc":{"start":{"line":11,"column":23},"end":{"line":11,"column":92}},"line":11},"1":{"name":"(anonymous_1)","decl":{"start":{"line":12,"column":17},"end":{"line":12,"column":18}},"loc":{"start":{"line":12,"column":32},"end":{"line":15,"column":6}},"line":12},"2":{"name":"(anonymous_2)","decl":{"start":{"line":12,"column":44},"end":{"line":12,"column":45}},"loc":{"start":{"line":12,"column":58},"end":{"line":15,"column":1}},"line":12},"3":{"name":"(anonymous_3)","decl":{"start":{"line":16,"column":18},"end":{"line":16,"column":19}},"loc":{"start":{"line":16,"column":26},"end":{"line":16,"column":82}},"line":16},"4":{"name":"(anonymous_4)","decl":{"start":{"line":17,"column":19},"end":{"line":17,"column":20}},"loc":{"start":{"line":17,"column":26},"end":{"line":17,"column":86}},"line":17},"5":{"name":"(anonymous_5)","decl":{"start":{"line":18,"column":20},"end":{"line":18,"column":21}},"loc":{"start":{"line":18,"column":31},"end":{"line":18,"column":76}},"line":18},"6":{"name":"(anonymous_6)","decl":{"start":{"line":19,"column":15},"end":{"line":19,"column":16}},"loc":{"start":{"line":19,"column":24},"end":{"line":19,"column":73}},"line":19},"7":{"name":"(anonymous_7)","decl":{"start":{"line":19,"column":35},"end":{"line":19,"column":36}},"loc":{"start":{"line":19,"column":51},"end":{"line":19,"column":72}},"line":19},"8":{"name":"(anonymous_8)","decl":{"start":{"line":20,"column":19},"end":{"line":20,"column":20}},"loc":{"start":{"line":20,"column":28},"end":{"line":20,"column":108}},"line":20},"9":{"name":"(anonymous_9)","decl":{"start":{"line":21,"column":18},"end":{"line":21,"column":19}},"loc":{"start":{"line":21,"column":27},"end":{"line":21,"column":77}},"line":21},"10":{"name":"(anonymous_10)","decl":{"start":{"line":22,"column":19},"end":{"line":22,"column":20}},"loc":{"start":{"line":22,"column":28},"end":{"line":22,"column":79}},"line":22},"11":{"name":"(anonymous_11)","decl":{"start":{"line":23,"column":21},"end":{"line":23,"column":22}},"loc":{"start":{"line":23,"column":29},"end":{"line":23,"column":53}},"line":23},"12":{"name":"(anonymous_12)","decl":{"start":{"line":24,"column":14},"end":{"line":24,"column":15}},"loc":{"start":{"line":24,"column":33},"end":{"line":28,"column":1}},"line":24},"13":{"name":"(anonymous_13)","decl":{"start":{"line":26,"column":20},"end":{"line":26,"column":21}},"loc":{"start":{"line":26,"column":25},"end":{"line":26,"column":56}},"line":26},"14":{"name":"(anonymous_14)","decl":{"start":{"line":29,"column":15},"end":{"line":29,"column":16}},"loc":{"start":{"line":29,"column":34},"end":{"line":33,"column":1}},"line":29},"15":{"name":"(anonymous_15)","decl":{"start":{"line":31,"column":20},"end":{"line":31,"column":21}},"loc":{"start":{"line":31,"column":25},"end":{"line":31,"column":75}},"line":31},"16":{"name":"(anonymous_16)","decl":{"start":{"line":34,"column":18},"end":{"line":34,"column":19}},"loc":{"start":{"line":34,"column":37},"end":{"line":40,"column":1}},"line":34},"17":{"name":"(anonymous_17)","decl":{"start":{"line":36,"column":20},"end":{"line":36,"column":21}},"loc":{"start":{"line":36,"column":25},"end":{"line":36,"column":74}},"line":36},"18":{"name":"(anonymous_18)","decl":{"start":{"line":41,"column":15},"end":{"line":41,"column":16}},"loc":{"start":{"line":41,"column":25},"end":{"line":48,"column":1}},"line":41},"19":{"name":"(anonymous_19)","decl":{"start":{"line":54,"column":24},"end":{"line":54,"column":25}},"loc":{"start":{"line":54,"column":38},"end":{"line":60,"column":1}},"line":54}},"branchMap":{"0":{"loc":{"start":{"line":11,"column":23},"end":{"line":11,"column":92}},"type":"cond-expr","locations":[{"start":{"line":11,"column":70},"end":{"line":11,"column":87}},{"start":{"line":11,"column":88},"end":{"line":11,"column":92}}],"line":11},"1":{"loc":{"start":{"line":11,"column":24},"end":{"line":11,"column":66}},"type":"binary-expr","locations":[{"start":{"line":11,"column":24},"end":{"line":11,"column":27}},{"start":{"line":11,"column":31},"end":{"line":11,"column":66}}],"line":11},"2":{"loc":{"start":{"line":13,"column":4},"end":{"line":13,"column":46}},"type":"if","locations":[{"start":{"line":13,"column":4},"end":{"line":13,"column":46}},{"start":{"line":13,"column":4},"end":{"line":13,"column":46}}],"line":13},"3":{"loc":{"start":{"line":16,"column":26},"end":{"line":16,"column":82}},"type":"cond-expr","locations":[{"start":{"line":16,"column":40},"end":{"line":16,"column":44}},{"start":{"line":16,"column":47},"end":{"line":16,"column":82}}],"line":16},"4":{"loc":{"start":{"line":16,"column":28},"end":{"line":16,"column":36}},"type":"binary-expr","locations":[{"start":{"line":16,"column":28},"end":{"line":16,"column":30}},{"start":{"line":16,"column":34},"end":{"line":16,"column":36}}],"line":16},"5":{"loc":{"start":{"line":16,"column":48},"end":{"line":16,"column":56}},"type":"binary-expr","locations":[{"start":{"line":16,"column":48},"end":{"line":16,"column":50}},{"start":{"line":16,"column":54},"end":{"line":16,"column":56}}],"line":16},"6":{"loc":{"start":{"line":17,"column":26},"end":{"line":17,"column":86}},"type":"cond-expr","locations":[{"start":{"line":17,"column":44},"end":{"line":17,"column":78}},{"start":{"line":17,"column":81},"end":{"line":17,"column":86}}],"line":17},"7":{"loc":{"start":{"line":18,"column":54},"end":{"line":18,"column":65}},"type":"binary-expr","locations":[{"start":{"line":18,"column":54},"end":{"line":18,"column":59}},{"start":{"line":18,"column":63},"end":{"line":18,"column":65}}],"line":18},"8":{"loc":{"start":{"line":20,"column":28},"end":{"line":20,"column":108}},"type":"cond-expr","locations":[{"start":{"line":20,"column":35},"end":{"line":20,"column":40}},{"start":{"line":20,"column":44},"end":{"line":20,"column":107}}],"line":20},"9":{"loc":{"start":{"line":20,"column":44},"end":{"line":20,"column":107}},"type":"binary-expr","locations":[{"start":{"line":20,"column":44},"end":{"line":20,"column":80}},{"start":{"line":20,"column":84},"end":{"line":20,"column":107}}],"line":20},"10":{"loc":{"start":{"line":21,"column":27},"end":{"line":21,"column":77}},"type":"cond-expr","locations":[{"start":{"line":21,"column":34},"end":{"line":21,"column":39}},{"start":{"line":21,"column":42},"end":{"line":21,"column":77}}],"line":21},"11":{"loc":{"start":{"line":22,"column":28},"end":{"line":22,"column":79}},"type":"cond-expr","locations":[{"start":{"line":22,"column":35},"end":{"line":22,"column":40}},{"start":{"line":22,"column":43},"end":{"line":22,"column":79}}],"line":22},"12":{"loc":{"start":{"line":42,"column":4},"end":{"line":42,"column":26}},"type":"if","locations":[{"start":{"line":42,"column":4},"end":{"line":42,"column":26}},{"start":{"line":42,"column":4},"end":{"line":42,"column":26}}],"line":42}},"s":{"0":1,"1":1,"2":1,"3":1,"4":0,"5":0,"6":0,"7":0,"8":1,"9":54,"10":1,"11":5,"12":1,"13":3,"14":1,"15":0,"16":0,"17":1,"18":8,"19":1,"20":3,"21":1,"22":11,"23":1,"24":0,"25":1,"26":0,"27":0,"28":0,"29":0,"30":1,"31":0,"32":0,"33":0,"34":0,"35":1,"36":0,"37":0,"38":0,"39":0,"40":0,"41":0,"42":1,"43":1,"44":0,"45":1,"46":1,"47":0,"48":1,"49":0,"50":0,"51":0,"52":0},"f":{"0":1,"1":0,"2":0,"3":54,"4":5,"5":3,"6":0,"7":0,"8":8,"9":3,"10":11,"11":0,"12":0,"13":0,"14":0,"15":0,"16":0,"17":0,"18":1,"19":0},"b":{"0":[1,0],"1":[1,1],"2":[0,0],"3":[4,50],"4":[54,4],"5":[50,0],"6":[5,0],"7":[3,0],"8":[0,8],"9":[8,0],"10":[0,3],"11":[0,11],"12":[0,1]},"_coverageSchema":"1a1c01bbd47fc00a2c39e90264f33305004495a9","hash":"d5b1875dad83459b8559711d48262abecdd9bba2","contentHash":"8abc9e60a5c8f8d58389aef340aa7b4263e5001deee23bf91cc1cb4328690509"},"X:\\workflow\\open-projects\\Pocket\\pocket\\pocketJS.js":{"path":"X:\\workflow\\open-projects\\Pocket\\pocket\\pocketJS.js","statementMap":{"0":{"start":{"line":2,"column":61},"end":{"line":2,"column":79}},"1":{"start":{"line":3,"column":11},"end":{"line":3,"column":30}},"2":{"start":{"line":9,"column":0},"end":{"line":300,"column":1}},"3":{"start":{"line":10,"column":4},"end":{"line":299,"column":5}},"4":{"start":{"line":20,"column":12},"end":{"line":20,"column":39}},"5":{"start":{"line":21,"column":12},"end":{"line":21,"column":74}},"6":{"start":{"line":21,"column":46},"end":{"line":21,"column":74}},"7":{"start":{"line":22,"column":12},"end":{"line":22,"column":88}},"8":{"start":{"line":22,"column":52},"end":{"line":22,"column":88}},"9":{"start":{"line":24,"column":12},"end":{"line":24,"column":27}},"10":{"start":{"line":25,"column":12},"end":{"line":25,"column":29}},"11":{"start":{"line":26,"column":12},"end":{"line":26,"column":31}},"12":{"start":{"line":27,"column":12},"end":{"line":27,"column":29}},"13":{"start":{"line":28,"column":12},"end":{"line":28,"column":33}},"14":{"start":{"line":29,"column":12},"end":{"line":29,"column":31}},"15":{"start":{"line":30,"column":12},"end":{"line":30,"column":33}},"16":{"start":{"line":31,"column":12},"end":{"line":31,"column":59}},"17":{"start":{"line":33,"column":12},"end":{"line":33,"column":33}},"18":{"start":{"line":34,"column":12},"end":{"line":34,"column":29}},"19":{"start":{"line":35,"column":12},"end":{"line":35,"column":32}},"20":{"start":{"line":38,"column":12},"end":{"line":38,"column":63}},"21":{"start":{"line":38,"column":42},"end":{"line":38,"column":63}},"22":{"start":{"line":39,"column":12},"end":{"line":39,"column":60}},"23":{"start":{"line":39,"column":31},"end":{"line":39,"column":60}},"24":{"start":{"line":46,"column":12},"end":{"line":46,"column":47}},"25":{"start":{"line":46,"column":29},"end":{"line":46,"column":47}},"26":{"start":{"line":47,"column":12},"end":{"line":47,"column":30}},"27":{"start":{"line":48,"column":12},"end":{"line":48,"column":30}},"28":{"start":{"line":52,"column":12},"end":{"line":55,"column":13}},"29":{"start":{"line":53,"column":16},"end":{"line":53,"column":81}},"30":{"start":{"line":53,"column":32},"end":{"line":53,"column":81}},"31":{"start":{"line":54,"column":16},"end":{"line":54,"column":22}},"32":{"start":{"line":56,"column":12},"end":{"line":56,"column":44}},"33":{"start":{"line":56,"column":20},"end":{"line":56,"column":44}},"34":{"start":{"line":57,"column":12},"end":{"line":57,"column":74}},"35":{"start":{"line":57,"column":38},"end":{"line":57,"column":74}},"36":{"start":{"line":58,"column":12},"end":{"line":58,"column":88}},"37":{"start":{"line":58,"column":40},"end":{"line":58,"column":88}},"38":{"start":{"line":59,"column":12},"end":{"line":59,"column":89}},"39":{"start":{"line":59,"column":41},"end":{"line":59,"column":89}},"40":{"start":{"line":62,"column":24},"end":{"line":62,"column":64}},"41":{"start":{"line":63,"column":25},"end":{"line":63,"column":45}},"42":{"start":{"line":64,"column":12},"end":{"line":64,"column":79}},"43":{"start":{"line":64,"column":29},"end":{"line":64,"column":79}},"44":{"start":{"line":66,"column":12},"end":{"line":66,"column":51}},"45":{"start":{"line":68,"column":12},"end":{"line":70,"column":13}},"46":{"start":{"line":69,"column":16},"end":{"line":69,"column":109}},"47":{"start":{"line":72,"column":12},"end":{"line":72,"column":24}},"48":{"start":{"line":76,"column":12},"end":{"line":76,"column":27}},"49":{"start":{"line":80,"column":12},"end":{"line":80,"column":33}},"50":{"start":{"line":84,"column":12},"end":{"line":87,"column":13}},"51":{"start":{"line":85,"column":16},"end":{"line":85,"column":92}},"52":{"start":{"line":85,"column":32},"end":{"line":85,"column":92}},"53":{"start":{"line":86,"column":16},"end":{"line":86,"column":22}},"54":{"start":{"line":88,"column":12},"end":{"line":88,"column":26}},"55":{"start":{"line":88,"column":20},"end":{"line":88,"column":26}},"56":{"start":{"line":89,"column":12},"end":{"line":92,"column":13}},"57":{"start":{"line":90,"column":16},"end":{"line":90,"column":68}},"58":{"start":{"line":90,"column":32},"end":{"line":90,"column":68}},"59":{"start":{"line":91,"column":16},"end":{"line":91,"column":22}},"60":{"start":{"line":94,"column":12},"end":{"line":94,"column":30}},"61":{"start":{"line":98,"column":12},"end":{"line":101,"column":13}},"62":{"start":{"line":99,"column":16},"end":{"line":99,"column":70}},"63":{"start":{"line":99,"column":32},"end":{"line":99,"column":70}},"64":{"start":{"line":100,"column":16},"end":{"line":100,"column":22}},"65":{"start":{"line":104,"column":12},"end":{"line":104,"column":26}},"66":{"start":{"line":104,"column":20},"end":{"line":104,"column":26}},"67":{"start":{"line":105,"column":12},"end":{"line":108,"column":13}},"68":{"start":{"line":106,"column":16},"end":{"line":106,"column":61}},"69":{"start":{"line":106,"column":32},"end":{"line":106,"column":61}},"70":{"start":{"line":107,"column":16},"end":{"line":107,"column":22}},"71":{"start":{"line":109,"column":12},"end":{"line":109,"column":81}},"72":{"start":{"line":109,"column":40},"end":{"line":109,"column":81}},"73":{"start":{"line":110,"column":12},"end":{"line":110,"column":94}},"74":{"start":{"line":110,"column":41},"end":{"line":110,"column":94}},"75":{"start":{"line":112,"column":12},"end":{"line":112,"column":60}},"76":{"start":{"line":116,"column":12},"end":{"line":116,"column":29}},"77":{"start":{"line":123,"column":29},"end":{"line":123,"column":81}},"78":{"start":{"line":124,"column":12},"end":{"line":127,"column":13}},"79":{"start":{"line":125,"column":16},"end":{"line":125,"column":98}},"80":{"start":{"line":125,"column":32},"end":{"line":125,"column":98}},"81":{"start":{"line":126,"column":16},"end":{"line":126,"column":27}},"82":{"start":{"line":129,"column":12},"end":{"line":129,"column":29}},"83":{"start":{"line":130,"column":12},"end":{"line":130,"column":109}},"84":{"start":{"line":130,"column":86},"end":{"line":130,"column":109}},"85":{"start":{"line":131,"column":12},"end":{"line":131,"column":26}},"86":{"start":{"line":135,"column":12},"end":{"line":135,"column":29}},"87":{"start":{"line":144,"column":12},"end":{"line":150,"column":13}},"88":{"start":{"line":163,"column":12},"end":{"line":163,"column":31}},"89":{"start":{"line":168,"column":12},"end":{"line":237,"column":17}},"90":{"start":{"line":169,"column":16},"end":{"line":174,"column":17}},"91":{"start":{"line":171,"column":20},"end":{"line":171,"column":119}},"92":{"start":{"line":171,"column":107},"end":{"line":171,"column":119}},"93":{"start":{"line":173,"column":20},"end":{"line":173,"column":62}},"94":{"start":{"line":176,"column":16},"end":{"line":179,"column":17}},"95":{"start":{"line":177,"column":20},"end":{"line":177,"column":83}},"96":{"start":{"line":177,"column":36},"end":{"line":177,"column":83}},"97":{"start":{"line":178,"column":20},"end":{"line":178,"column":32}},"98":{"start":{"line":181,"column":16},"end":{"line":236,"column":17}},"99":{"start":{"line":183,"column":24},"end":{"line":186,"column":25}},"100":{"start":{"line":184,"column":28},"end":{"line":184,"column":102}},"101":{"start":{"line":184,"column":44},"end":{"line":184,"column":102}},"102":{"start":{"line":185,"column":28},"end":{"line":185,"column":33}},"103":{"start":{"line":187,"column":24},"end":{"line":187,"column":43}},"104":{"start":{"line":188,"column":24},"end":{"line":188,"column":62}},"105":{"start":{"line":189,"column":24},"end":{"line":189,"column":44}},"106":{"start":{"line":190,"column":24},"end":{"line":190,"column":50}},"107":{"start":{"line":191,"column":24},"end":{"line":191,"column":29}},"108":{"start":{"line":194,"column":24},"end":{"line":197,"column":25}},"109":{"start":{"line":195,"column":28},"end":{"line":195,"column":119}},"110":{"start":{"line":195,"column":44},"end":{"line":195,"column":119}},"111":{"start":{"line":196,"column":28},"end":{"line":196,"column":33}},"112":{"start":{"line":199,"column":24},"end":{"line":204,"column":25}},"113":{"start":{"line":200,"column":28},"end":{"line":200,"column":47}},"114":{"start":{"line":201,"column":28},"end":{"line":201,"column":66}},"115":{"start":{"line":202,"column":28},"end":{"line":202,"column":54}},"116":{"start":{"line":203,"column":28},"end":{"line":203,"column":78}},"117":{"start":{"line":203,"column":44},"end":{"line":203,"column":78}},"118":{"start":{"line":206,"column":24},"end":{"line":206,"column":29}},"119":{"start":{"line":209,"column":24},"end":{"line":209,"column":43}},"120":{"start":{"line":210,"column":24},"end":{"line":210,"column":62}},"121":{"start":{"line":211,"column":24},"end":{"line":211,"column":42}},"122":{"start":{"line":212,"column":24},"end":{"line":212,"column":50}},"123":{"start":{"line":213,"column":24},"end":{"line":213,"column":29}},"124":{"start":{"line":216,"column":24},"end":{"line":219,"column":25}},"125":{"start":{"line":217,"column":28},"end":{"line":217,"column":120}},"126":{"start":{"line":217,"column":44},"end":{"line":217,"column":120}},"127":{"start":{"line":218,"column":28},"end":{"line":218,"column":33}},"128":{"start":{"line":220,"column":24},"end":{"line":220,"column":43}},"129":{"start":{"line":221,"column":24},"end":{"line":221,"column":62}},"130":{"start":{"line":222,"column":24},"end":{"line":222,"column":50}},"131":{"start":{"line":223,"column":24},"end":{"line":223,"column":29}},"132":{"start":{"line":226,"column":24},"end":{"line":226,"column":60}},"133":{"start":{"line":226,"column":54},"end":{"line":226,"column":60}},"134":{"start":{"line":228,"column":24},"end":{"line":228,"column":43}},"135":{"start":{"line":229,"column":24},"end":{"line":229,"column":62}},"136":{"start":{"line":230,"column":24},"end":{"line":230,"column":50}},"137":{"start":{"line":231,"column":24},"end":{"line":231,"column":42}},"138":{"start":{"line":232,"column":24},"end":{"line":232,"column":29}},"139":{"start":{"line":235,"column":24},"end":{"line":235,"column":112}},"140":{"start":{"line":235,"column":40},"end":{"line":235,"column":112}},"141":{"start":{"line":248,"column":30},"end":{"line":248,"column":50}},"142":{"start":{"line":249,"column":22},"end":{"line":249,"column":44}},"143":{"start":{"line":250,"column":12},"end":{"line":250,"column":37}},"144":{"start":{"line":254,"column":32},"end":{"line":254,"column":114}},"145":{"start":{"line":254,"column":70},"end":{"line":254,"column":95}},"146":{"start":{"line":254,"column":106},"end":{"line":254,"column":112}},"147":{"start":{"line":255,"column":12},"end":{"line":255,"column":50}},"148":{"start":{"line":256,"column":12},"end":{"line":256,"column":30}},"149":{"start":{"line":266,"column":12},"end":{"line":266,"column":48}},"150":{"start":{"line":270,"column":12},"end":{"line":270,"column":114}},"151":{"start":{"line":278,"column":12},"end":{"line":284,"column":13}},"152":{"start":{"line":279,"column":16},"end":{"line":282,"column":18}},"153":{"start":{"line":280,"column":20},"end":{"line":280,"column":78}},"154":{"start":{"line":280,"column":36},"end":{"line":280,"column":78}},"155":{"start":{"line":281,"column":20},"end":{"line":281,"column":59}},"156":{"start":{"line":283,"column":16},"end":{"line":283,"column":37}},"157":{"start":{"line":292,"column":12},"end":{"line":297,"column":13}},"158":{"start":{"line":294,"column":16},"end":{"line":296,"column":18}},"159":{"start":{"line":295,"column":20},"end":{"line":295,"column":86}},"160":{"start":{"line":295,"column":36},"end":{"line":295,"column":86}}},"fnMap":{"0":{"name":"(anonymous_0)","decl":{"start":{"line":9,"column":17},"end":{"line":9,"column":18}},"loc":{"start":{"line":9,"column":33},"end":{"line":300,"column":1}},"line":9},"1":{"name":"(anonymous_1)","decl":{"start":{"line":19,"column":8},"end":{"line":19,"column":9}},"loc":{"start":{"line":19,"column":38},"end":{"line":40,"column":9}},"line":19},"2":{"name":"(anonymous_2)","decl":{"start":{"line":45,"column":8},"end":{"line":45,"column":9}},"loc":{"start":{"line":45,"column":17},"end":{"line":49,"column":9}},"line":45},"3":{"name":"(anonymous_3)","decl":{"start":{"line":51,"column":8},"end":{"line":51,"column":9}},"loc":{"start":{"line":51,"column":18},"end":{"line":73,"column":9}},"line":51},"4":{"name":"(anonymous_4)","decl":{"start":{"line":75,"column":8},"end":{"line":75,"column":9}},"loc":{"start":{"line":75,"column":17},"end":{"line":77,"column":9}},"line":75},"5":{"name":"(anonymous_5)","decl":{"start":{"line":79,"column":8},"end":{"line":79,"column":9}},"loc":{"start":{"line":79,"column":23},"end":{"line":81,"column":9}},"line":79},"6":{"name":"(anonymous_6)","decl":{"start":{"line":83,"column":8},"end":{"line":83,"column":9}},"loc":{"start":{"line":83,"column":24},"end":{"line":95,"column":9}},"line":83},"7":{"name":"(anonymous_7)","decl":{"start":{"line":97,"column":8},"end":{"line":97,"column":9}},"loc":{"start":{"line":97,"column":20},"end":{"line":113,"column":9}},"line":97},"8":{"name":"(anonymous_8)","decl":{"start":{"line":115,"column":8},"end":{"line":115,"column":9}},"loc":{"start":{"line":115,"column":19},"end":{"line":117,"column":9}},"line":115},"9":{"name":"(anonymous_9)","decl":{"start":{"line":119,"column":8},"end":{"line":119,"column":9}},"loc":{"start":{"line":119,"column":20},"end":{"line":132,"column":9}},"line":119},"10":{"name":"(anonymous_10)","decl":{"start":{"line":134,"column":8},"end":{"line":134,"column":9}},"loc":{"start":{"line":134,"column":19},"end":{"line":136,"column":9}},"line":134},"11":{"name":"(anonymous_11)","decl":{"start":{"line":143,"column":8},"end":{"line":143,"column":9}},"loc":{"start":{"line":143,"column":31},"end":{"line":151,"column":9}},"line":143},"12":{"name":"(anonymous_12)","decl":{"start":{"line":162,"column":8},"end":{"line":162,"column":9}},"loc":{"start":{"line":162,"column":21},"end":{"line":164,"column":9}},"line":162},"13":{"name":"(anonymous_13)","decl":{"start":{"line":166,"column":8},"end":{"line":166,"column":9}},"loc":{"start":{"line":166,"column":22},"end":{"line":238,"column":9}},"line":166},"14":{"name":"(anonymous_14)","decl":{"start":{"line":168,"column":13},"end":{"line":168,"column":14}},"loc":{"start":{"line":168,"column":23},"end":{"line":237,"column":13}},"line":168},"15":{"name":"(anonymous_15)","decl":{"start":{"line":246,"column":8},"end":{"line":246,"column":9}},"loc":{"start":{"line":246,"column":30},"end":{"line":251,"column":9}},"line":246},"16":{"name":"(anonymous_16)","decl":{"start":{"line":253,"column":8},"end":{"line":253,"column":9}},"loc":{"start":{"line":253,"column":29},"end":{"line":257,"column":9}},"line":253},"17":{"name":"(anonymous_17)","decl":{"start":{"line":254,"column":60},"end":{"line":254,"column":61}},"loc":{"start":{"line":254,"column":70},"end":{"line":254,"column":95}},"line":254},"18":{"name":"(anonymous_18)","decl":{"start":{"line":254,"column":101},"end":{"line":254,"column":102}},"loc":{"start":{"line":254,"column":106},"end":{"line":254,"column":112}},"line":254},"19":{"name":"(anonymous_19)","decl":{"start":{"line":265,"column":8},"end":{"line":265,"column":9}},"loc":{"start":{"line":265,"column":29},"end":{"line":267,"column":9}},"line":265},"20":{"name":"(anonymous_20)","decl":{"start":{"line":269,"column":8},"end":{"line":269,"column":9}},"loc":{"start":{"line":269,"column":14},"end":{"line":271,"column":9}},"line":269},"21":{"name":"(anonymous_21)","decl":{"start":{"line":277,"column":8},"end":{"line":277,"column":9}},"loc":{"start":{"line":277,"column":27},"end":{"line":285,"column":9}},"line":277},"22":{"name":"(anonymous_22)","decl":{"start":{"line":279,"column":27},"end":{"line":279,"column":28}},"loc":{"start":{"line":279,"column":33},"end":{"line":282,"column":17}},"line":279},"23":{"name":"(anonymous_23)","decl":{"start":{"line":291,"column":8},"end":{"line":291,"column":9}},"loc":{"start":{"line":291,"column":29},"end":{"line":298,"column":9}},"line":291},"24":{"name":"(anonymous_24)","decl":{"start":{"line":294,"column":27},"end":{"line":294,"column":28}},"loc":{"start":{"line":294,"column":33},"end":{"line":296,"column":17}},"line":294}},"branchMap":{"0":{"loc":{"start":{"line":19,"column":20},"end":{"line":19,"column":29}},"type":"default-arg","locations":[{"start":{"line":19,"column":27},"end":{"line":19,"column":29}}],"line":19},"1":{"loc":{"start":{"line":20,"column":25},"end":{"line":20,"column":39}},"type":"binary-expr","locations":[{"start":{"line":20,"column":25},"end":{"line":20,"column":30}},{"start":{"line":20,"column":34},"end":{"line":20,"column":39}}],"line":20},"2":{"loc":{"start":{"line":21,"column":12},"end":{"line":21,"column":74}},"type":"if","locations":[{"start":{"line":21,"column":12},"end":{"line":21,"column":74}},{"start":{"line":21,"column":12},"end":{"line":21,"column":74}}],"line":21},"3":{"loc":{"start":{"line":21,"column":16},"end":{"line":21,"column":44}},"type":"binary-expr","locations":[{"start":{"line":21,"column":16},"end":{"line":21,"column":33}},{"start":{"line":21,"column":37},"end":{"line":21,"column":44}}],"line":21},"4":{"loc":{"start":{"line":22,"column":12},"end":{"line":22,"column":88}},"type":"if","locations":[{"start":{"line":22,"column":12},"end":{"line":22,"column":88}},{"start":{"line":22,"column":12},"end":{"line":22,"column":88}}],"line":22},"5":{"loc":{"start":{"line":22,"column":16},"end":{"line":22,"column":50}},"type":"binary-expr","locations":[{"start":{"line":22,"column":16},"end":{"line":22,"column":26}},{"start":{"line":22,"column":30},"end":{"line":22,"column":50}}],"line":22},"6":{"loc":{"start":{"line":38,"column":12},"end":{"line":38,"column":63}},"type":"if","locations":[{"start":{"line":38,"column":12},"end":{"line":38,"column":63}},{"start":{"line":38,"column":12},"end":{"line":38,"column":63}}],"line":38},"7":{"loc":{"start":{"line":39,"column":12},"end":{"line":39,"column":60}},"type":"if","locations":[{"start":{"line":39,"column":12},"end":{"line":39,"column":60}},{"start":{"line":39,"column":12},"end":{"line":39,"column":60}}],"line":39},"8":{"loc":{"start":{"line":46,"column":12},"end":{"line":46,"column":47}},"type":"if","locations":[{"start":{"line":46,"column":12},"end":{"line":46,"column":47}},{"start":{"line":46,"column":12},"end":{"line":46,"column":47}}],"line":46},"9":{"loc":{"start":{"line":52,"column":12},"end":{"line":55,"column":13}},"type":"if","locations":[{"start":{"line":52,"column":12},"end":{"line":55,"column":13}},{"start":{"line":52,"column":12},"end":{"line":55,"column":13}}],"line":52},"10":{"loc":{"start":{"line":53,"column":16},"end":{"line":53,"column":81}},"type":"if","locations":[{"start":{"line":53,"column":16},"end":{"line":53,"column":81}},{"start":{"line":53,"column":16},"end":{"line":53,"column":81}}],"line":53},"11":{"loc":{"start":{"line":56,"column":12},"end":{"line":56,"column":44}},"type":"if","locations":[{"start":{"line":56,"column":12},"end":{"line":56,"column":44}},{"start":{"line":56,"column":12},"end":{"line":56,"column":44}}],"line":56},"12":{"loc":{"start":{"line":57,"column":12},"end":{"line":57,"column":74}},"type":"if","locations":[{"start":{"line":57,"column":12},"end":{"line":57,"column":74}},{"start":{"line":57,"column":12},"end":{"line":57,"column":74}}],"line":57},"13":{"loc":{"start":{"line":58,"column":12},"end":{"line":58,"column":88}},"type":"if","locations":[{"start":{"line":58,"column":12},"end":{"line":58,"column":88}},{"start":{"line":58,"column":12},"end":{"line":58,"column":88}}],"line":58},"14":{"loc":{"start":{"line":59,"column":12},"end":{"line":59,"column":89}},"type":"if","locations":[{"start":{"line":59,"column":12},"end":{"line":59,"column":89}},{"start":{"line":59,"column":12},"end":{"line":59,"column":89}}],"line":59},"15":{"loc":{"start":{"line":64,"column":12},"end":{"line":64,"column":79}},"type":"if","locations":[{"start":{"line":64,"column":12},"end":{"line":64,"column":79}},{"start":{"line":64,"column":12},"end":{"line":64,"column":79}}],"line":64},"16":{"loc":{"start":{"line":68,"column":12},"end":{"line":70,"column":13}},"type":"if","locations":[{"start":{"line":68,"column":12},"end":{"line":70,"column":13}},{"start":{"line":68,"column":12},"end":{"line":70,"column":13}}],"line":68},"17":{"loc":{"start":{"line":84,"column":12},"end":{"line":87,"column":13}},"type":"if","locations":[{"start":{"line":84,"column":12},"end":{"line":87,"column":13}},{"start":{"line":84,"column":12},"end":{"line":87,"column":13}}],"line":84},"18":{"loc":{"start":{"line":85,"column":16},"end":{"line":85,"column":92}},"type":"if","locations":[{"start":{"line":85,"column":16},"end":{"line":85,"column":92}},{"start":{"line":85,"column":16},"end":{"line":85,"column":92}}],"line":85},"19":{"loc":{"start":{"line":88,"column":12},"end":{"line":88,"column":26}},"type":"if","locations":[{"start":{"line":88,"column":12},"end":{"line":88,"column":26}},{"start":{"line":88,"column":12},"end":{"line":88,"column":26}}],"line":88},"20":{"loc":{"start":{"line":89,"column":12},"end":{"line":92,"column":13}},"type":"if","locations":[{"start":{"line":89,"column":12},"end":{"line":92,"column":13}},{"start":{"line":89,"column":12},"end":{"line":92,"column":13}}],"line":89},"21":{"loc":{"start":{"line":90,"column":16},"end":{"line":90,"column":68}},"type":"if","locations":[{"start":{"line":90,"column":16},"end":{"line":90,"column":68}},{"start":{"line":90,"column":16},"end":{"line":90,"column":68}}],"line":90},"22":{"loc":{"start":{"line":98,"column":12},"end":{"line":101,"column":13}},"type":"if","locations":[{"start":{"line":98,"column":12},"end":{"line":101,"column":13}},{"start":{"line":98,"column":12},"end":{"line":101,"column":13}}],"line":98},"23":{"loc":{"start":{"line":99,"column":16},"end":{"line":9
[...]
ne":171,"column":119}},{"start":{"line":171,"column":20},"end":{"line":171,"column":119}}],"line":171},"35":{"loc":{"start":{"line":171,"column":24},"end":{"line":171,"column":105}},"type":"binary-expr","locations":[{"start":{"line":171,"column":24},"end":{"line":171,"column":61}},{"start":{"line":171,"column":65},"end":{"line":171,"column":105}}],"line":171},"36":{"loc":{"start":{"line":176,"column":16},"end":{"line":179,"column":17}},"type":"if","locations":[{"start":{"line":176,"column":16},"end":{"line":179,"column":17}},{"start":{"line":176,"column":16},"end":{"line":179,"column":17}}],"line":176},"37":{"loc":{"start":{"line":176,"column":20},"end":{"line":176,"column":74}},"type":"binary-expr","locations":[{"start":{"line":176,"column":20},"end":{"line":176,"column":47}},{"start":{"line":176,"column":51},"end":{"line":176,"column":74}}],"line":176},"38":{"loc":{"start":{"line":177,"column":20},"end":{"line":177,"column":83}},"type":"if","locations":[{"start":{"line":177,"column":20},"end":{"line":177,"column":83}},{"start":{"line":177,"column":20},"end":{"line":177,"column":83}}],"line":177},"39":{"loc":{"start":{"line":181,"column":16},"end":{"line":236,"column":17}},"type":"switch","locations":[{"start":{"line":182,"column":20},"end":{"line":191,"column":29}},{"start":{"line":193,"column":20},"end":{"line":206,"column":29}},{"start":{"line":208,"column":20},"end":{"line":213,"column":29}},{"start":{"line":215,"column":20},"end":{"line":223,"column":29}},{"start":{"line":225,"column":20},"end":{"line":232,"column":29}},{"start":{"line":234,"column":20},"end":{"line":235,"column":112}}],"line":181},"40":{"loc":{"start":{"line":183,"column":24},"end":{"line":186,"column":25}},"type":"if","locations":[{"start":{"line":183,"column":24},"end":{"line":186,"column":25}},{"start":{"line":183,"column":24},"end":{"line":186,"column":25}}],"line":183},"41":{"loc":{"start":{"line":184,"column":28},"end":{"line":184,"column":102}},"type":"if","locations":[{"start":{"line":184,"column":28},"end":{"line":184,"column":102}},{"start":{"line":184,"column":28},"end":{"line":184,"column":102}}],"line":184},"42":{"loc":{"start":{"line":194,"column":24},"end":{"line":197,"column":25}},"type":"if","locations":[{"start":{"line":194,"column":24},"end":{"line":197,"column":25}},{"start":{"line":194,"column":24},"end":{"line":197,"column":25}}],"line":194},"43":{"loc":{"start":{"line":195,"column":28},"end":{"line":195,"column":119}},"type":"if","locations":[{"start":{"line":195,"column":28},"end":{"line":195,"column":119}},{"start":{"line":195,"column":28},"end":{"line":195,"column":119}}],"line":195},"44":{"loc":{"start":{"line":199,"column":24},"end":{"line":204,"column":25}},"type":"if","locations":[{"start":{"line":199,"column":24},"end":{"line":204,"column":25}},{"start":{"line":199,"column":24},"end":{"line":204,"column":25}}],"line":199},"45":{"loc":{"start":{"line":203,"column":28},"end":{"line":203,"column":78}},"type":"if","locations":[{"start":{"line":203,"column":28},"end":{"line":203,"column":78}},{"start":{"line":203,"column":28},"end":{"line":203,"column":78}}],"line":203},"46":{"loc":{"start":{"line":216,"column":24},"end":{"line":219,"column":25}},"type":"if","locations":[{"start":{"line":216,"column":24},"end":{"line":219,"column":25}},{"start":{"line":216,"column":24},"end":{"line":219,"column":25}}],"line":216},"47":{"loc":{"start":{"line":217,"column":28},"end":{"line":217,"column":120}},"type":"if","locations":[{"start":{"line":217,"column":28},"end":{"line":217,"column":120}},{"start":{"line":217,"column":28},"end":{"line":217,"column":120}}],"line":217},"48":{"loc":{"start":{"line":226,"column":24},"end":{"line":226,"column":60}},"type":"if","locations":[{"start":{"line":226,"column":24},"end":{"line":226,"column":60}},{"start":{"line":226,"column":24},"end":{"line":226,"column":60}}],"line":226},"49":{"loc":{"start":{"line":235,"column":24},"end":{"line":235,"column":112}},"type":"if","locations":[{"start":{"line":235,"column":24},"end":{"line":235,"column":112}},{"start":{"line":235,"column":24},"end":{"line":235,"column":112}}],"line":235},"50":{"loc":{"start":{"line":278,"column":12},"end":{"line":284,"column":13}},"type":"if","locations":[{"start":{"line":278,"column":12},"end":{"line":284,"column":13}},{"start":{"line":278,"column":12},"end":{"line":284,"column":13}}],"line":278},"51":{"loc":{"start":{"line":278,"column":16},"end":{"line":278,"column":110}},"type":"binary-expr","locations":[{"start":{"line":278,"column":17},"end":{"line":278,"column":38}},{"start":{"line":278,"column":42},"end":{"line":278,"column":60}},{"start":{"line":278,"column":65},"end":{"line":278,"column":87}},{"start":{"line":278,"column":91},"end":{"line":278,"column":110}}],"line":278},"52":{"loc":{"start":{"line":280,"column":20},"end":{"line":280,"column":78}},"type":"if","locations":[{"start":{"line":280,"column":20},"end":{"line":280,"column":78}},{"start":{"line":280,"column":20},"end":{"line":280,"column":78}}],"line":280},"53":{"loc":{"start":{"line":292,"column":12},"end":{"line":297,"column":13}},"type":"if","locations":[{"start":{"line":292,"column":12},"end":{"line":297,"column":13}},{"start":{"line":292,"column":12},"end":{"line":297,"column":13}}],"line":292},"54":{"loc":{"start":{"line":295,"column":20},"end":{"line":295,"column":86}},"type":"if","locations":[{"start":{"line":295,"column":20},"end":{"line":295,"column":86}},{"start":{"line":295,"column":20},"end":{"line":295,"column":86}}],"line":295}},"s":{"0":1,"1":1,"2":1,"3":5,"4":5,"5":5,"6":5,"7":5,"8":0,"9":5,"10":5,"11":5,"12":5,"13":5,"14":5,"15":5,"16":5,"17":5,"18":5,"19":5,"20":5,"21":5,"22":5,"23":1,"24":9,"25":4,"26":5,"27":5,"28":9,"29":4,"30":0,"31":4,"32":5,"33":0,"34":5,"35":0,"36":5,"37":0,"38":5,"39":0,"40":5,"41":5,"42":5,"43":0,"44":5,"45":5,"46":0,"47":5,"48":19,"49":8,"50":2,"51":1,"52":0,"53":1,"54":1,"55":0,"56":1,"57":0,"58":0,"59":0,"60":1,"61":7,"62":2,"63":0,"64":2,"65":5,"66":0,"67":5,"68":0,"69":0,"70":0,"71":5,"72":0,"73":5,"74":0,"75":5,"76":11,"77":12,"78":12,"79":2,"80":0,"81":2,"82":10,"83":10,"84":5,"85":10,"86":18,"87":51,"88":67,"89":25,"90":25,"91":25,"92":0,"93":0,"94":25,"95":6,"96":0,"97":6,"98":19,"99":7,"100":2,"101":0,"102":2,"103":5,"104":5,"105":5,"106":5,"107":5,"108":5,"109":0,"110":0,"111":0,"112":5,"113":5,"114":5,"115":5,"116":5,"117":0,"118":5,"119":4,"120":4,"121":4,"122":4,"123":4,"124":2,"125":2,"126":0,"127":2,"128":0,"129":0,"130":0,"131":0,"132":1,"133":0,"134":1,"135":1,"136":1,"137":1,"138":1,"139":0,"140":0,"141":15,"142":15,"143":15,"144":1,"145":2,"146":3,"147":1,"148":1,"149":1,"150":5,"151":5,"152":5,"153":5,"154":4,"155":5,"156":5,"157":5,"158":5,"159":5,"160":4},"f":{"0":5,"1":5,"2":9,"3":9,"4":19,"5":8,"6":2,"7":7,"8":11,"9":12,"10":18,"11":51,"12":67,"13":25,"14":25,"15":15,"16":1,"17":2,"18":3,"19":1,"20":5,"21":5,"22":5,"23":5,"24":5},"b":{"0":[0],"1":[5,5],"2":[5,0],"3":[5,5],"4":[0,5],"5":[5,5],"6":[5,0],"7":[1,4],"8":[4,5],"9":[4,5],"10":[0,4],"11":[0,5],"12":[0,5],"13":[0,5],"14":[0,5],"15":[0,5],"16":[0,5],"17":[1,1],"18":[0,1],"19":[0,1],"20":[0,1],"21":[0,0],"22":[2,5],"23":[0,2],"24":[0,5],"25":[0,5],"26":[0,0],"27":[0,5],"28":[0,5],"29":[12,12],"30":[2,10],"31":[0,2],"32":[5,5],"33":[10,10,5],"34":[0,25],"35":[25,11],"36":[6,19],"37":[25,25],"38":[0,6],"39":[7,5,4,2,1,0],"40":[2,5],"41":[0,2],"42":[0,5],"43":[0,0],"44":[5,0],"45":[0,5],"46":[2,0],"47":[0,2],"48":[0,1],"49":[0,0],"50":[5,0],"51":[5,1,5,5],"52":[4,1],"53":[5,0],"54":[4,1]},"_coverageSchema":"1a1c01bbd47fc00a2c39e90264f33305004495a9","hash":"82775b0f936a066830b71d604b2f43e6fb1265b1","contentHash":"6b6b051fac1691e7c529017ea28b4e2e9c566bbdd6b5ad255c2a441f51fb4fa6"},"X:\\workflow\\open-projects\\Pocket\\libs\\dispatcher.js":{"path":"X:\\workflow\\open-projects\\Pocket\\libs\\dispatcher.js","statementMap":{"0":{"start":{"line":5,"column":0},"end":{"line":104,"column":1}},"1":{"start":{"line":6,"column":4},"end":{"line":103,"column":18}},"2":{"start":{"line":7,"column":23},"end":{"line":7,"column":37}},"3":{"start":{"line":8,"column":8},"end":{"line":8,"column":65}},"4":{"start":{"line":9,"column":8},"end":{"line":9,"column":26}},"5":{"start":{"line":10,"column":8},"end":{"line":10,"column":25}},"6":{"start":{"line":11,"column":8},"end":{"line":11,"column":34}},"7":{"start":{"line":13,"column":8},"end":{"line":16,"column":9}},"8":{"start":{"line":14,"column":12},"end":{"line":14,"column":27}},"9":{"start":{"line":15,"column":12},"end":{"line":15,"column":23}},"10":{"start":{"line":22,"column":8},"end":{"line":28,"column":9}},"11":{"start":{"line":23,"column":12},"end":{"line":26,"column":13}},"12":{"start":{"line":23,"column":49},"end":{"line":23,"column":91}},"13":{"start":{"line":25,"column":16},"end":{"line":25,"column":106}},"14":{"start":{"line":25,"column":32},"end":{"line":25,"column":106}},"15":{"start":{"line":27,"column":12},"end":{"line":27,"column":23}},"16":{"start":{"line":35,"column":8},"end":{"line":71,"column":9}},"17":{"start":{"line":36,"column":12},"end":{"line":36,"column":60}},"18":{"start":{"line":36,"column":49},"end":{"line":36,"column":60}},"19":{"start":{"line":37,"column":25},"end":{"line":37,"column":29}},"20":{"start":{"line":38,"column":22},"end":{"line":67,"column":13}},"21":{"start":{"line":39,"column":16},"end":{"line":39,"column":35}},"22":{"start":{"line":40,"column":16},"end":{"line":40,"column":32}},"23":{"start":{"line":42,"column":16},"end":{"line":66,"column":17}},"24":{"start":{"line":43,"column":20},"end":{"line":43,"column":68}},"25":{"start":{"line":43,"column":52},"end":{"line":43,"column":68}},"26":{"start":{"line":48,"column":20},"end":{"line":57,"column":21}},"27":{"start":{"line":49,"column":24},"end":{"line":54,"column":25}},"28":{"start":{"line":52,"column":28},"end":{"line":52,"column":89}},"29":{"start":{"line":52,"column":57},"end":{"line":52,"column":89}},"30":{"start":{"line":53,"column":28},"end":{"line":53,"column":71}},"31":{"start":{"line":53,"column":43},"end":{"line":53,"column":71}},"32":{"start":{"line":56,"column":24},"end":{"line":56,"column":30}},"33":{"start":{"line":59,"column":20},"end":{"line":65,"column":21}},"34":{"start":{"line":60,"column":24},"end":{"line":62,"column":25}},"35":{"start":{"line":61,"column":28},"end":{"line":61,"column":71}},"36":{"start":{"line":64,"column":24},"end":{"line":64,"column":81}},"37":{"start":{"line":64,"column":40},"end":{"line":64,"column":81}},"38":{"start":{"line":69,"column":12},"end":{"line":69,"column":91}},"39":{"start":{"line":69,"column":50},"end":{"line":69,"column":91}},"40":{"start":{"line":70,"column":12},"end":{"line":70,"column":23}},"41":{"start":{"line":73,"column":8},"end":{"line":81,"column":9}},"42":{"start":{"line":74,"column":12},"end":{"line":74,"column":41}},"43":{"start":{"line":75,"column":12},"end":{"line":75,"column":50}},"44":{"start":{"line":77,"column":12},"end":{"line":79,"column":13}},"45":{"start":{"line":80,"column":12},"end":{"line":80,"column":23}},"46":{"start":{"line":89,"column":8},"end":{"line":102,"column":9}},"47":{"start":{"line":90,"column":25},"end":{"line":90,"column":49}},"48":{"start":{"line":91,"column":12},"end":{"line":94,"column":13}},"49":{"start":{"line":92,"column":16},"end":{"line":92,"column":83}},"50":{"start":{"line":92,"column":32},"end":{"line":92,"column":83}},"51":{"start":{"line":93,"column":16},"end":{"line":93,"column":27}},"52":{"start":{"line":95,"column":12},"end":{"line":99,"column":13}},"53":{"start":{"line":98,"column":16},"end":{"line":98,"column":31}},"54":{"start":{"line":100,"column":12},"end":{"line":100,"column":105}},"55":{"start":{"line":100,"column":49},"end":{"line":100,"column":105}},"56":{"start":{"line":101,"column":12},"end":{"line":101,"column":23}}},"fnMap":{"0":{"name":"(anonymous_0)","decl":{"start":{"line":5,"column":17},"end":{"line":5,"column":18}},"loc":{"start":{"line":5,"column":46},"end":{"line":104,"column":1}},"line":5},"1":{"name":"(anonymous_1)","decl":{"start":{"line":6,"column":16},"end":{"line":6,"column":17}},"loc":{"start":{"line":6,"column":28},"end":{"line":103,"column":5}},"line":6},"2":{"name":"(anonymous_2)","decl":{"start":{"line":13,"column":28},"end":{"line":13,"column":29}},"loc":{"start":{"line":13,"column":34},"end":{"line":16,"column":9}},"line":13},"3":{"name":"(anonymous_3)","decl":{"start":{"line":22,"column":20},"end":{"line":22,"column":21}},"loc":{"start":{"line":22,"column":37},"end":{"line":28,"column":9}},"line":22},"4":{"name":"(anonymous_4)","decl":{"start":{"line":35,"column":24},"end":{"line":35,"column":25}},"loc":{"start":{"line":35,"column":30},"end":{"line":71,"column":9}},"line":35},"5":{"name":"(anonymous_5)","decl":{"start":{"line":38,"column":22},"end":{"line":38,"column":23}},"loc":{"start":{"line":38,"column":34},"end":{"line":67,"column":13}},"line":38},"6":{"name":"(anonymous_6)","decl":{"start":{"line":42,"column":28},"end":{"line":42,"column":29}},"loc":{"start":{"line":42,"column":38},"end":{"line":66,"column":17}},"line":42},"7":{"name":"(anonymous_7)","decl":{"start":{"line":73,"column":19},"end":{"line":73,"column":20}},"loc":{"start":{"line":73,"column":25},"end":{"line":81,"column":9}},"line":73},"8":{"name":"(anonymous_8)","decl":{"start":{"line":89,"column":25},"end":{"line":89,"column":26}},"loc":{"start":{"line":89,"column":33},"end":{"line":102,"column":9}},"line":89}},"branchMap":{"0":{"loc":{"start":{"line":5,"column":32},"end":{"line":5,"column":44}},"type":"default-arg","locations":[{"start":{"line":5,"column":40},"end":{"line":5,"column":44}}],"line":5},"1":{"loc":{"start":{"line":8,"column":19},"end":{"line":8,"column":65}},"type":"binary-expr","locations":[{"start":{"line":8,"column":19},"end":{"line":8,"column":41}},{"start":{"line":8,"column":45},"end":{"line":8,"column":65}}],"line":8},"2":{"loc":{"start":{"line":8,"column":20},"end":{"line":8,"column":29}},"type":"binary-expr","locations":[{"start":{"line":8,"column":20},"end":{"line":8,"column":23}},{"start":{"line":8,"column":27},"end":{"line":8,"column":29}}],"line":8},"3":{"loc":{"start":{"line":22,"column":21},"end":{"line":22,"column":32}},"type":"default-arg","locations":[{"start":{"line":22,"column":28},"end":{"line":22,"column":32}}],"line":22},"4":{"loc":{"start":{"line":23,"column":12},"end":{"line":26,"column":13}},"type":"if","locations":[{"start":{"line":23,"column":12},"end":{"line":26,"column":13}},{"start":{"line":23,"column":12},"end":{"line":26,"column":13}}],"line":23},"5":{"loc":{"start":{"line":25,"column":16},"end":{"line":25,"column":106}},"type":"if","locations":[{"start":{"line":25,"column":16},"end":{"line":25,"column":106}},{"start":{"line":25,"column":16},"end":{"line":25,"column":106}}],"line":25},"6":{"loc":{"start":{"line":36,"column":12},"end":{"line":36,"column":60}},"type":"if","locations":[{"start":{"line":36,"column":12},"end":{"line":36,"column":60}},{"start":{"line":36,"column":12},"end":{"line":36,"column":60}}],"line":36},"7":{"loc":{"start":{"line":43,"column":20},"end":{"line":43,"column":68}},"type":"if","locations":[{"start":{"line":43,"column":20},"end":{"line":43,"column":68}},{"start":{"line":43,"column":20},"end":{"line":43,"column":68}}],"line":43},"8":{"loc":{"start":{"line":43,"column":25},"end":{"line":43,"column":35}},"type":"binary-expr","locations":[{"start":{"line":43,"column":25},"end":{"line":43,"column":29}},{"start":{"line":43,"column":33},"end":{"line":43,"column":35}}],"line":43},"9":{"loc":{"start":{"line":48,"column":20},"end":{"line":57,"column":21}},"type":"if","locations":[{"start":{"line":48,"column":20},"end":{"line":57,"column":21}},{"start":{"line":48,"column":20},"end":{"line":57,"column":21}}],"line":48},"10":{"loc":{"start":{"line":48,"column":25},"end":{"line":48,"column":35}},"type":"binary-expr","locations":[{"start":{"line":48,"column":25},"end":{"line":48,"column":29}},{"start":{"line":48,"column":33},"end":{"line":48,"column":35}}],"line":48},"11":{"loc":{"start":{"line":49,"column":24},"end":{"line":54,"column":25}},"type":"if","locations":[{"start":{"line":49,"column":24},"end":{"line":54,"column":25}},{"start":{"line":49,"column":24},"end":{"line":54,"column":25}}],"line":49},"12":{"loc":{"start":{"line":52,"column":28},"end":{"line":52,"column":89}},"type":"if","locations":[{"start":{"line":52,"column":28},"end":{"line":52,"column":89}},{"start":{"line":52,"column":28},"end":{"line":52,"column":89}}],"line":52},"13":{"loc":{"start":{"line":53,"column":28},"end":{"line":53,"column":71}},"type":"if","locations":[{"start":{"line":53,"column":28},"end":{"line":53,"column":71}},{"start":{"line":53,"column":28},"end":{"line":53,"column":71}}],"line":53},"14":{"loc":{"start":{"line":59,"column":20},"end":{"line":65,"column":21}},"type":"if","locations":[{"start":{"line":59,"column":20},"end":{"line":65,"column":21}},{"start":{"line":59,"column":20},"end":{"line":65,"column":21}}],"line":59},"15":{"loc":{"start":{"line":60,"column":24},"end":{"line":62,"column":25}},"type":"if","locations":[{"start":{"line":60,"column":24},"end":{"line":62,"column":25}},{"start":{"line":60,"column":24},"end":{"line":62,"column":25}}],"line":60},"16":{"loc":{"start":{"line":64,"column":24},"end":{"line":64,"column":81}},"type":"if","locations":[{"start":{"line":64,"column":24},"end":{"line":64,"column":81}},{"start":{"line":64,"column":24},"end":{"line":64,"column":81}}],"line":64},"17":{"loc":{"start":{"line":69,"column":12},"end":{"line":69,"column":91}},"type":"if","locations":[{"start":{"line":69,"column":12},"end":{"line":69,"column":91}},{"start":{"line":69,"column":12},"end":{"line":69,"column":91}}],"line":69},"18":{"loc":{"start":{"line":77,"column":12},"end":{"line":79,"column":13}},"type":"if","locations":[{"start":{"line":77,"column":12},"end":{"line":79,"column":13}},{"start":{"line":77,"column":12},"end":{"line":79,"column":13}}],"line":77},"19":{"loc":{"start":{"line":77,"column":16},"end":{"line":77,"column":75}},"type":"binary-expr","locations":[{"start":{"line":77,"column":16},"end":{"line":77,"column":39}},{"start":{"line":77,"column":43},"end":{"line":77,"column":75}}],"line":77},"20":{"loc":{"start":{"line":91,"column":12},"end":{"line":94,"column":13}},"type":"if","locations":[{"start":{"line":91,"column":12},"end":{"line":94,"column":13}},{"start":{"line":91,"column":12},"end":{"line":94,"column":13}}],"line":91},"21":{"loc":{"start":{"line":92,"column":16},"end":{"line":92,"column":83}},"type":"if","locations":[{"start":{"line":92,"column":16},"end":{"line":92,"column":83}},{"start":{"line":92,"column":16},"end":{"line":92,"column":83}}],"line":92},"22":{"loc":{"start":{"line":95,"column":12},"end":{"line":99,"column":13}},"type":"if","locations":[{"start":{"line":95,"column":12},"end":{"line":99,"column":13}},{"start":{"line":95,"column":12},"end":{"line":99,"column":13}}],"line":95},"23":{"loc":{"start":{"line":100,"column":12},"end":{"line":100,"column":105}},"type":"if","locations":[{"start":{"line":100,"column":12},"end":{"line":100,"column":105}},{"start":{"line":100,"column":12},"end":{"line":100,"column":105}}],"line":100}},"s":{"0":1,"1":1,"2":1,"3":1,"4":1,"5":1,"6":1,"7":1,"8":5,"9":5,"10":1,"11":4,"12":4,"13":0,"14":0,"15":4,"16":1,"17":5,"18":4,"19":1,"20":1,"21":1,"22":1,"23":1,"24":5,"25":4,"26":5,"27":1,"28":1,"29":1,"30":1,"31":0,"32":1,"33":4,"34":4,"35":4,"36":0,"37":0,"38":1,"39":1,"40":1,"41":1,"42":0,"43":0,"44":0,"45":0,"46":1,"47":1,"48":1,"49":0,"50":0,"51":0,"52":1,"53":0,"54":1,"55":1,"56":1},"f":{"0":1,"1":1,"2":5,"3":4,"4":5,"5":1,"6":5,"7":0,"8":1},"b":{"0":[1],"1":[1,1],"2":[1,1],"3":[0],"4":[4,0],"5":[0,0],"6":[4,1],"7":[4,1],"8":[5,0],"9":[1,4],"10":[5,0],"11":[1,0],"12":[1,0],"13":[0,1],"14":[4,0],"15":[4,0],"16":[0,0],"17":[1,0],"18":[0,0],"19":[0,0],"20":[0,1],"21":[0,0],"22":[0,1],"23":[1,0]},"_coverageSchema":"1a1c01bbd47fc00a2c39e90264f33305004495a9","hash":"823449fe7fc0647dc6f9625bc446839f8ed7237f","contentHash":"7d65989a8501feedcb0852d49be955d1c7eeac40f86695cfd246bdeee60a8714"}}